ARM GAS  C:\Users\Ryan\AppData\Local\Temp\ccsBkiie.s 			page 1


   1              		.cpu cortex-m0
   2              		.fpu softvfp
   3              		.eabi_attribute 20, 1
   4              		.eabi_attribute 21, 1
   5              		.eabi_attribute 23, 3
   6              		.eabi_attribute 24, 1
   7              		.eabi_attribute 25, 1
   8              		.eabi_attribute 26, 1
   9              		.eabi_attribute 30, 6
  10              		.eabi_attribute 34, 0
  11              		.eabi_attribute 18, 4
  12              		.code	16
  13              		.file	"piezoelectric.c"
  14              		.text
  15              	.Ltext0:
  16              		.cfi_sections	.debug_frame
  17              		.global	volume
  18              		.data
  19              		.type	volume, %object
  20              		.size	volume, 1
  21              	volume:
  22 0000 01       		.byte	1
  23              		.global	__aeabi_idiv
  24              		.section	.text.piezo_tone,"ax",%progbits
  25              		.align	2
  26              		.global	piezo_tone
  27              		.code	16
  28              		.thumb_func
  29              		.type	piezo_tone, %function
  30              	piezo_tone:
  31              	.LFB0:
  32              		.file 1 ".\\piezoelectric.c"
   1:.\piezoelectric.c **** /* ========================================
   2:.\piezoelectric.c ****  *
   3:.\piezoelectric.c ****  * Copyright YOUR COMPANY, THE YEAR
   4:.\piezoelectric.c ****  * All Rights Reserved
   5:.\piezoelectric.c ****  * UNPUBLISHED, LICENSED SOFTWARE.
   6:.\piezoelectric.c ****  *
   7:.\piezoelectric.c ****  * CONFIDENTIAL AND PROPRIETARY INFORMATION
   8:.\piezoelectric.c ****  * WHICH IS THE PROPERTY OF your company.
   9:.\piezoelectric.c ****  *
  10:.\piezoelectric.c ****  * ========================================
  11:.\piezoelectric.c **** */
  12:.\piezoelectric.c **** 
  13:.\piezoelectric.c **** #include "cytypes.h"
  14:.\piezoelectric.c **** #include "tones.h"
  15:.\piezoelectric.c **** #include "PWM_1.h"
  16:.\piezoelectric.c **** #include "piezoelectric.h"
  17:.\piezoelectric.c **** 
  18:.\piezoelectric.c **** uint8 volume = 1;
  19:.\piezoelectric.c **** 
  20:.\piezoelectric.c **** 
  21:.\piezoelectric.c **** void piezo_tone(uint16 frequency) 
  22:.\piezoelectric.c **** {
  33              		.loc 1 22 0
  34              		.cfi_startproc
  35 0000 80B5     		push	{r7, lr}
ARM GAS  C:\Users\Ryan\AppData\Local\Temp\ccsBkiie.s 			page 2


  36              	.LCFI0:
  37              		.cfi_def_cfa_offset 8
  38              		.cfi_offset 7, -8
  39              		.cfi_offset 14, -4
  40 0002 84B0     		sub	sp, sp, #16
  41              	.LCFI1:
  42              		.cfi_def_cfa_offset 24
  43 0004 00AF     		add	r7, sp, #0
  44              	.LCFI2:
  45              		.cfi_def_cfa_register 7
  46 0006 021C     		mov	r2, r0
  47 0008 BB1D     		add	r3, r7, #6
  48 000a 1A80     		strh	r2, [r3]
  23:.\piezoelectric.c ****     // duty cycle ticks is a percentage of frequency based on volume
  24:.\piezoelectric.c ****     uint16 duty_cycle_ticks = frequency * volume / 100;
  49              		.loc 1 24 0
  50 000c BB1D     		add	r3, r7, #6
  51 000e 1B88     		ldrh	r3, [r3]
  52 0010 134A     		ldr	r2, .L3
  53 0012 1278     		ldrb	r2, [r2]
  54 0014 5343     		mul	r3, r2
  55 0016 181C     		mov	r0, r3
  56 0018 6421     		mov	r1, #100
  57 001a FFF7FEFF 		bl	__aeabi_idiv
  58 001e 031C     		mov	r3, r0
  59 0020 1A1C     		mov	r2, r3
  60 0022 3B1C     		mov	r3, r7
  61 0024 0E33     		add	r3, r3, #14
  62 0026 1A80     		strh	r2, [r3]
  25:.\piezoelectric.c ****     
  26:.\piezoelectric.c ****     // maximum duty cycle ticks must be at least 1 lower than frequency
  27:.\piezoelectric.c ****     // to produce a vibration
  28:.\piezoelectric.c ****     if (duty_cycle_ticks == frequency) {
  63              		.loc 1 28 0
  64 0028 3A1C     		mov	r2, r7
  65 002a 0E32     		add	r2, r2, #14
  66 002c BB1D     		add	r3, r7, #6
  67 002e 1288     		ldrh	r2, [r2]
  68 0030 1B88     		ldrh	r3, [r3]
  69 0032 9A42     		cmp	r2, r3
  70 0034 06D1     		bne	.L2
  29:.\piezoelectric.c ****         duty_cycle_ticks--;
  71              		.loc 1 29 0
  72 0036 3B1C     		mov	r3, r7
  73 0038 0E33     		add	r3, r3, #14
  74 003a 3A1C     		mov	r2, r7
  75 003c 0E32     		add	r2, r2, #14
  76 003e 1288     		ldrh	r2, [r2]
  77 0040 013A     		sub	r2, r2, #1
  78 0042 1A80     		strh	r2, [r3]
  79              	.L2:
  30:.\piezoelectric.c ****     }
  31:.\piezoelectric.c ****     
  32:.\piezoelectric.c ****     // Set period to frequency value
  33:.\piezoelectric.c ****     PWM_1_WritePeriod(frequency);
  80              		.loc 1 33 0
  81 0044 BB1D     		add	r3, r7, #6
ARM GAS  C:\Users\Ryan\AppData\Local\Temp\ccsBkiie.s 			page 3


  82 0046 1B88     		ldrh	r3, [r3]
  83 0048 181C     		mov	r0, r3
  84 004a FFF7FEFF 		bl	PWM_1_WritePeriod
  34:.\piezoelectric.c ****     
  35:.\piezoelectric.c ****     // Set compare to toggle on duty cycle ticks
  36:.\piezoelectric.c ****     PWM_1_WriteCompare(duty_cycle_ticks);
  85              		.loc 1 36 0
  86 004e 3B1C     		mov	r3, r7
  87 0050 0E33     		add	r3, r3, #14
  88 0052 1B88     		ldrh	r3, [r3]
  89 0054 181C     		mov	r0, r3
  90 0056 FFF7FEFF 		bl	PWM_1_WriteCompare
  37:.\piezoelectric.c **** }
  91              		.loc 1 37 0
  92 005a BD46     		mov	sp, r7
  93 005c 04B0     		add	sp, sp, #16
  94              		@ sp needed for prologue
  95 005e 80BD     		pop	{r7, pc}
  96              	.L4:
  97              		.align	2
  98              	.L3:
  99 0060 00000000 		.word	volume
 100              		.cfi_endproc
 101              	.LFE0:
 102              		.size	piezo_tone, .-piezo_tone
 103              		.section	.text.piezo_volume,"ax",%progbits
 104              		.align	2
 105              		.global	piezo_volume
 106              		.code	16
 107              		.thumb_func
 108              		.type	piezo_volume, %function
 109              	piezo_volume:
 110              	.LFB1:
  38:.\piezoelectric.c **** 
  39:.\piezoelectric.c **** void piezo_volume(uint8 value)
  40:.\piezoelectric.c **** {
 111              		.loc 1 40 0
 112              		.cfi_startproc
 113 0000 80B5     		push	{r7, lr}
 114              	.LCFI3:
 115              		.cfi_def_cfa_offset 8
 116              		.cfi_offset 7, -8
 117              		.cfi_offset 14, -4
 118 0002 82B0     		sub	sp, sp, #8
 119              	.LCFI4:
 120              		.cfi_def_cfa_offset 16
 121 0004 00AF     		add	r7, sp, #0
 122              	.LCFI5:
 123              		.cfi_def_cfa_register 7
 124 0006 021C     		mov	r2, r0
 125 0008 FB1D     		add	r3, r7, #7
 126 000a 1A70     		strb	r2, [r3]
  41:.\piezoelectric.c ****     volume = value;
 127              		.loc 1 41 0
 128 000c 034B     		ldr	r3, .L6
 129 000e FA1D     		add	r2, r7, #7
 130 0010 1278     		ldrb	r2, [r2]
ARM GAS  C:\Users\Ryan\AppData\Local\Temp\ccsBkiie.s 			page 4


 131 0012 1A70     		strb	r2, [r3]
  42:.\piezoelectric.c **** }
 132              		.loc 1 42 0
 133 0014 BD46     		mov	sp, r7
 134 0016 02B0     		add	sp, sp, #8
 135              		@ sp needed for prologue
 136 0018 80BD     		pop	{r7, pc}
 137              	.L7:
 138 001a C046     		.align	2
 139              	.L6:
 140 001c 00000000 		.word	volume
 141              		.cfi_endproc
 142              	.LFE1:
 143              		.size	piezo_volume, .-piezo_volume
 144              		.text
 145              	.Letext0:
 146              		.file 2 "./Generated_Source/PSoC4/cytypes.h"
 147              		.section	.debug_info,"",%progbits
 148              	.Ldebug_info0:
 149 0000 09010000 		.4byte	0x109
 150 0004 0200     		.2byte	0x2
 151 0006 00000000 		.4byte	.Ldebug_abbrev0
 152 000a 04       		.byte	0x4
 153 000b 01       		.uleb128 0x1
 154 000c 17010000 		.4byte	.LASF18
 155 0010 01       		.byte	0x1
 156 0011 60010000 		.4byte	.LASF19
 157 0015 BE000000 		.4byte	.LASF20
 158 0019 00000000 		.4byte	.Ldebug_ranges0+0
 159 001d 00000000 		.4byte	0
 160 0021 00000000 		.4byte	0
 161 0025 00000000 		.4byte	.Ldebug_line0
 162 0029 02       		.uleb128 0x2
 163 002a 01       		.byte	0x1
 164 002b 06       		.byte	0x6
 165 002c 7B010000 		.4byte	.LASF0
 166 0030 02       		.uleb128 0x2
 167 0031 01       		.byte	0x1
 168 0032 08       		.byte	0x8
 169 0033 31000000 		.4byte	.LASF1
 170 0037 02       		.uleb128 0x2
 171 0038 02       		.byte	0x2
 172 0039 05       		.byte	0x5
 173 003a 07010000 		.4byte	.LASF2
 174 003e 02       		.uleb128 0x2
 175 003f 02       		.byte	0x2
 176 0040 07       		.byte	0x7
 177 0041 51000000 		.4byte	.LASF3
 178 0045 02       		.uleb128 0x2
 179 0046 04       		.byte	0x4
 180 0047 05       		.byte	0x5
 181 0048 72010000 		.4byte	.LASF4
 182 004c 02       		.uleb128 0x2
 183 004d 04       		.byte	0x4
 184 004e 07       		.byte	0x7
 185 004f 3F000000 		.4byte	.LASF5
 186 0053 02       		.uleb128 0x2
ARM GAS  C:\Users\Ryan\AppData\Local\Temp\ccsBkiie.s 			page 5


 187 0054 08       		.byte	0x8
 188 0055 05       		.byte	0x5
 189 0056 AB000000 		.4byte	.LASF6
 190 005a 02       		.uleb128 0x2
 191 005b 08       		.byte	0x8
 192 005c 07       		.byte	0x7
 193 005d 8A000000 		.4byte	.LASF7
 194 0061 03       		.uleb128 0x3
 195 0062 04       		.byte	0x4
 196 0063 05       		.byte	0x5
 197 0064 696E7400 		.ascii	"int\000"
 198 0068 02       		.uleb128 0x2
 199 0069 04       		.byte	0x4
 200 006a 07       		.byte	0x7
 201 006b 7D000000 		.4byte	.LASF8
 202 006f 04       		.uleb128 0x4
 203 0070 11010000 		.4byte	.LASF9
 204 0074 02       		.byte	0x2
 205 0075 5B       		.byte	0x5b
 206 0076 30000000 		.4byte	0x30
 207 007a 04       		.uleb128 0x4
 208 007b 76000000 		.4byte	.LASF10
 209 007f 02       		.byte	0x2
 210 0080 5C       		.byte	0x5c
 211 0081 3E000000 		.4byte	0x3e
 212 0085 02       		.uleb128 0x2
 213 0086 04       		.byte	0x4
 214 0087 04       		.byte	0x4
 215 0088 17000000 		.4byte	.LASF11
 216 008c 02       		.uleb128 0x2
 217 008d 08       		.byte	0x8
 218 008e 04       		.byte	0x4
 219 008f 6F000000 		.4byte	.LASF12
 220 0093 02       		.uleb128 0x2
 221 0094 01       		.byte	0x1
 222 0095 08       		.byte	0x8
 223 0096 B9000000 		.4byte	.LASF13
 224 009a 05       		.uleb128 0x5
 225 009b 01       		.byte	0x1
 226 009c 64000000 		.4byte	.LASF14
 227 00a0 01       		.byte	0x1
 228 00a1 15       		.byte	0x15
 229 00a2 01       		.byte	0x1
 230 00a3 00000000 		.4byte	.LFB0
 231 00a7 64000000 		.4byte	.LFE0
 232 00ab 00000000 		.4byte	.LLST0
 233 00af 01       		.byte	0x1
 234 00b0 D1000000 		.4byte	0xd1
 235 00b4 06       		.uleb128 0x6
 236 00b5 A1000000 		.4byte	.LASF16
 237 00b9 01       		.byte	0x1
 238 00ba 15       		.byte	0x15
 239 00bb 7A000000 		.4byte	0x7a
 240 00bf 02       		.byte	0x2
 241 00c0 91       		.byte	0x91
 242 00c1 6E       		.sleb128 -18
 243 00c2 07       		.uleb128 0x7
ARM GAS  C:\Users\Ryan\AppData\Local\Temp\ccsBkiie.s 			page 6


 244 00c3 06000000 		.4byte	.LASF21
 245 00c7 01       		.byte	0x1
 246 00c8 18       		.byte	0x18
 247 00c9 7A000000 		.4byte	0x7a
 248 00cd 02       		.byte	0x2
 249 00ce 91       		.byte	0x91
 250 00cf 76       		.sleb128 -10
 251 00d0 00       		.byte	0
 252 00d1 08       		.uleb128 0x8
 253 00d2 01       		.byte	0x1
 254 00d3 24000000 		.4byte	.LASF15
 255 00d7 01       		.byte	0x1
 256 00d8 27       		.byte	0x27
 257 00d9 01       		.byte	0x1
 258 00da 00000000 		.4byte	.LFB1
 259 00de 20000000 		.4byte	.LFE1
 260 00e2 38000000 		.4byte	.LLST1
 261 00e6 01       		.byte	0x1
 262 00e7 FA000000 		.4byte	0xfa
 263 00eb 06       		.uleb128 0x6
 264 00ec 00000000 		.4byte	.LASF17
 265 00f0 01       		.byte	0x1
 266 00f1 27       		.byte	0x27
 267 00f2 6F000000 		.4byte	0x6f
 268 00f6 02       		.byte	0x2
 269 00f7 91       		.byte	0x91
 270 00f8 77       		.sleb128 -9
 271 00f9 00       		.byte	0
 272 00fa 09       		.uleb128 0x9
 273 00fb 1D000000 		.4byte	.LASF22
 274 00ff 01       		.byte	0x1
 275 0100 12       		.byte	0x12
 276 0101 6F000000 		.4byte	0x6f
 277 0105 01       		.byte	0x1
 278 0106 05       		.byte	0x5
 279 0107 03       		.byte	0x3
 280 0108 00000000 		.4byte	volume
 281 010c 00       		.byte	0
 282              		.section	.debug_abbrev,"",%progbits
 283              	.Ldebug_abbrev0:
 284 0000 01       		.uleb128 0x1
 285 0001 11       		.uleb128 0x11
 286 0002 01       		.byte	0x1
 287 0003 25       		.uleb128 0x25
 288 0004 0E       		.uleb128 0xe
 289 0005 13       		.uleb128 0x13
 290 0006 0B       		.uleb128 0xb
 291 0007 03       		.uleb128 0x3
 292 0008 0E       		.uleb128 0xe
 293 0009 1B       		.uleb128 0x1b
 294 000a 0E       		.uleb128 0xe
 295 000b 55       		.uleb128 0x55
 296 000c 06       		.uleb128 0x6
 297 000d 11       		.uleb128 0x11
 298 000e 01       		.uleb128 0x1
 299 000f 52       		.uleb128 0x52
 300 0010 01       		.uleb128 0x1
ARM GAS  C:\Users\Ryan\AppData\Local\Temp\ccsBkiie.s 			page 7


 301 0011 10       		.uleb128 0x10
 302 0012 06       		.uleb128 0x6
 303 0013 00       		.byte	0
 304 0014 00       		.byte	0
 305 0015 02       		.uleb128 0x2
 306 0016 24       		.uleb128 0x24
 307 0017 00       		.byte	0
 308 0018 0B       		.uleb128 0xb
 309 0019 0B       		.uleb128 0xb
 310 001a 3E       		.uleb128 0x3e
 311 001b 0B       		.uleb128 0xb
 312 001c 03       		.uleb128 0x3
 313 001d 0E       		.uleb128 0xe
 314 001e 00       		.byte	0
 315 001f 00       		.byte	0
 316 0020 03       		.uleb128 0x3
 317 0021 24       		.uleb128 0x24
 318 0022 00       		.byte	0
 319 0023 0B       		.uleb128 0xb
 320 0024 0B       		.uleb128 0xb
 321 0025 3E       		.uleb128 0x3e
 322 0026 0B       		.uleb128 0xb
 323 0027 03       		.uleb128 0x3
 324 0028 08       		.uleb128 0x8
 325 0029 00       		.byte	0
 326 002a 00       		.byte	0
 327 002b 04       		.uleb128 0x4
 328 002c 16       		.uleb128 0x16
 329 002d 00       		.byte	0
 330 002e 03       		.uleb128 0x3
 331 002f 0E       		.uleb128 0xe
 332 0030 3A       		.uleb128 0x3a
 333 0031 0B       		.uleb128 0xb
 334 0032 3B       		.uleb128 0x3b
 335 0033 0B       		.uleb128 0xb
 336 0034 49       		.uleb128 0x49
 337 0035 13       		.uleb128 0x13
 338 0036 00       		.byte	0
 339 0037 00       		.byte	0
 340 0038 05       		.uleb128 0x5
 341 0039 2E       		.uleb128 0x2e
 342 003a 01       		.byte	0x1
 343 003b 3F       		.uleb128 0x3f
 344 003c 0C       		.uleb128 0xc
 345 003d 03       		.uleb128 0x3
 346 003e 0E       		.uleb128 0xe
 347 003f 3A       		.uleb128 0x3a
 348 0040 0B       		.uleb128 0xb
 349 0041 3B       		.uleb128 0x3b
 350 0042 0B       		.uleb128 0xb
 351 0043 27       		.uleb128 0x27
 352 0044 0C       		.uleb128 0xc
 353 0045 11       		.uleb128 0x11
 354 0046 01       		.uleb128 0x1
 355 0047 12       		.uleb128 0x12
 356 0048 01       		.uleb128 0x1
 357 0049 40       		.uleb128 0x40
ARM GAS  C:\Users\Ryan\AppData\Local\Temp\ccsBkiie.s 			page 8


 358 004a 06       		.uleb128 0x6
 359 004b 9642     		.uleb128 0x2116
 360 004d 0C       		.uleb128 0xc
 361 004e 01       		.uleb128 0x1
 362 004f 13       		.uleb128 0x13
 363 0050 00       		.byte	0
 364 0051 00       		.byte	0
 365 0052 06       		.uleb128 0x6
 366 0053 05       		.uleb128 0x5
 367 0054 00       		.byte	0
 368 0055 03       		.uleb128 0x3
 369 0056 0E       		.uleb128 0xe
 370 0057 3A       		.uleb128 0x3a
 371 0058 0B       		.uleb128 0xb
 372 0059 3B       		.uleb128 0x3b
 373 005a 0B       		.uleb128 0xb
 374 005b 49       		.uleb128 0x49
 375 005c 13       		.uleb128 0x13
 376 005d 02       		.uleb128 0x2
 377 005e 0A       		.uleb128 0xa
 378 005f 00       		.byte	0
 379 0060 00       		.byte	0
 380 0061 07       		.uleb128 0x7
 381 0062 34       		.uleb128 0x34
 382 0063 00       		.byte	0
 383 0064 03       		.uleb128 0x3
 384 0065 0E       		.uleb128 0xe
 385 0066 3A       		.uleb128 0x3a
 386 0067 0B       		.uleb128 0xb
 387 0068 3B       		.uleb128 0x3b
 388 0069 0B       		.uleb128 0xb
 389 006a 49       		.uleb128 0x49
 390 006b 13       		.uleb128 0x13
 391 006c 02       		.uleb128 0x2
 392 006d 0A       		.uleb128 0xa
 393 006e 00       		.byte	0
 394 006f 00       		.byte	0
 395 0070 08       		.uleb128 0x8
 396 0071 2E       		.uleb128 0x2e
 397 0072 01       		.byte	0x1
 398 0073 3F       		.uleb128 0x3f
 399 0074 0C       		.uleb128 0xc
 400 0075 03       		.uleb128 0x3
 401 0076 0E       		.uleb128 0xe
 402 0077 3A       		.uleb128 0x3a
 403 0078 0B       		.uleb128 0xb
 404 0079 3B       		.uleb128 0x3b
 405 007a 0B       		.uleb128 0xb
 406 007b 27       		.uleb128 0x27
 407 007c 0C       		.uleb128 0xc
 408 007d 11       		.uleb128 0x11
 409 007e 01       		.uleb128 0x1
 410 007f 12       		.uleb128 0x12
 411 0080 01       		.uleb128 0x1
 412 0081 40       		.uleb128 0x40
 413 0082 06       		.uleb128 0x6
 414 0083 9742     		.uleb128 0x2117
ARM GAS  C:\Users\Ryan\AppData\Local\Temp\ccsBkiie.s 			page 9


 415 0085 0C       		.uleb128 0xc
 416 0086 01       		.uleb128 0x1
 417 0087 13       		.uleb128 0x13
 418 0088 00       		.byte	0
 419 0089 00       		.byte	0
 420 008a 09       		.uleb128 0x9
 421 008b 34       		.uleb128 0x34
 422 008c 00       		.byte	0
 423 008d 03       		.uleb128 0x3
 424 008e 0E       		.uleb128 0xe
 425 008f 3A       		.uleb128 0x3a
 426 0090 0B       		.uleb128 0xb
 427 0091 3B       		.uleb128 0x3b
 428 0092 0B       		.uleb128 0xb
 429 0093 49       		.uleb128 0x49
 430 0094 13       		.uleb128 0x13
 431 0095 3F       		.uleb128 0x3f
 432 0096 0C       		.uleb128 0xc
 433 0097 02       		.uleb128 0x2
 434 0098 0A       		.uleb128 0xa
 435 0099 00       		.byte	0
 436 009a 00       		.byte	0
 437 009b 00       		.byte	0
 438              		.section	.debug_loc,"",%progbits
 439              	.Ldebug_loc0:
 440              	.LLST0:
 441 0000 00000000 		.4byte	.LFB0
 442 0004 02000000 		.4byte	.LCFI0
 443 0008 0200     		.2byte	0x2
 444 000a 7D       		.byte	0x7d
 445 000b 00       		.sleb128 0
 446 000c 02000000 		.4byte	.LCFI0
 447 0010 04000000 		.4byte	.LCFI1
 448 0014 0200     		.2byte	0x2
 449 0016 7D       		.byte	0x7d
 450 0017 08       		.sleb128 8
 451 0018 04000000 		.4byte	.LCFI1
 452 001c 06000000 		.4byte	.LCFI2
 453 0020 0200     		.2byte	0x2
 454 0022 7D       		.byte	0x7d
 455 0023 18       		.sleb128 24
 456 0024 06000000 		.4byte	.LCFI2
 457 0028 64000000 		.4byte	.LFE0
 458 002c 0200     		.2byte	0x2
 459 002e 77       		.byte	0x77
 460 002f 18       		.sleb128 24
 461 0030 00000000 		.4byte	0
 462 0034 00000000 		.4byte	0
 463              	.LLST1:
 464 0038 00000000 		.4byte	.LFB1
 465 003c 02000000 		.4byte	.LCFI3
 466 0040 0200     		.2byte	0x2
 467 0042 7D       		.byte	0x7d
 468 0043 00       		.sleb128 0
 469 0044 02000000 		.4byte	.LCFI3
 470 0048 04000000 		.4byte	.LCFI4
 471 004c 0200     		.2byte	0x2
ARM GAS  C:\Users\Ryan\AppData\Local\Temp\ccsBkiie.s 			page 10


 472 004e 7D       		.byte	0x7d
 473 004f 08       		.sleb128 8
 474 0050 04000000 		.4byte	.LCFI4
 475 0054 06000000 		.4byte	.LCFI5
 476 0058 0200     		.2byte	0x2
 477 005a 7D       		.byte	0x7d
 478 005b 10       		.sleb128 16
 479 005c 06000000 		.4byte	.LCFI5
 480 0060 20000000 		.4byte	.LFE1
 481 0064 0200     		.2byte	0x2
 482 0066 77       		.byte	0x77
 483 0067 10       		.sleb128 16
 484 0068 00000000 		.4byte	0
 485 006c 00000000 		.4byte	0
 486              		.section	.debug_aranges,"",%progbits
 487 0000 24000000 		.4byte	0x24
 488 0004 0200     		.2byte	0x2
 489 0006 00000000 		.4byte	.Ldebug_info0
 490 000a 04       		.byte	0x4
 491 000b 00       		.byte	0
 492 000c 0000     		.2byte	0
 493 000e 0000     		.2byte	0
 494 0010 00000000 		.4byte	.LFB0
 495 0014 64000000 		.4byte	.LFE0-.LFB0
 496 0018 00000000 		.4byte	.LFB1
 497 001c 20000000 		.4byte	.LFE1-.LFB1
 498 0020 00000000 		.4byte	0
 499 0024 00000000 		.4byte	0
 500              		.section	.debug_ranges,"",%progbits
 501              	.Ldebug_ranges0:
 502 0000 00000000 		.4byte	.LFB0
 503 0004 64000000 		.4byte	.LFE0
 504 0008 00000000 		.4byte	.LFB1
 505 000c 20000000 		.4byte	.LFE1
 506 0010 00000000 		.4byte	0
 507 0014 00000000 		.4byte	0
 508              		.section	.debug_line,"",%progbits
 509              	.Ldebug_line0:
 510 0000 7A000000 		.section	.debug_str,"MS",%progbits,1
 510      02004E00 
 510      00000201 
 510      FB0E0D00 
 510      01010101 
 511              	.LASF17:
 512 0000 76616C75 		.ascii	"value\000"
 512      6500
 513              	.LASF21:
 514 0006 64757479 		.ascii	"duty_cycle_ticks\000"
 514      5F637963 
 514      6C655F74 
 514      69636B73 
 514      00
 515              	.LASF11:
 516 0017 666C6F61 		.ascii	"float\000"
 516      7400
 517              	.LASF22:
 518 001d 766F6C75 		.ascii	"volume\000"
ARM GAS  C:\Users\Ryan\AppData\Local\Temp\ccsBkiie.s 			page 11


 518      6D6500
 519              	.LASF15:
 520 0024 7069657A 		.ascii	"piezo_volume\000"
 520      6F5F766F 
 520      6C756D65 
 520      00
 521              	.LASF1:
 522 0031 756E7369 		.ascii	"unsigned char\000"
 522      676E6564 
 522      20636861 
 522      7200
 523              	.LASF5:
 524 003f 6C6F6E67 		.ascii	"long unsigned int\000"
 524      20756E73 
 524      69676E65 
 524      6420696E 
 524      7400
 525              	.LASF3:
 526 0051 73686F72 		.ascii	"short unsigned int\000"
 526      7420756E 
 526      7369676E 
 526      65642069 
 526      6E7400
 527              	.LASF14:
 528 0064 7069657A 		.ascii	"piezo_tone\000"
 528      6F5F746F 
 528      6E6500
 529              	.LASF12:
 530 006f 646F7562 		.ascii	"double\000"
 530      6C6500
 531              	.LASF10:
 532 0076 75696E74 		.ascii	"uint16\000"
 532      313600
 533              	.LASF8:
 534 007d 756E7369 		.ascii	"unsigned int\000"
 534      676E6564 
 534      20696E74 
 534      00
 535              	.LASF7:
 536 008a 6C6F6E67 		.ascii	"long long unsigned int\000"
 536      206C6F6E 
 536      6720756E 
 536      7369676E 
 536      65642069 
 537              	.LASF16:
 538 00a1 66726571 		.ascii	"frequency\000"
 538      75656E63 
 538      7900
 539              	.LASF6:
 540 00ab 6C6F6E67 		.ascii	"long long int\000"
 540      206C6F6E 
 540      6720696E 
 540      7400
 541              	.LASF13:
 542 00b9 63686172 		.ascii	"char\000"
 542      00
 543              	.LASF20:
ARM GAS  C:\Users\Ryan\AppData\Local\Temp\ccsBkiie.s 			page 12


 544 00be 443A5C55 		.ascii	"D:\\Users\\Ryan\\Documents\\PSoC Creator\\piezo-sen"
 544      73657273 
 544      5C527961 
 544      6E5C446F 
 544      63756D65 
 545 00ec 736F725C 		.ascii	"sor\\My First Project.cydsn\000"
 545      4D792046 
 545      69727374 
 545      2050726F 
 545      6A656374 
 546              	.LASF2:
 547 0107 73686F72 		.ascii	"short int\000"
 547      7420696E 
 547      7400
 548              	.LASF9:
 549 0111 75696E74 		.ascii	"uint8\000"
 549      3800
 550              	.LASF18:
 551 0117 474E5520 		.ascii	"GNU C 4.7.3 20130312 (release) [ARM/embedded-4_7-br"
 551      4320342E 
 551      372E3320 
 551      32303133 
 551      30333132 
 552 014a 616E6368 		.ascii	"anch revision 196615]\000"
 552      20726576 
 552      6973696F 
 552      6E203139 
 552      36363135 
 553              	.LASF19:
 554 0160 2E5C7069 		.ascii	".\\piezoelectric.c\000"
 554      657A6F65 
 554      6C656374 
 554      7269632E 
 554      6300
 555              	.LASF4:
 556 0172 6C6F6E67 		.ascii	"long int\000"
 556      20696E74 
 556      00
 557              	.LASF0:
 558 017b 7369676E 		.ascii	"signed char\000"
 558      65642063 
 558      68617200 
 559              		.ident	"GCC: (GNU Tools for ARM Embedded Processors) 4.7.3 20130312 (release) [ARM/embedded-4_7-br
