ARM GAS  C:\Users\TINYWI~1\AppData\Local\Temp\cctafYJa.s 			page 1


   1              		.cpu cortex-m0
   2              		.fpu softvfp
   3              		.eabi_attribute 20, 1
   4              		.eabi_attribute 21, 1
   5              		.eabi_attribute 23, 3
   6              		.eabi_attribute 24, 1
   7              		.eabi_attribute 25, 1
   8              		.eabi_attribute 26, 1
   9              		.eabi_attribute 30, 6
  10              		.eabi_attribute 34, 0
  11              		.eabi_attribute 18, 4
  12              		.code	16
  13              		.file	"CapSense_INT.c"
  14              		.text
  15              	.Ltext0:
  16              		.cfi_sections	.debug_frame
  17              		.section	.text.CapSense_ISR,"ax",%progbits
  18              		.align	2
  19              		.global	CapSense_ISR
  20              		.code	16
  21              		.thumb_func
  22              		.type	CapSense_ISR, %function
  23              	CapSense_ISR:
  24              	.LFB33:
  25              		.file 1 ".\\Generated_Source\\PSoC4\\CapSense_INT.c"
   1:.\Generated_Source\PSoC4/CapSense_INT.c **** /*******************************************************************************
   2:.\Generated_Source\PSoC4/CapSense_INT.c **** * File Name: CapSense_INT.c
   3:.\Generated_Source\PSoC4/CapSense_INT.c **** * Version 2.20
   4:.\Generated_Source\PSoC4/CapSense_INT.c **** *
   5:.\Generated_Source\PSoC4/CapSense_INT.c **** * Description:
   6:.\Generated_Source\PSoC4/CapSense_INT.c **** *  This file provides the source code of the  Interrupt Service Routine (ISR)
   7:.\Generated_Source\PSoC4/CapSense_INT.c **** *  for the CapSense CSD component.
   8:.\Generated_Source\PSoC4/CapSense_INT.c **** *
   9:.\Generated_Source\PSoC4/CapSense_INT.c **** * Note:
  10:.\Generated_Source\PSoC4/CapSense_INT.c **** *
  11:.\Generated_Source\PSoC4/CapSense_INT.c **** ********************************************************************************
  12:.\Generated_Source\PSoC4/CapSense_INT.c **** * Copyright 2014, Cypress Semiconductor Corporation.  All rights reserved.
  13:.\Generated_Source\PSoC4/CapSense_INT.c **** * You may use this file only in accordance with the license, terms, conditions,
  14:.\Generated_Source\PSoC4/CapSense_INT.c **** * disclaimers, and limitations in the end user license agreement accompanying
  15:.\Generated_Source\PSoC4/CapSense_INT.c **** * the software package with which this file was provided.
  16:.\Generated_Source\PSoC4/CapSense_INT.c **** *******************************************************************************/
  17:.\Generated_Source\PSoC4/CapSense_INT.c **** 
  18:.\Generated_Source\PSoC4/CapSense_INT.c **** #include "CapSense.h"
  19:.\Generated_Source\PSoC4/CapSense_INT.c **** #include "CapSense_PVT.h"
  20:.\Generated_Source\PSoC4/CapSense_INT.c **** 
  21:.\Generated_Source\PSoC4/CapSense_INT.c **** /*******************************************************************************
  22:.\Generated_Source\PSoC4/CapSense_INT.c **** *  Place your includes, defines and code here 
  23:.\Generated_Source\PSoC4/CapSense_INT.c **** ********************************************************************************/
  24:.\Generated_Source\PSoC4/CapSense_INT.c **** /* `#START CapSense_ISR_INTC` */
  25:.\Generated_Source\PSoC4/CapSense_INT.c **** 
  26:.\Generated_Source\PSoC4/CapSense_INT.c **** /* `#END` */
  27:.\Generated_Source\PSoC4/CapSense_INT.c **** 
  28:.\Generated_Source\PSoC4/CapSense_INT.c **** 
  29:.\Generated_Source\PSoC4/CapSense_INT.c **** /*******************************************************************************
  30:.\Generated_Source\PSoC4/CapSense_INT.c **** * Function Name: CapSense_ISR
  31:.\Generated_Source\PSoC4/CapSense_INT.c **** ********************************************************************************
  32:.\Generated_Source\PSoC4/CapSense_INT.c **** *
ARM GAS  C:\Users\TINYWI~1\AppData\Local\Temp\cctafYJa.s 			page 2


  33:.\Generated_Source\PSoC4/CapSense_INT.c **** * Summary:
  34:.\Generated_Source\PSoC4/CapSense_INT.c **** *  This ISR is executed when the measure window is closed. The measure window 
  35:.\Generated_Source\PSoC4/CapSense_INT.c **** *  depends on the sensor scan resolution parameter. 
  36:.\Generated_Source\PSoC4/CapSense_INT.c **** *  The ISR has two modes: 
  37:.\Generated_Source\PSoC4/CapSense_INT.c **** *   1. Scans a single sensor and stores the measure result.
  38:.\Generated_Source\PSoC4/CapSense_INT.c **** *   2. Stores the result of the current measure and starts the next scan till all 
  39:.\Generated_Source\PSoC4/CapSense_INT.c **** *      the enabled sensors are scanned.
  40:.\Generated_Source\PSoC4/CapSense_INT.c **** *  This interrupt handler is only used in one channel designs.
  41:.\Generated_Source\PSoC4/CapSense_INT.c **** *
  42:.\Generated_Source\PSoC4/CapSense_INT.c **** * Parameters:
  43:.\Generated_Source\PSoC4/CapSense_INT.c **** *  None
  44:.\Generated_Source\PSoC4/CapSense_INT.c **** *
  45:.\Generated_Source\PSoC4/CapSense_INT.c **** * Return:
  46:.\Generated_Source\PSoC4/CapSense_INT.c **** *  None
  47:.\Generated_Source\PSoC4/CapSense_INT.c **** *
  48:.\Generated_Source\PSoC4/CapSense_INT.c **** * Global Variables:
  49:.\Generated_Source\PSoC4/CapSense_INT.c **** *  CapSense_csv - used to provide the status and mode of the scanning process.
  50:.\Generated_Source\PSoC4/CapSense_INT.c **** *   Mode - a single scan or scan of all the enabled sensors.
  51:.\Generated_Source\PSoC4/CapSense_INT.c **** *   Status - scan is in progress or ready for new scan.
  52:.\Generated_Source\PSoC4/CapSense_INT.c **** *  CapSense_sensorIndex - used to store a sensor scanning sensor number.
  53:.\Generated_Source\PSoC4/CapSense_INT.c **** *
  54:.\Generated_Source\PSoC4/CapSense_INT.c **** * Reentrant:
  55:.\Generated_Source\PSoC4/CapSense_INT.c **** *  No
  56:.\Generated_Source\PSoC4/CapSense_INT.c **** *
  57:.\Generated_Source\PSoC4/CapSense_INT.c **** *******************************************************************************/
  58:.\Generated_Source\PSoC4/CapSense_INT.c **** CY_ISR(CapSense_ISR)
  59:.\Generated_Source\PSoC4/CapSense_INT.c **** {
  26              		.loc 1 59 0
  27              		.cfi_startproc
  28 0000 80B5     		push	{r7, lr}
  29              		.cfi_def_cfa_offset 8
  30              		.cfi_offset 7, -8
  31              		.cfi_offset 14, -4
  32 0002 00AF     		add	r7, sp, #0
  33              		.cfi_def_cfa_register 7
  60:.\Generated_Source\PSoC4/CapSense_INT.c ****     static uint8 CapSense_snsIndexTmp;
  61:.\Generated_Source\PSoC4/CapSense_INT.c **** 	/*  Place your Interrupt code here. */
  62:.\Generated_Source\PSoC4/CapSense_INT.c ****     /* `#START CapSense_ISR_ENTER` */
  63:.\Generated_Source\PSoC4/CapSense_INT.c **** 
  64:.\Generated_Source\PSoC4/CapSense_INT.c ****     /* `#END` */
  65:.\Generated_Source\PSoC4/CapSense_INT.c **** 
  66:.\Generated_Source\PSoC4/CapSense_INT.c **** 	CyIntDisable(CapSense_ISR_NUMBER);
  34              		.loc 1 66 0
  35 0004 0F20     		mov	r0, #15
  36 0006 FFF7FEFF 		bl	CyIntDisable
  67:.\Generated_Source\PSoC4/CapSense_INT.c ****     
  68:.\Generated_Source\PSoC4/CapSense_INT.c ****     CapSense_CSD_INTR_REG = 1u;
  37              		.loc 1 68 0
  38 000a 2C4B     		ldr	r3, .L7
  39 000c 0122     		mov	r2, #1
  40 000e 1A60     		str	r2, [r3]
  69:.\Generated_Source\PSoC4/CapSense_INT.c **** 
  70:.\Generated_Source\PSoC4/CapSense_INT.c ****     CapSense_PostScan((uint32)CapSense_sensorIndex);
  41              		.loc 1 70 0
  42 0010 2B4B     		ldr	r3, .L7+4
  43 0012 1B78     		ldrb	r3, [r3]
  44 0014 DBB2     		uxtb	r3, r3
ARM GAS  C:\Users\TINYWI~1\AppData\Local\Temp\cctafYJa.s 			page 3


  45 0016 181C     		mov	r0, r3
  46 0018 FFF7FEFF 		bl	CapSense_PostScan
  71:.\Generated_Source\PSoC4/CapSense_INT.c ****             
  72:.\Generated_Source\PSoC4/CapSense_INT.c ****     if ((CapSense_csdStatusVar & CapSense_SW_CTRL_SINGLE_SCAN) != 0u)
  47              		.loc 1 72 0
  48 001c 294B     		ldr	r3, .L7+8
  49 001e 1B78     		ldrb	r3, [r3]
  50 0020 DBB2     		uxtb	r3, r3
  51 0022 DBB2     		uxtb	r3, r3
  52 0024 5BB2     		sxtb	r3, r3
  53 0026 002B     		cmp	r3, #0
  54 0028 08DA     		bge	.L2
  73:.\Generated_Source\PSoC4/CapSense_INT.c ****     {
  74:.\Generated_Source\PSoC4/CapSense_INT.c ****         CapSense_csdStatusVar &= (uint8)~CapSense_SW_STS_BUSY;
  55              		.loc 1 74 0
  56 002a 264B     		ldr	r3, .L7+8
  57 002c 1B78     		ldrb	r3, [r3]
  58 002e DBB2     		uxtb	r3, r3
  59 0030 0122     		mov	r2, #1
  60 0032 9343     		bic	r3, r2
  61 0034 DAB2     		uxtb	r2, r3
  62 0036 234B     		ldr	r3, .L7+8
  63 0038 1A70     		strb	r2, [r3]
  64 003a 3AE0     		b	.L3
  65              	.L2:
  75:.\Generated_Source\PSoC4/CapSense_INT.c ****     }
  76:.\Generated_Source\PSoC4/CapSense_INT.c ****     else
  77:.\Generated_Source\PSoC4/CapSense_INT.c ****     {
  78:.\Generated_Source\PSoC4/CapSense_INT.c ****         /* Proceed scanning */
  79:.\Generated_Source\PSoC4/CapSense_INT.c ****         CapSense_sensorIndex = CapSense_FindNextSensor(CapSense_sensorIndex);
  66              		.loc 1 79 0
  67 003c 204B     		ldr	r3, .L7+4
  68 003e 1B78     		ldrb	r3, [r3]
  69 0040 DBB2     		uxtb	r3, r3
  70 0042 181C     		mov	r0, r3
  71 0044 FFF7FEFF 		bl	CapSense_FindNextSensor
  72 0048 031C     		mov	r3, r0
  73 004a 1A1C     		mov	r2, r3
  74 004c 1C4B     		ldr	r3, .L7+4
  75 004e 1A70     		strb	r2, [r3]
  80:.\Generated_Source\PSoC4/CapSense_INT.c ****         
  81:.\Generated_Source\PSoC4/CapSense_INT.c ****         /* Check end of scan */
  82:.\Generated_Source\PSoC4/CapSense_INT.c ****         if(CapSense_sensorIndex < CapSense_TOTAL_SENSOR_COUNT)
  76              		.loc 1 82 0
  77 0050 1B4B     		ldr	r3, .L7+4
  78 0052 1B78     		ldrb	r3, [r3]
  79 0054 DBB2     		uxtb	r3, r3
  80 0056 042B     		cmp	r3, #4
  81 0058 06D8     		bhi	.L4
  83:.\Generated_Source\PSoC4/CapSense_INT.c ****         {
  84:.\Generated_Source\PSoC4/CapSense_INT.c ****             CapSense_PreScan((uint32)CapSense_sensorIndex);
  82              		.loc 1 84 0
  83 005a 194B     		ldr	r3, .L7+4
  84 005c 1B78     		ldrb	r3, [r3]
  85 005e DBB2     		uxtb	r3, r3
  86 0060 181C     		mov	r0, r3
  87 0062 FFF7FEFF 		bl	CapSense_PreScan
ARM GAS  C:\Users\TINYWI~1\AppData\Local\Temp\cctafYJa.s 			page 4


  88 0066 24E0     		b	.L3
  89              	.L4:
  85:.\Generated_Source\PSoC4/CapSense_INT.c ****         }
  86:.\Generated_Source\PSoC4/CapSense_INT.c ****         else
  87:.\Generated_Source\PSoC4/CapSense_INT.c ****         {
  88:.\Generated_Source\PSoC4/CapSense_INT.c ****             CapSense_csdStatusVar &= (uint8)~CapSense_SW_STS_BUSY;
  90              		.loc 1 88 0
  91 0068 164B     		ldr	r3, .L7+8
  92 006a 1B78     		ldrb	r3, [r3]
  93 006c DBB2     		uxtb	r3, r3
  94 006e 0122     		mov	r2, #1
  95 0070 9343     		bic	r3, r2
  96 0072 DAB2     		uxtb	r2, r3
  97 0074 134B     		ldr	r3, .L7+8
  98 0076 1A70     		strb	r2, [r3]
  89:.\Generated_Source\PSoC4/CapSense_INT.c **** 
  90:.\Generated_Source\PSoC4/CapSense_INT.c **** 			 /* Check if widget has been scanned */
  91:.\Generated_Source\PSoC4/CapSense_INT.c **** 			if((CapSense_csdStatusVar & CapSense_SW_CTRL_WIDGET_SCAN) != 0u)
  99              		.loc 1 91 0
 100 0078 124B     		ldr	r3, .L7+8
 101 007a 1B78     		ldrb	r3, [r3]
 102 007c DBB2     		uxtb	r3, r3
 103 007e 1A1C     		mov	r2, r3
 104 0080 4023     		mov	r3, #64
 105 0082 1340     		and	r3, r2
 106 0084 15D0     		beq	.L3
  92:.\Generated_Source\PSoC4/CapSense_INT.c **** 			{
  93:.\Generated_Source\PSoC4/CapSense_INT.c **** 			    /* Restore sensorEnableMask array */
  94:.\Generated_Source\PSoC4/CapSense_INT.c **** 				for(CapSense_snsIndexTmp = 0u; 
 107              		.loc 1 94 0
 108 0086 104B     		ldr	r3, .L7+12
 109 0088 0022     		mov	r2, #0
 110 008a 1A70     		strb	r2, [r3]
 111 008c 0DE0     		b	.L5
 112              	.L6:
  95:.\Generated_Source\PSoC4/CapSense_INT.c **** 				    CapSense_snsIndexTmp < CapSense_TOTAL_SENSOR_MASK; 
  96:.\Generated_Source\PSoC4/CapSense_INT.c **** 					CapSense_snsIndexTmp++)
  97:.\Generated_Source\PSoC4/CapSense_INT.c **** 				{
  98:.\Generated_Source\PSoC4/CapSense_INT.c **** 					/* Backup sensorEnableMask array */
  99:.\Generated_Source\PSoC4/CapSense_INT.c **** 					CapSense_sensorEnableMask[CapSense_snsIndexTmp] = CapSense_sensorEnableMaskBackup[CapSense_sns
 113              		.loc 1 99 0
 114 008e 0E4B     		ldr	r3, .L7+12
 115 0090 1B78     		ldrb	r3, [r3]
 116 0092 0D4A     		ldr	r2, .L7+12
 117 0094 1278     		ldrb	r2, [r2]
 118 0096 0D49     		ldr	r1, .L7+16
 119 0098 895C     		ldrb	r1, [r1, r2]
 120 009a 0D4A     		ldr	r2, .L7+20
 121 009c D154     		strb	r1, [r2, r3]
  96:.\Generated_Source\PSoC4/CapSense_INT.c **** 					CapSense_snsIndexTmp++)
 122              		.loc 1 96 0
 123 009e 0A4B     		ldr	r3, .L7+12
 124 00a0 1B78     		ldrb	r3, [r3]
 125 00a2 0133     		add	r3, r3, #1
 126 00a4 DAB2     		uxtb	r2, r3
 127 00a6 084B     		ldr	r3, .L7+12
 128 00a8 1A70     		strb	r2, [r3]
ARM GAS  C:\Users\TINYWI~1\AppData\Local\Temp\cctafYJa.s 			page 5


 129              	.L5:
  95:.\Generated_Source\PSoC4/CapSense_INT.c **** 				    CapSense_snsIndexTmp < CapSense_TOTAL_SENSOR_MASK; 
 130              		.loc 1 95 0 discriminator 1
 131 00aa 074B     		ldr	r3, .L7+12
 132 00ac 1B78     		ldrb	r3, [r3]
  94:.\Generated_Source\PSoC4/CapSense_INT.c **** 				for(CapSense_snsIndexTmp = 0u; 
 133              		.loc 1 94 0 discriminator 1
 134 00ae 002B     		cmp	r3, #0
 135 00b0 EDD0     		beq	.L6
 136              	.L3:
 100:.\Generated_Source\PSoC4/CapSense_INT.c **** 				}
 101:.\Generated_Source\PSoC4/CapSense_INT.c **** 			}
 102:.\Generated_Source\PSoC4/CapSense_INT.c ****         } 
 103:.\Generated_Source\PSoC4/CapSense_INT.c ****     }
 104:.\Generated_Source\PSoC4/CapSense_INT.c ****     CyIntEnable(CapSense_ISR_NUMBER);
 137              		.loc 1 104 0
 138 00b2 0F20     		mov	r0, #15
 139 00b4 FFF7FEFF 		bl	CyIntEnable
 105:.\Generated_Source\PSoC4/CapSense_INT.c **** 	
 106:.\Generated_Source\PSoC4/CapSense_INT.c **** 	/*  Place your Interrupt code here. */
 107:.\Generated_Source\PSoC4/CapSense_INT.c ****     /* `#START CapSense_ISR_EXIT` */
 108:.\Generated_Source\PSoC4/CapSense_INT.c **** 
 109:.\Generated_Source\PSoC4/CapSense_INT.c ****     /* `#END` */
 110:.\Generated_Source\PSoC4/CapSense_INT.c **** }
 140              		.loc 1 110 0
 141 00b8 BD46     		mov	sp, r7
 142              		@ sp needed
 143 00ba 80BD     		pop	{r7, pc}
 144              	.L8:
 145              		.align	2
 146              	.L7:
 147 00bc 14000840 		.word	1074266132
 148 00c0 00000000 		.word	CapSense_sensorIndex
 149 00c4 00000000 		.word	CapSense_csdStatusVar
 150 00c8 00000000 		.word	CapSense_snsIndexTmp.5212
 151 00cc 00000000 		.word	CapSense_sensorEnableMaskBackup
 152 00d0 00000000 		.word	CapSense_sensorEnableMask
 153              		.cfi_endproc
 154              	.LFE33:
 155              		.size	CapSense_ISR, .-CapSense_ISR
 156              		.bss
 157              	CapSense_snsIndexTmp.5212:
 158 0000 00       		.space	1
 159              		.text
 160              	.Letext0:
 161              		.file 2 ".\\Generated_Source\\PSoC4\\cytypes.h"
 162              		.file 3 ".\\Generated_Source\\PSoC4\\CapSense.h"
 163              		.section	.debug_info,"",%progbits
 164              	.Ldebug_info0:
 165 0000 17010000 		.4byte	0x117
 166 0004 0400     		.2byte	0x4
 167 0006 00000000 		.4byte	.Ldebug_abbrev0
 168 000a 04       		.byte	0x4
 169 000b 01       		.uleb128 0x1
 170 000c C3000000 		.4byte	.LASF20
 171 0010 01       		.byte	0x1
 172 0011 05020000 		.4byte	.LASF21
ARM GAS  C:\Users\TINYWI~1\AppData\Local\Temp\cctafYJa.s 			page 6


 173 0015 15000000 		.4byte	.LASF22
 174 0019 00000000 		.4byte	.Ldebug_ranges0+0
 175 001d 00000000 		.4byte	0
 176 0021 00000000 		.4byte	.Ldebug_line0
 177 0025 02       		.uleb128 0x2
 178 0026 01       		.byte	0x1
 179 0027 06       		.byte	0x6
 180 0028 B0010000 		.4byte	.LASF0
 181 002c 02       		.uleb128 0x2
 182 002d 01       		.byte	0x1
 183 002e 08       		.byte	0x8
 184 002f 3F010000 		.4byte	.LASF1
 185 0033 02       		.uleb128 0x2
 186 0034 02       		.byte	0x2
 187 0035 05       		.byte	0x5
 188 0036 D8010000 		.4byte	.LASF2
 189 003a 02       		.uleb128 0x2
 190 003b 02       		.byte	0x2
 191 003c 07       		.byte	0x7
 192 003d 9D010000 		.4byte	.LASF3
 193 0041 02       		.uleb128 0x2
 194 0042 04       		.byte	0x4
 195 0043 05       		.byte	0x5
 196 0044 72010000 		.4byte	.LASF4
 197 0048 02       		.uleb128 0x2
 198 0049 04       		.byte	0x4
 199 004a 07       		.byte	0x7
 200 004b 8D000000 		.4byte	.LASF5
 201 004f 02       		.uleb128 0x2
 202 0050 08       		.byte	0x8
 203 0051 05       		.byte	0x5
 204 0052 00000000 		.4byte	.LASF6
 205 0056 02       		.uleb128 0x2
 206 0057 08       		.byte	0x8
 207 0058 07       		.byte	0x7
 208 0059 9F000000 		.4byte	.LASF7
 209 005d 03       		.uleb128 0x3
 210 005e 04       		.byte	0x4
 211 005f 05       		.byte	0x5
 212 0060 696E7400 		.ascii	"int\000"
 213 0064 02       		.uleb128 0x2
 214 0065 04       		.byte	0x4
 215 0066 07       		.byte	0x7
 216 0067 65000000 		.4byte	.LASF8
 217 006b 04       		.uleb128 0x4
 218 006c 87000000 		.4byte	.LASF9
 219 0070 02       		.byte	0x2
 220 0071 B3       		.byte	0xb3
 221 0072 2C000000 		.4byte	0x2c
 222 0076 04       		.uleb128 0x4
 223 0077 0E000000 		.4byte	.LASF10
 224 007b 02       		.byte	0x2
 225 007c B5       		.byte	0xb5
 226 007d 48000000 		.4byte	0x48
 227 0081 02       		.uleb128 0x2
 228 0082 04       		.byte	0x4
 229 0083 04       		.byte	0x4
ARM GAS  C:\Users\TINYWI~1\AppData\Local\Temp\cctafYJa.s 			page 7


 230 0084 BC010000 		.4byte	.LASF11
 231 0088 02       		.uleb128 0x2
 232 0089 08       		.byte	0x8
 233 008a 04       		.byte	0x4
 234 008b 7B010000 		.4byte	.LASF12
 235 008f 02       		.uleb128 0x2
 236 0090 01       		.byte	0x1
 237 0091 08       		.byte	0x8
 238 0092 4D010000 		.4byte	.LASF13
 239 0096 05       		.uleb128 0x5
 240 0097 6B000000 		.4byte	0x6b
 241 009b 06       		.uleb128 0x6
 242 009c 82010000 		.4byte	.LASF14
 243 00a0 02       		.byte	0x2
 244 00a1 5F01     		.2byte	0x15f
 245 00a3 A7000000 		.4byte	0xa7
 246 00a7 05       		.uleb128 0x5
 247 00a8 76000000 		.4byte	0x76
 248 00ac 02       		.uleb128 0x2
 249 00ad 04       		.byte	0x4
 250 00ae 07       		.byte	0x7
 251 00af FC010000 		.4byte	.LASF15
 252 00b3 07       		.uleb128 0x7
 253 00b4 B6000000 		.4byte	.LASF23
 254 00b8 01       		.byte	0x1
 255 00b9 3A       		.byte	0x3a
 256 00ba 00000000 		.4byte	.LFB33
 257 00be D4000000 		.4byte	.LFE33-.LFB33
 258 00c2 01       		.uleb128 0x1
 259 00c3 9C       		.byte	0x9c
 260 00c4 DA000000 		.4byte	0xda
 261 00c8 08       		.uleb128 0x8
 262 00c9 72000000 		.4byte	.LASF24
 263 00cd 01       		.byte	0x1
 264 00ce 3C       		.byte	0x3c
 265 00cf 6B000000 		.4byte	0x6b
 266 00d3 05       		.uleb128 0x5
 267 00d4 03       		.byte	0x3
 268 00d5 00000000 		.4byte	CapSense_snsIndexTmp.5212
 269 00d9 00       		.byte	0
 270 00da 09       		.uleb128 0x9
 271 00db C2010000 		.4byte	.LASF16
 272 00df 03       		.byte	0x3
 273 00e0 D203     		.2byte	0x3d2
 274 00e2 96000000 		.4byte	0x96
 275 00e6 09       		.uleb128 0x9
 276 00e7 88010000 		.4byte	.LASF17
 277 00eb 03       		.byte	0x3
 278 00ec D303     		.2byte	0x3d3
 279 00ee 96000000 		.4byte	0x96
 280 00f2 0A       		.uleb128 0xa
 281 00f3 6B000000 		.4byte	0x6b
 282 00f7 02010000 		.4byte	0x102
 283 00fb 0B       		.uleb128 0xb
 284 00fc AC000000 		.4byte	0xac
 285 0100 00       		.byte	0
 286 0101 00       		.byte	0
ARM GAS  C:\Users\TINYWI~1\AppData\Local\Temp\cctafYJa.s 			page 8


 287 0102 09       		.uleb128 0x9
 288 0103 52010000 		.4byte	.LASF18
 289 0107 03       		.byte	0x3
 290 0108 D603     		.2byte	0x3d6
 291 010a F2000000 		.4byte	0xf2
 292 010e 09       		.uleb128 0x9
 293 010f E2010000 		.4byte	.LASF19
 294 0113 03       		.byte	0x3
 295 0114 D703     		.2byte	0x3d7
 296 0116 F2000000 		.4byte	0xf2
 297 011a 00       		.byte	0
 298              		.section	.debug_abbrev,"",%progbits
 299              	.Ldebug_abbrev0:
 300 0000 01       		.uleb128 0x1
 301 0001 11       		.uleb128 0x11
 302 0002 01       		.byte	0x1
 303 0003 25       		.uleb128 0x25
 304 0004 0E       		.uleb128 0xe
 305 0005 13       		.uleb128 0x13
 306 0006 0B       		.uleb128 0xb
 307 0007 03       		.uleb128 0x3
 308 0008 0E       		.uleb128 0xe
 309 0009 1B       		.uleb128 0x1b
 310 000a 0E       		.uleb128 0xe
 311 000b 55       		.uleb128 0x55
 312 000c 17       		.uleb128 0x17
 313 000d 11       		.uleb128 0x11
 314 000e 01       		.uleb128 0x1
 315 000f 10       		.uleb128 0x10
 316 0010 17       		.uleb128 0x17
 317 0011 00       		.byte	0
 318 0012 00       		.byte	0
 319 0013 02       		.uleb128 0x2
 320 0014 24       		.uleb128 0x24
 321 0015 00       		.byte	0
 322 0016 0B       		.uleb128 0xb
 323 0017 0B       		.uleb128 0xb
 324 0018 3E       		.uleb128 0x3e
 325 0019 0B       		.uleb128 0xb
 326 001a 03       		.uleb128 0x3
 327 001b 0E       		.uleb128 0xe
 328 001c 00       		.byte	0
 329 001d 00       		.byte	0
 330 001e 03       		.uleb128 0x3
 331 001f 24       		.uleb128 0x24
 332 0020 00       		.byte	0
 333 0021 0B       		.uleb128 0xb
 334 0022 0B       		.uleb128 0xb
 335 0023 3E       		.uleb128 0x3e
 336 0024 0B       		.uleb128 0xb
 337 0025 03       		.uleb128 0x3
 338 0026 08       		.uleb128 0x8
 339 0027 00       		.byte	0
 340 0028 00       		.byte	0
 341 0029 04       		.uleb128 0x4
 342 002a 16       		.uleb128 0x16
 343 002b 00       		.byte	0
ARM GAS  C:\Users\TINYWI~1\AppData\Local\Temp\cctafYJa.s 			page 9


 344 002c 03       		.uleb128 0x3
 345 002d 0E       		.uleb128 0xe
 346 002e 3A       		.uleb128 0x3a
 347 002f 0B       		.uleb128 0xb
 348 0030 3B       		.uleb128 0x3b
 349 0031 0B       		.uleb128 0xb
 350 0032 49       		.uleb128 0x49
 351 0033 13       		.uleb128 0x13
 352 0034 00       		.byte	0
 353 0035 00       		.byte	0
 354 0036 05       		.uleb128 0x5
 355 0037 35       		.uleb128 0x35
 356 0038 00       		.byte	0
 357 0039 49       		.uleb128 0x49
 358 003a 13       		.uleb128 0x13
 359 003b 00       		.byte	0
 360 003c 00       		.byte	0
 361 003d 06       		.uleb128 0x6
 362 003e 16       		.uleb128 0x16
 363 003f 00       		.byte	0
 364 0040 03       		.uleb128 0x3
 365 0041 0E       		.uleb128 0xe
 366 0042 3A       		.uleb128 0x3a
 367 0043 0B       		.uleb128 0xb
 368 0044 3B       		.uleb128 0x3b
 369 0045 05       		.uleb128 0x5
 370 0046 49       		.uleb128 0x49
 371 0047 13       		.uleb128 0x13
 372 0048 00       		.byte	0
 373 0049 00       		.byte	0
 374 004a 07       		.uleb128 0x7
 375 004b 2E       		.uleb128 0x2e
 376 004c 01       		.byte	0x1
 377 004d 3F       		.uleb128 0x3f
 378 004e 19       		.uleb128 0x19
 379 004f 03       		.uleb128 0x3
 380 0050 0E       		.uleb128 0xe
 381 0051 3A       		.uleb128 0x3a
 382 0052 0B       		.uleb128 0xb
 383 0053 3B       		.uleb128 0x3b
 384 0054 0B       		.uleb128 0xb
 385 0055 27       		.uleb128 0x27
 386 0056 19       		.uleb128 0x19
 387 0057 11       		.uleb128 0x11
 388 0058 01       		.uleb128 0x1
 389 0059 12       		.uleb128 0x12
 390 005a 06       		.uleb128 0x6
 391 005b 40       		.uleb128 0x40
 392 005c 18       		.uleb128 0x18
 393 005d 9642     		.uleb128 0x2116
 394 005f 19       		.uleb128 0x19
 395 0060 01       		.uleb128 0x1
 396 0061 13       		.uleb128 0x13
 397 0062 00       		.byte	0
 398 0063 00       		.byte	0
 399 0064 08       		.uleb128 0x8
 400 0065 34       		.uleb128 0x34
ARM GAS  C:\Users\TINYWI~1\AppData\Local\Temp\cctafYJa.s 			page 10


 401 0066 00       		.byte	0
 402 0067 03       		.uleb128 0x3
 403 0068 0E       		.uleb128 0xe
 404 0069 3A       		.uleb128 0x3a
 405 006a 0B       		.uleb128 0xb
 406 006b 3B       		.uleb128 0x3b
 407 006c 0B       		.uleb128 0xb
 408 006d 49       		.uleb128 0x49
 409 006e 13       		.uleb128 0x13
 410 006f 02       		.uleb128 0x2
 411 0070 18       		.uleb128 0x18
 412 0071 00       		.byte	0
 413 0072 00       		.byte	0
 414 0073 09       		.uleb128 0x9
 415 0074 34       		.uleb128 0x34
 416 0075 00       		.byte	0
 417 0076 03       		.uleb128 0x3
 418 0077 0E       		.uleb128 0xe
 419 0078 3A       		.uleb128 0x3a
 420 0079 0B       		.uleb128 0xb
 421 007a 3B       		.uleb128 0x3b
 422 007b 05       		.uleb128 0x5
 423 007c 49       		.uleb128 0x49
 424 007d 13       		.uleb128 0x13
 425 007e 3F       		.uleb128 0x3f
 426 007f 19       		.uleb128 0x19
 427 0080 3C       		.uleb128 0x3c
 428 0081 19       		.uleb128 0x19
 429 0082 00       		.byte	0
 430 0083 00       		.byte	0
 431 0084 0A       		.uleb128 0xa
 432 0085 01       		.uleb128 0x1
 433 0086 01       		.byte	0x1
 434 0087 49       		.uleb128 0x49
 435 0088 13       		.uleb128 0x13
 436 0089 01       		.uleb128 0x1
 437 008a 13       		.uleb128 0x13
 438 008b 00       		.byte	0
 439 008c 00       		.byte	0
 440 008d 0B       		.uleb128 0xb
 441 008e 21       		.uleb128 0x21
 442 008f 00       		.byte	0
 443 0090 49       		.uleb128 0x49
 444 0091 13       		.uleb128 0x13
 445 0092 2F       		.uleb128 0x2f
 446 0093 0B       		.uleb128 0xb
 447 0094 00       		.byte	0
 448 0095 00       		.byte	0
 449 0096 00       		.byte	0
 450              		.section	.debug_aranges,"",%progbits
 451 0000 1C000000 		.4byte	0x1c
 452 0004 0200     		.2byte	0x2
 453 0006 00000000 		.4byte	.Ldebug_info0
 454 000a 04       		.byte	0x4
 455 000b 00       		.byte	0
 456 000c 0000     		.2byte	0
 457 000e 0000     		.2byte	0
ARM GAS  C:\Users\TINYWI~1\AppData\Local\Temp\cctafYJa.s 			page 11


 458 0010 00000000 		.4byte	.LFB33
 459 0014 D4000000 		.4byte	.LFE33-.LFB33
 460 0018 00000000 		.4byte	0
 461 001c 00000000 		.4byte	0
 462              		.section	.debug_ranges,"",%progbits
 463              	.Ldebug_ranges0:
 464 0000 00000000 		.4byte	.LFB33
 465 0004 D4000000 		.4byte	.LFE33
 466 0008 00000000 		.4byte	0
 467 000c 00000000 		.4byte	0
 468              		.section	.debug_line,"",%progbits
 469              	.Ldebug_line0:
 470 0000 89000000 		.section	.debug_str,"MS",%progbits,1
 470      02005900 
 470      00000201 
 470      FB0E0D00 
 470      01010101 
 471              	.LASF6:
 472 0000 6C6F6E67 		.ascii	"long long int\000"
 472      206C6F6E 
 472      6720696E 
 472      7400
 473              	.LASF10:
 474 000e 75696E74 		.ascii	"uint32\000"
 474      333200
 475              	.LASF22:
 476 0015 433A5C55 		.ascii	"C:\\Users\\TinyWindows\\Documents\\PSoC Creator\\pi"
 476      73657273 
 476      5C54696E 
 476      7957696E 
 476      646F7773 
 477 0043 657A6F2D 		.ascii	"ezo-sensor\\My First Project.cydsn\000"
 477      73656E73 
 477      6F725C4D 
 477      79204669 
 477      72737420 
 478              	.LASF8:
 479 0065 756E7369 		.ascii	"unsigned int\000"
 479      676E6564 
 479      20696E74 
 479      00
 480              	.LASF24:
 481 0072 43617053 		.ascii	"CapSense_snsIndexTmp\000"
 481      656E7365 
 481      5F736E73 
 481      496E6465 
 481      78546D70 
 482              	.LASF9:
 483 0087 75696E74 		.ascii	"uint8\000"
 483      3800
 484              	.LASF5:
 485 008d 6C6F6E67 		.ascii	"long unsigned int\000"
 485      20756E73 
 485      69676E65 
 485      6420696E 
 485      7400
 486              	.LASF7:
ARM GAS  C:\Users\TINYWI~1\AppData\Local\Temp\cctafYJa.s 			page 12


 487 009f 6C6F6E67 		.ascii	"long long unsigned int\000"
 487      206C6F6E 
 487      6720756E 
 487      7369676E 
 487      65642069 
 488              	.LASF23:
 489 00b6 43617053 		.ascii	"CapSense_ISR\000"
 489      656E7365 
 489      5F495352 
 489      00
 490              	.LASF20:
 491 00c3 474E5520 		.ascii	"GNU C 4.8.4 20140526 (release) [ARM/embedded-4_8-br"
 491      4320342E 
 491      382E3420 
 491      32303134 
 491      30353236 
 492 00f6 616E6368 		.ascii	"anch revision 211358] -mcpu=cortex-m0 -mthumb -g -O"
 492      20726576 
 492      6973696F 
 492      6E203231 
 492      31333538 
 493 0129 30202D66 		.ascii	"0 -ffunction-sections\000"
 493      66756E63 
 493      74696F6E 
 493      2D736563 
 493      74696F6E 
 494              	.LASF1:
 495 013f 756E7369 		.ascii	"unsigned char\000"
 495      676E6564 
 495      20636861 
 495      7200
 496              	.LASF13:
 497 014d 63686172 		.ascii	"char\000"
 497      00
 498              	.LASF18:
 499 0152 43617053 		.ascii	"CapSense_sensorEnableMaskBackup\000"
 499      656E7365 
 499      5F73656E 
 499      736F7245 
 499      6E61626C 
 500              	.LASF4:
 501 0172 6C6F6E67 		.ascii	"long int\000"
 501      20696E74 
 501      00
 502              	.LASF12:
 503 017b 646F7562 		.ascii	"double\000"
 503      6C6500
 504              	.LASF14:
 505 0182 72656733 		.ascii	"reg32\000"
 505      3200
 506              	.LASF17:
 507 0188 43617053 		.ascii	"CapSense_sensorIndex\000"
 507      656E7365 
 507      5F73656E 
 507      736F7249 
 507      6E646578 
 508              	.LASF3:
ARM GAS  C:\Users\TINYWI~1\AppData\Local\Temp\cctafYJa.s 			page 13


 509 019d 73686F72 		.ascii	"short unsigned int\000"
 509      7420756E 
 509      7369676E 
 509      65642069 
 509      6E7400
 510              	.LASF0:
 511 01b0 7369676E 		.ascii	"signed char\000"
 511      65642063 
 511      68617200 
 512              	.LASF11:
 513 01bc 666C6F61 		.ascii	"float\000"
 513      7400
 514              	.LASF16:
 515 01c2 43617053 		.ascii	"CapSense_csdStatusVar\000"
 515      656E7365 
 515      5F637364 
 515      53746174 
 515      75735661 
 516              	.LASF2:
 517 01d8 73686F72 		.ascii	"short int\000"
 517      7420696E 
 517      7400
 518              	.LASF19:
 519 01e2 43617053 		.ascii	"CapSense_sensorEnableMask\000"
 519      656E7365 
 519      5F73656E 
 519      736F7245 
 519      6E61626C 
 520              	.LASF15:
 521 01fc 73697A65 		.ascii	"sizetype\000"
 521      74797065 
 521      00
 522              	.LASF21:
 523 0205 2E5C4765 		.ascii	".\\Generated_Source\\PSoC4\\CapSense_INT.c\000"
 523      6E657261 
 523      7465645F 
 523      536F7572 
 523      63655C50 
 524              		.ident	"GCC: (GNU Tools for ARM Embedded Processors) 4.8.4 20140526 (release) [ARM/embedded-4_8-br
