ARM GAS  C:\Users\TINYWI~1\AppData\Local\Temp\ccq3V1kb.s 			page 1


   1              		.cpu cortex-m0
   2              		.fpu softvfp
   3              		.eabi_attribute 20, 1
   4              		.eabi_attribute 21, 1
   5              		.eabi_attribute 23, 3
   6              		.eabi_attribute 24, 1
   7              		.eabi_attribute 25, 1
   8              		.eabi_attribute 26, 1
   9              		.eabi_attribute 30, 6
  10              		.eabi_attribute 34, 0
  11              		.eabi_attribute 18, 4
  12              		.code	16
  13              		.file	"cyfitter_cfg.c"
  14              		.text
  15              	.Ltext0:
  16              		.cfi_sections	.debug_frame
  17              		.section	.text.CYMEMZERO,"ax",%progbits
  18              		.align	2
  19              		.code	16
  20              		.thumb_func
  21              		.type	CYMEMZERO, %function
  22              	CYMEMZERO:
  23              	.LFB0:
  24              		.file 1 ".\\Generated_Source\\PSoC4\\cyfitter_cfg.c"
   1:.\Generated_Source\PSoC4/cyfitter_cfg.c **** /*******************************************************************************
   2:.\Generated_Source\PSoC4/cyfitter_cfg.c **** * FILENAME: cyfitter_cfg.c
   3:.\Generated_Source\PSoC4/cyfitter_cfg.c **** * 
   4:.\Generated_Source\PSoC4/cyfitter_cfg.c **** * PSoC Creator  3.2
   5:.\Generated_Source\PSoC4/cyfitter_cfg.c **** *
   6:.\Generated_Source\PSoC4/cyfitter_cfg.c **** * DESCRIPTION:
   7:.\Generated_Source\PSoC4/cyfitter_cfg.c **** * This file contains device initialization code.
   8:.\Generated_Source\PSoC4/cyfitter_cfg.c **** * Except for the user defined sections in CyClockStartupError(), this file should not be modified.
   9:.\Generated_Source\PSoC4/cyfitter_cfg.c **** * This file is automatically generated by PSoC Creator.
  10:.\Generated_Source\PSoC4/cyfitter_cfg.c **** *
  11:.\Generated_Source\PSoC4/cyfitter_cfg.c **** ********************************************************************************
  12:.\Generated_Source\PSoC4/cyfitter_cfg.c **** * Copyright (c) 2007-2015 Cypress Semiconductor.  All rights reserved.
  13:.\Generated_Source\PSoC4/cyfitter_cfg.c **** * You may use this file only in accordance with the license, terms, conditions, 
  14:.\Generated_Source\PSoC4/cyfitter_cfg.c **** * disclaimers, and limitations in the end user license agreement accompanying 
  15:.\Generated_Source\PSoC4/cyfitter_cfg.c **** * the software package with which this file was provided.
  16:.\Generated_Source\PSoC4/cyfitter_cfg.c **** ********************************************************************************/
  17:.\Generated_Source\PSoC4/cyfitter_cfg.c **** 
  18:.\Generated_Source\PSoC4/cyfitter_cfg.c **** #include <string.h>
  19:.\Generated_Source\PSoC4/cyfitter_cfg.c **** #include "cytypes.h"
  20:.\Generated_Source\PSoC4/cyfitter_cfg.c **** #include "cydevice_trm.h"
  21:.\Generated_Source\PSoC4/cyfitter_cfg.c **** #include "cyfitter.h"
  22:.\Generated_Source\PSoC4/cyfitter_cfg.c **** #include "CyLib.h"
  23:.\Generated_Source\PSoC4/cyfitter_cfg.c **** #include "cyfitter_cfg.h"
  24:.\Generated_Source\PSoC4/cyfitter_cfg.c **** 
  25:.\Generated_Source\PSoC4/cyfitter_cfg.c **** 
  26:.\Generated_Source\PSoC4/cyfitter_cfg.c **** #if defined(__GNUC__) || defined(__ARMCC_VERSION)
  27:.\Generated_Source\PSoC4/cyfitter_cfg.c ****     #define CYPACKED 
  28:.\Generated_Source\PSoC4/cyfitter_cfg.c ****     #define CYPACKED_ATTR __attribute__ ((packed))
  29:.\Generated_Source\PSoC4/cyfitter_cfg.c ****     #define CYALIGNED __attribute__ ((aligned))
  30:.\Generated_Source\PSoC4/cyfitter_cfg.c ****     #define CY_CFG_UNUSED __attribute__ ((unused))
  31:.\Generated_Source\PSoC4/cyfitter_cfg.c ****     #define CY_CFG_SECTION __attribute__ ((section(".psocinit")))
  32:.\Generated_Source\PSoC4/cyfitter_cfg.c ****     
  33:.\Generated_Source\PSoC4/cyfitter_cfg.c ****     #if defined(__ARMCC_VERSION)
ARM GAS  C:\Users\TINYWI~1\AppData\Local\Temp\ccq3V1kb.s 			page 2


  34:.\Generated_Source\PSoC4/cyfitter_cfg.c ****         #define CY_CFG_MEMORY_BARRIER() __memory_changed()
  35:.\Generated_Source\PSoC4/cyfitter_cfg.c ****     #else
  36:.\Generated_Source\PSoC4/cyfitter_cfg.c ****         #define CY_CFG_MEMORY_BARRIER() __sync_synchronize()
  37:.\Generated_Source\PSoC4/cyfitter_cfg.c ****     #endif
  38:.\Generated_Source\PSoC4/cyfitter_cfg.c ****     
  39:.\Generated_Source\PSoC4/cyfitter_cfg.c **** #elif defined(__ICCARM__)
  40:.\Generated_Source\PSoC4/cyfitter_cfg.c ****     #include <intrinsics.h>
  41:.\Generated_Source\PSoC4/cyfitter_cfg.c **** 
  42:.\Generated_Source\PSoC4/cyfitter_cfg.c ****     #define CYPACKED __packed
  43:.\Generated_Source\PSoC4/cyfitter_cfg.c ****     #define CYPACKED_ATTR 
  44:.\Generated_Source\PSoC4/cyfitter_cfg.c ****     #define CYALIGNED _Pragma("data_alignment=4")
  45:.\Generated_Source\PSoC4/cyfitter_cfg.c ****     #define CY_CFG_UNUSED _Pragma("diag_suppress=Pe177")
  46:.\Generated_Source\PSoC4/cyfitter_cfg.c ****     #define CY_CFG_SECTION _Pragma("location=\".psocinit\"")
  47:.\Generated_Source\PSoC4/cyfitter_cfg.c ****     
  48:.\Generated_Source\PSoC4/cyfitter_cfg.c ****     #define CY_CFG_MEMORY_BARRIER() __DMB()
  49:.\Generated_Source\PSoC4/cyfitter_cfg.c ****     
  50:.\Generated_Source\PSoC4/cyfitter_cfg.c **** #else
  51:.\Generated_Source\PSoC4/cyfitter_cfg.c ****     #error Unsupported toolchain
  52:.\Generated_Source\PSoC4/cyfitter_cfg.c **** #endif
  53:.\Generated_Source\PSoC4/cyfitter_cfg.c **** 
  54:.\Generated_Source\PSoC4/cyfitter_cfg.c **** 
  55:.\Generated_Source\PSoC4/cyfitter_cfg.c **** CY_CFG_UNUSED
  56:.\Generated_Source\PSoC4/cyfitter_cfg.c **** static void CYMEMZERO(void *s, size_t n);
  57:.\Generated_Source\PSoC4/cyfitter_cfg.c **** CY_CFG_UNUSED
  58:.\Generated_Source\PSoC4/cyfitter_cfg.c **** static void CYMEMZERO(void *s, size_t n)
  59:.\Generated_Source\PSoC4/cyfitter_cfg.c **** {
  25              		.loc 1 59 0
  26              		.cfi_startproc
  27 0000 80B5     		push	{r7, lr}
  28              		.cfi_def_cfa_offset 8
  29              		.cfi_offset 7, -8
  30              		.cfi_offset 14, -4
  31 0002 82B0     		sub	sp, sp, #8
  32              		.cfi_def_cfa_offset 16
  33 0004 00AF     		add	r7, sp, #0
  34              		.cfi_def_cfa_register 7
  35 0006 7860     		str	r0, [r7, #4]
  36 0008 3960     		str	r1, [r7]
  60:.\Generated_Source\PSoC4/cyfitter_cfg.c **** 	(void)memset(s, 0, n);
  37              		.loc 1 60 0
  38 000a 7A68     		ldr	r2, [r7, #4]
  39 000c 3B68     		ldr	r3, [r7]
  40 000e 101C     		mov	r0, r2
  41 0010 0021     		mov	r1, #0
  42 0012 1A1C     		mov	r2, r3
  43 0014 FFF7FEFF 		bl	memset
  61:.\Generated_Source\PSoC4/cyfitter_cfg.c **** }
  44              		.loc 1 61 0
  45 0018 BD46     		mov	sp, r7
  46 001a 02B0     		add	sp, sp, #8
  47              		@ sp needed
  48 001c 80BD     		pop	{r7, pc}
  49              		.cfi_endproc
  50              	.LFE0:
  51              		.size	CYMEMZERO, .-CYMEMZERO
  52 001e C046     		.section	.text.CYCONFIGCPY,"ax",%progbits
  53              		.align	2
ARM GAS  C:\Users\TINYWI~1\AppData\Local\Temp\ccq3V1kb.s 			page 3


  54              		.code	16
  55              		.thumb_func
  56              		.type	CYCONFIGCPY, %function
  57              	CYCONFIGCPY:
  58              	.LFB1:
  62:.\Generated_Source\PSoC4/cyfitter_cfg.c **** CY_CFG_UNUSED
  63:.\Generated_Source\PSoC4/cyfitter_cfg.c **** static void CYCONFIGCPY(void *dest, const void *src, size_t n);
  64:.\Generated_Source\PSoC4/cyfitter_cfg.c **** CY_CFG_UNUSED
  65:.\Generated_Source\PSoC4/cyfitter_cfg.c **** static void CYCONFIGCPY(void *dest, const void *src, size_t n)
  66:.\Generated_Source\PSoC4/cyfitter_cfg.c **** {
  59              		.loc 1 66 0
  60              		.cfi_startproc
  61 0000 80B5     		push	{r7, lr}
  62              		.cfi_def_cfa_offset 8
  63              		.cfi_offset 7, -8
  64              		.cfi_offset 14, -4
  65 0002 84B0     		sub	sp, sp, #16
  66              		.cfi_def_cfa_offset 24
  67 0004 00AF     		add	r7, sp, #0
  68              		.cfi_def_cfa_register 7
  69 0006 F860     		str	r0, [r7, #12]
  70 0008 B960     		str	r1, [r7, #8]
  71 000a 7A60     		str	r2, [r7, #4]
  67:.\Generated_Source\PSoC4/cyfitter_cfg.c **** 	(void)memcpy(dest, src, n);
  72              		.loc 1 67 0
  73 000c F968     		ldr	r1, [r7, #12]
  74 000e BA68     		ldr	r2, [r7, #8]
  75 0010 7B68     		ldr	r3, [r7, #4]
  76 0012 081C     		mov	r0, r1
  77 0014 111C     		mov	r1, r2
  78 0016 1A1C     		mov	r2, r3
  79 0018 FFF7FEFF 		bl	memcpy
  68:.\Generated_Source\PSoC4/cyfitter_cfg.c **** }
  80              		.loc 1 68 0
  81 001c BD46     		mov	sp, r7
  82 001e 04B0     		add	sp, sp, #16
  83              		@ sp needed
  84 0020 80BD     		pop	{r7, pc}
  85              		.cfi_endproc
  86              	.LFE1:
  87              		.size	CYCONFIGCPY, .-CYCONFIGCPY
  88 0022 C046     		.section	.text.CYCONFIGCPYCODE,"ax",%progbits
  89              		.align	2
  90              		.code	16
  91              		.thumb_func
  92              		.type	CYCONFIGCPYCODE, %function
  93              	CYCONFIGCPYCODE:
  94              	.LFB2:
  69:.\Generated_Source\PSoC4/cyfitter_cfg.c **** CY_CFG_UNUSED
  70:.\Generated_Source\PSoC4/cyfitter_cfg.c **** static void CYCONFIGCPYCODE(void *dest, const void *src, size_t n);
  71:.\Generated_Source\PSoC4/cyfitter_cfg.c **** CY_CFG_UNUSED
  72:.\Generated_Source\PSoC4/cyfitter_cfg.c **** static void CYCONFIGCPYCODE(void *dest, const void *src, size_t n)
  73:.\Generated_Source\PSoC4/cyfitter_cfg.c **** {
  95              		.loc 1 73 0
  96              		.cfi_startproc
  97 0000 80B5     		push	{r7, lr}
  98              		.cfi_def_cfa_offset 8
ARM GAS  C:\Users\TINYWI~1\AppData\Local\Temp\ccq3V1kb.s 			page 4


  99              		.cfi_offset 7, -8
 100              		.cfi_offset 14, -4
 101 0002 84B0     		sub	sp, sp, #16
 102              		.cfi_def_cfa_offset 24
 103 0004 00AF     		add	r7, sp, #0
 104              		.cfi_def_cfa_register 7
 105 0006 F860     		str	r0, [r7, #12]
 106 0008 B960     		str	r1, [r7, #8]
 107 000a 7A60     		str	r2, [r7, #4]
  74:.\Generated_Source\PSoC4/cyfitter_cfg.c **** 	(void)memcpy(dest, src, n);
 108              		.loc 1 74 0
 109 000c F968     		ldr	r1, [r7, #12]
 110 000e BA68     		ldr	r2, [r7, #8]
 111 0010 7B68     		ldr	r3, [r7, #4]
 112 0012 081C     		mov	r0, r1
 113 0014 111C     		mov	r1, r2
 114 0016 1A1C     		mov	r2, r3
 115 0018 FFF7FEFF 		bl	memcpy
  75:.\Generated_Source\PSoC4/cyfitter_cfg.c **** }
 116              		.loc 1 75 0
 117 001c BD46     		mov	sp, r7
 118 001e 04B0     		add	sp, sp, #16
 119              		@ sp needed
 120 0020 80BD     		pop	{r7, pc}
 121              		.cfi_endproc
 122              	.LFE2:
 123              		.size	CYCONFIGCPYCODE, .-CYCONFIGCPYCODE
 124 0022 C046     		.section	.text.cfg_write_bytes32,"ax",%progbits
 125              		.align	2
 126              		.code	16
 127              		.thumb_func
 128              		.type	cfg_write_bytes32, %function
 129              	cfg_write_bytes32:
 130              	.LFB3:
  76:.\Generated_Source\PSoC4/cyfitter_cfg.c **** 
  77:.\Generated_Source\PSoC4/cyfitter_cfg.c **** 
  78:.\Generated_Source\PSoC4/cyfitter_cfg.c **** 
  79:.\Generated_Source\PSoC4/cyfitter_cfg.c **** /* Clock startup error codes                                                   */
  80:.\Generated_Source\PSoC4/cyfitter_cfg.c **** #define CYCLOCKSTART_NO_ERROR    0u
  81:.\Generated_Source\PSoC4/cyfitter_cfg.c **** #define CYCLOCKSTART_XTAL_ERROR  1u
  82:.\Generated_Source\PSoC4/cyfitter_cfg.c **** #define CYCLOCKSTART_32KHZ_ERROR 2u
  83:.\Generated_Source\PSoC4/cyfitter_cfg.c **** #define CYCLOCKSTART_PLL_ERROR   3u
  84:.\Generated_Source\PSoC4/cyfitter_cfg.c **** 
  85:.\Generated_Source\PSoC4/cyfitter_cfg.c **** #ifdef CY_NEED_CYCLOCKSTARTUPERROR
  86:.\Generated_Source\PSoC4/cyfitter_cfg.c **** /*******************************************************************************
  87:.\Generated_Source\PSoC4/cyfitter_cfg.c **** * Function Name: CyClockStartupError
  88:.\Generated_Source\PSoC4/cyfitter_cfg.c **** ********************************************************************************
  89:.\Generated_Source\PSoC4/cyfitter_cfg.c **** * Summary:
  90:.\Generated_Source\PSoC4/cyfitter_cfg.c **** *  If an error is encountered during clock configuration (crystal startup error,
  91:.\Generated_Source\PSoC4/cyfitter_cfg.c **** *  PLL lock error, etc.), the system will end up here.  Unless reimplemented by
  92:.\Generated_Source\PSoC4/cyfitter_cfg.c **** *  the customer, this function will stop in an infinite loop.
  93:.\Generated_Source\PSoC4/cyfitter_cfg.c **** *
  94:.\Generated_Source\PSoC4/cyfitter_cfg.c **** * Parameters:
  95:.\Generated_Source\PSoC4/cyfitter_cfg.c **** *   void
  96:.\Generated_Source\PSoC4/cyfitter_cfg.c **** *
  97:.\Generated_Source\PSoC4/cyfitter_cfg.c **** * Return:
  98:.\Generated_Source\PSoC4/cyfitter_cfg.c **** *   void
ARM GAS  C:\Users\TINYWI~1\AppData\Local\Temp\ccq3V1kb.s 			page 5


  99:.\Generated_Source\PSoC4/cyfitter_cfg.c **** *
 100:.\Generated_Source\PSoC4/cyfitter_cfg.c **** *******************************************************************************/
 101:.\Generated_Source\PSoC4/cyfitter_cfg.c **** CY_CFG_UNUSED
 102:.\Generated_Source\PSoC4/cyfitter_cfg.c **** static void CyClockStartupError(uint8 errorCode);
 103:.\Generated_Source\PSoC4/cyfitter_cfg.c **** CY_CFG_UNUSED
 104:.\Generated_Source\PSoC4/cyfitter_cfg.c **** static void CyClockStartupError(uint8 errorCode)
 105:.\Generated_Source\PSoC4/cyfitter_cfg.c **** {
 106:.\Generated_Source\PSoC4/cyfitter_cfg.c ****     /* To remove the compiler warning if errorCode not used.                */
 107:.\Generated_Source\PSoC4/cyfitter_cfg.c ****     errorCode = errorCode;
 108:.\Generated_Source\PSoC4/cyfitter_cfg.c **** 
 109:.\Generated_Source\PSoC4/cyfitter_cfg.c ****     /* `#START CyClockStartupError` */
 110:.\Generated_Source\PSoC4/cyfitter_cfg.c **** 
 111:.\Generated_Source\PSoC4/cyfitter_cfg.c ****     /* If we have a clock startup error (bad MHz crystal, PLL lock, etc.),  */
 112:.\Generated_Source\PSoC4/cyfitter_cfg.c ****     /* we will end up here to allow the customer to implement something to  */
 113:.\Generated_Source\PSoC4/cyfitter_cfg.c ****     /* deal with the clock condition.                                       */
 114:.\Generated_Source\PSoC4/cyfitter_cfg.c **** 
 115:.\Generated_Source\PSoC4/cyfitter_cfg.c ****     /* `#END` */
 116:.\Generated_Source\PSoC4/cyfitter_cfg.c **** 
 117:.\Generated_Source\PSoC4/cyfitter_cfg.c ****     /* If nothing else, stop here since the clocks have not started         */
 118:.\Generated_Source\PSoC4/cyfitter_cfg.c ****     /* correctly.                                                           */
 119:.\Generated_Source\PSoC4/cyfitter_cfg.c ****     while(1) {}
 120:.\Generated_Source\PSoC4/cyfitter_cfg.c **** }
 121:.\Generated_Source\PSoC4/cyfitter_cfg.c **** #endif
 122:.\Generated_Source\PSoC4/cyfitter_cfg.c **** 
 123:.\Generated_Source\PSoC4/cyfitter_cfg.c **** #define CY_CFG_BASE_ADDR_COUNT 5u
 124:.\Generated_Source\PSoC4/cyfitter_cfg.c **** CYPACKED typedef struct
 125:.\Generated_Source\PSoC4/cyfitter_cfg.c **** {
 126:.\Generated_Source\PSoC4/cyfitter_cfg.c **** 	uint8 offset;
 127:.\Generated_Source\PSoC4/cyfitter_cfg.c **** 	uint8 value;
 128:.\Generated_Source\PSoC4/cyfitter_cfg.c **** } CYPACKED_ATTR cy_cfg_addrvalue_t;
 129:.\Generated_Source\PSoC4/cyfitter_cfg.c **** 
 130:.\Generated_Source\PSoC4/cyfitter_cfg.c **** 
 131:.\Generated_Source\PSoC4/cyfitter_cfg.c **** 
 132:.\Generated_Source\PSoC4/cyfitter_cfg.c **** /*******************************************************************************
 133:.\Generated_Source\PSoC4/cyfitter_cfg.c **** * Function Name: cfg_write_bytes32
 134:.\Generated_Source\PSoC4/cyfitter_cfg.c **** ********************************************************************************
 135:.\Generated_Source\PSoC4/cyfitter_cfg.c **** * Summary:
 136:.\Generated_Source\PSoC4/cyfitter_cfg.c **** *  This function is used for setting up the chip configuration areas that
 137:.\Generated_Source\PSoC4/cyfitter_cfg.c **** *  contain relatively sparse data.
 138:.\Generated_Source\PSoC4/cyfitter_cfg.c **** *
 139:.\Generated_Source\PSoC4/cyfitter_cfg.c **** * Parameters:
 140:.\Generated_Source\PSoC4/cyfitter_cfg.c **** *   void
 141:.\Generated_Source\PSoC4/cyfitter_cfg.c **** *
 142:.\Generated_Source\PSoC4/cyfitter_cfg.c **** * Return:
 143:.\Generated_Source\PSoC4/cyfitter_cfg.c **** *   void
 144:.\Generated_Source\PSoC4/cyfitter_cfg.c **** *
 145:.\Generated_Source\PSoC4/cyfitter_cfg.c **** *******************************************************************************/
 146:.\Generated_Source\PSoC4/cyfitter_cfg.c **** static void cfg_write_bytes32(const uint32 addr_table[], const cy_cfg_addrvalue_t data_table[]);
 147:.\Generated_Source\PSoC4/cyfitter_cfg.c **** static void cfg_write_bytes32(const uint32 addr_table[], const cy_cfg_addrvalue_t data_table[])
 148:.\Generated_Source\PSoC4/cyfitter_cfg.c **** {
 131              		.loc 1 148 0
 132              		.cfi_startproc
 133 0000 80B5     		push	{r7, lr}
 134              		.cfi_def_cfa_offset 8
 135              		.cfi_offset 7, -8
 136              		.cfi_offset 14, -4
 137 0002 86B0     		sub	sp, sp, #24
ARM GAS  C:\Users\TINYWI~1\AppData\Local\Temp\ccq3V1kb.s 			page 6


 138              		.cfi_def_cfa_offset 32
 139 0004 00AF     		add	r7, sp, #0
 140              		.cfi_def_cfa_register 7
 141 0006 7860     		str	r0, [r7, #4]
 142 0008 3960     		str	r1, [r7]
 149:.\Generated_Source\PSoC4/cyfitter_cfg.c **** 	/* For 32-bit little-endian architectures */
 150:.\Generated_Source\PSoC4/cyfitter_cfg.c **** 	uint32 i, j = 0u;
 143              		.loc 1 150 0
 144 000a 0023     		mov	r3, #0
 145 000c 3B61     		str	r3, [r7, #16]
 151:.\Generated_Source\PSoC4/cyfitter_cfg.c **** 	for (i = 0u; i < CY_CFG_BASE_ADDR_COUNT; i++)
 146              		.loc 1 151 0
 147 000e 0023     		mov	r3, #0
 148 0010 7B61     		str	r3, [r7, #20]
 149 0012 2EE0     		b	.L5
 150              	.L8:
 151              	.LBB2:
 152:.\Generated_Source\PSoC4/cyfitter_cfg.c **** 	{
 153:.\Generated_Source\PSoC4/cyfitter_cfg.c **** 		uint32 baseAddr = addr_table[i];
 152              		.loc 1 153 0
 153 0014 7B69     		ldr	r3, [r7, #20]
 154 0016 9B00     		lsl	r3, r3, #2
 155 0018 7A68     		ldr	r2, [r7, #4]
 156 001a D318     		add	r3, r2, r3
 157 001c 1B68     		ldr	r3, [r3]
 158 001e BB60     		str	r3, [r7, #8]
 154:.\Generated_Source\PSoC4/cyfitter_cfg.c **** 		uint8 count = (uint8)baseAddr;
 159              		.loc 1 154 0
 160 0020 3B1C     		mov	r3, r7
 161 0022 0F33     		add	r3, r3, #15
 162 0024 BA68     		ldr	r2, [r7, #8]
 163 0026 1A70     		strb	r2, [r3]
 155:.\Generated_Source\PSoC4/cyfitter_cfg.c **** 		baseAddr &= 0xFFFFFF00u;
 164              		.loc 1 155 0
 165 0028 BB68     		ldr	r3, [r7, #8]
 166 002a FF22     		mov	r2, #255
 167 002c 9343     		bic	r3, r2
 168 002e BB60     		str	r3, [r7, #8]
 156:.\Generated_Source\PSoC4/cyfitter_cfg.c **** 		while (count != 0u)
 169              		.loc 1 156 0
 170 0030 17E0     		b	.L6
 171              	.L7:
 157:.\Generated_Source\PSoC4/cyfitter_cfg.c **** 		{
 158:.\Generated_Source\PSoC4/cyfitter_cfg.c **** 			CY_SET_XTND_REG8((void CYFAR *)(baseAddr + data_table[j].offset), data_table[j].value);
 172              		.loc 1 158 0
 173 0032 3B69     		ldr	r3, [r7, #16]
 174 0034 5B00     		lsl	r3, r3, #1
 175 0036 3A68     		ldr	r2, [r7]
 176 0038 D318     		add	r3, r2, r3
 177 003a 1B78     		ldrb	r3, [r3]
 178 003c 1A1C     		mov	r2, r3
 179 003e BB68     		ldr	r3, [r7, #8]
 180 0040 D318     		add	r3, r2, r3
 181 0042 3A69     		ldr	r2, [r7, #16]
 182 0044 5200     		lsl	r2, r2, #1
 183 0046 3968     		ldr	r1, [r7]
 184 0048 8A18     		add	r2, r1, r2
ARM GAS  C:\Users\TINYWI~1\AppData\Local\Temp\ccq3V1kb.s 			page 7


 185 004a 5278     		ldrb	r2, [r2, #1]
 186 004c 1A70     		strb	r2, [r3]
 159:.\Generated_Source\PSoC4/cyfitter_cfg.c **** 			j++;
 187              		.loc 1 159 0
 188 004e 3B69     		ldr	r3, [r7, #16]
 189 0050 0133     		add	r3, r3, #1
 190 0052 3B61     		str	r3, [r7, #16]
 160:.\Generated_Source\PSoC4/cyfitter_cfg.c **** 			count--;
 191              		.loc 1 160 0
 192 0054 3B1C     		mov	r3, r7
 193 0056 0F33     		add	r3, r3, #15
 194 0058 1A78     		ldrb	r2, [r3]
 195 005a 3B1C     		mov	r3, r7
 196 005c 0F33     		add	r3, r3, #15
 197 005e 013A     		sub	r2, r2, #1
 198 0060 1A70     		strb	r2, [r3]
 199              	.L6:
 156:.\Generated_Source\PSoC4/cyfitter_cfg.c **** 		while (count != 0u)
 200              		.loc 1 156 0 discriminator 1
 201 0062 3B1C     		mov	r3, r7
 202 0064 0F33     		add	r3, r3, #15
 203 0066 1B78     		ldrb	r3, [r3]
 204 0068 002B     		cmp	r3, #0
 205 006a E2D1     		bne	.L7
 206              	.LBE2:
 151:.\Generated_Source\PSoC4/cyfitter_cfg.c **** 	for (i = 0u; i < CY_CFG_BASE_ADDR_COUNT; i++)
 207              		.loc 1 151 0
 208 006c 7B69     		ldr	r3, [r7, #20]
 209 006e 0133     		add	r3, r3, #1
 210 0070 7B61     		str	r3, [r7, #20]
 211              	.L5:
 151:.\Generated_Source\PSoC4/cyfitter_cfg.c **** 	for (i = 0u; i < CY_CFG_BASE_ADDR_COUNT; i++)
 212              		.loc 1 151 0 is_stmt 0 discriminator 1
 213 0072 7B69     		ldr	r3, [r7, #20]
 214 0074 042B     		cmp	r3, #4
 215 0076 CDD9     		bls	.L8
 161:.\Generated_Source\PSoC4/cyfitter_cfg.c **** 		}
 162:.\Generated_Source\PSoC4/cyfitter_cfg.c **** 	}
 163:.\Generated_Source\PSoC4/cyfitter_cfg.c **** }
 216              		.loc 1 163 0 is_stmt 1
 217 0078 BD46     		mov	sp, r7
 218 007a 06B0     		add	sp, sp, #24
 219              		@ sp needed
 220 007c 80BD     		pop	{r7, pc}
 221              		.cfi_endproc
 222              	.LFE3:
 223              		.size	cfg_write_bytes32, .-cfg_write_bytes32
 224 007e C046     		.section	.psocinit,"ax",%progbits
 225              		.align	2
 226              		.code	16
 227              		.thumb_func
 228              		.type	ClockSetup, %function
 229              	ClockSetup:
 230              	.LFB4:
 164:.\Generated_Source\PSoC4/cyfitter_cfg.c **** 
 165:.\Generated_Source\PSoC4/cyfitter_cfg.c **** 
 166:.\Generated_Source\PSoC4/cyfitter_cfg.c **** /*******************************************************************************
ARM GAS  C:\Users\TINYWI~1\AppData\Local\Temp\ccq3V1kb.s 			page 8


 167:.\Generated_Source\PSoC4/cyfitter_cfg.c **** * Function Name: ClockSetup
 168:.\Generated_Source\PSoC4/cyfitter_cfg.c **** ********************************************************************************
 169:.\Generated_Source\PSoC4/cyfitter_cfg.c **** *
 170:.\Generated_Source\PSoC4/cyfitter_cfg.c **** * Summary:
 171:.\Generated_Source\PSoC4/cyfitter_cfg.c **** *   Performs the initialization of all of the clocks in the device based on the
 172:.\Generated_Source\PSoC4/cyfitter_cfg.c **** *   settings in the Clock tab of the DWR.  This includes enabling the requested
 173:.\Generated_Source\PSoC4/cyfitter_cfg.c **** *   clocks and setting the necessary dividers to produce the desired frequency. 
 174:.\Generated_Source\PSoC4/cyfitter_cfg.c **** *
 175:.\Generated_Source\PSoC4/cyfitter_cfg.c **** * Parameters:
 176:.\Generated_Source\PSoC4/cyfitter_cfg.c **** *   void
 177:.\Generated_Source\PSoC4/cyfitter_cfg.c **** *
 178:.\Generated_Source\PSoC4/cyfitter_cfg.c **** * Return:
 179:.\Generated_Source\PSoC4/cyfitter_cfg.c **** *   void
 180:.\Generated_Source\PSoC4/cyfitter_cfg.c **** *
 181:.\Generated_Source\PSoC4/cyfitter_cfg.c **** *******************************************************************************/
 182:.\Generated_Source\PSoC4/cyfitter_cfg.c **** static void ClockSetup(void);
 183:.\Generated_Source\PSoC4/cyfitter_cfg.c **** CY_CFG_SECTION
 184:.\Generated_Source\PSoC4/cyfitter_cfg.c **** static void ClockSetup(void)
 185:.\Generated_Source\PSoC4/cyfitter_cfg.c **** {
 231              		.loc 1 185 0
 232              		.cfi_startproc
 233 0000 80B5     		push	{r7, lr}
 234              		.cfi_def_cfa_offset 8
 235              		.cfi_offset 7, -8
 236              		.cfi_offset 14, -4
 237 0002 00AF     		add	r7, sp, #0
 238              		.cfi_def_cfa_register 7
 186:.\Generated_Source\PSoC4/cyfitter_cfg.c **** 	/* Enable HALF_EN before trimming for the flash accelerator. */
 187:.\Generated_Source\PSoC4/cyfitter_cfg.c **** 	CY_SET_REG32((void CYXDATA *)(CYREG_CLK_SELECT), (CY_GET_REG32((void *)CYREG_CLK_SELECT) | 0x00040
 239              		.loc 1 187 0
 240 0004 134B     		ldr	r3, .L10
 241 0006 134A     		ldr	r2, .L10
 242 0008 1268     		ldr	r2, [r2]
 243 000a 8021     		mov	r1, #128
 244 000c C902     		lsl	r1, r1, #11
 245 000e 0A43     		orr	r2, r1
 246 0010 1A60     		str	r2, [r3]
 188:.\Generated_Source\PSoC4/cyfitter_cfg.c **** 
 189:.\Generated_Source\PSoC4/cyfitter_cfg.c **** 	/* Setup and trim IMO based on desired frequency. */
 190:.\Generated_Source\PSoC4/cyfitter_cfg.c **** 	CySysClkWriteImoFreq(24u);
 247              		.loc 1 190 0
 248 0012 1820     		mov	r0, #24
 249 0014 FFF7FEFF 		bl	CySysClkWriteImoFreq
 191:.\Generated_Source\PSoC4/cyfitter_cfg.c **** 
 192:.\Generated_Source\PSoC4/cyfitter_cfg.c **** 	/* Disable HALF_EN since it is not required at this IMO frequency. */
 193:.\Generated_Source\PSoC4/cyfitter_cfg.c **** 	CY_SET_REG32((void CYXDATA *)(CYREG_CLK_SELECT), (CY_GET_REG32((void *)CYREG_CLK_SELECT) & 0xFFFBF
 250              		.loc 1 193 0
 251 0018 0E4B     		ldr	r3, .L10
 252 001a 0E4A     		ldr	r2, .L10
 253 001c 1168     		ldr	r1, [r2]
 254 001e 0E4A     		ldr	r2, .L10+4
 255 0020 0A40     		and	r2, r1
 256 0022 1A60     		str	r2, [r3]
 194:.\Generated_Source\PSoC4/cyfitter_cfg.c **** 	/* CYDEV_CLK_ILO_CONFIG Starting address: CYDEV_CLK_ILO_CONFIG */
 195:.\Generated_Source\PSoC4/cyfitter_cfg.c **** 	CY_SET_XTND_REG32((void CYFAR *)(CYREG_CLK_ILO_CONFIG), 0x80000006u);
 257              		.loc 1 195 0
 258 0024 0D4B     		ldr	r3, .L10+8
ARM GAS  C:\Users\TINYWI~1\AppData\Local\Temp\ccq3V1kb.s 			page 9


 259 0026 0E4A     		ldr	r2, .L10+12
 260 0028 1A60     		str	r2, [r3]
 196:.\Generated_Source\PSoC4/cyfitter_cfg.c **** 
 197:.\Generated_Source\PSoC4/cyfitter_cfg.c **** 
 198:.\Generated_Source\PSoC4/cyfitter_cfg.c **** 	/* CYDEV_CLK_SELECT00 Starting address: CYDEV_CLK_SELECT00 */
 199:.\Generated_Source\PSoC4/cyfitter_cfg.c **** 	CY_SET_XTND_REG32((void CYFAR *)(CYREG_CLK_SELECT08), 0x00000010u);
 261              		.loc 1 199 0
 262 002a 0E4B     		ldr	r3, .L10+16
 263 002c 1022     		mov	r2, #16
 264 002e 1A60     		str	r2, [r3]
 200:.\Generated_Source\PSoC4/cyfitter_cfg.c **** 	CY_SET_XTND_REG32((void CYFAR *)(CYREG_CLK_SELECT09), 0x00000020u);
 265              		.loc 1 200 0
 266 0030 0D4B     		ldr	r3, .L10+20
 267 0032 2022     		mov	r2, #32
 268 0034 1A60     		str	r2, [r3]
 201:.\Generated_Source\PSoC4/cyfitter_cfg.c **** 
 202:.\Generated_Source\PSoC4/cyfitter_cfg.c **** 	/* CYDEV_CLK_IMO_CONFIG Starting address: CYDEV_CLK_IMO_CONFIG */
 203:.\Generated_Source\PSoC4/cyfitter_cfg.c **** 	CY_SET_XTND_REG32((void CYFAR *)(CYREG_CLK_IMO_CONFIG), 0x80000000u);
 269              		.loc 1 203 0
 270 0036 0D4B     		ldr	r3, .L10+24
 271 0038 8022     		mov	r2, #128
 272 003a 1206     		lsl	r2, r2, #24
 273 003c 1A60     		str	r2, [r3]
 204:.\Generated_Source\PSoC4/cyfitter_cfg.c **** 
 205:.\Generated_Source\PSoC4/cyfitter_cfg.c **** 	/* CYDEV_CLK_DIVIDER_A00 Starting address: CYDEV_CLK_DIVIDER_A00 */
 206:.\Generated_Source\PSoC4/cyfitter_cfg.c **** 	CY_SET_XTND_REG32((void CYFAR *)(CYREG_CLK_DIVIDER_A00), 0x80000001u);
 274              		.loc 1 206 0
 275 003e 0C4B     		ldr	r3, .L10+28
 276 0040 0C4A     		ldr	r2, .L10+32
 277 0042 1A60     		str	r2, [r3]
 207:.\Generated_Source\PSoC4/cyfitter_cfg.c **** 
 208:.\Generated_Source\PSoC4/cyfitter_cfg.c **** 	/* CYDEV_CLK_DIVIDER_B00 Starting address: CYDEV_CLK_DIVIDER_B00 */
 209:.\Generated_Source\PSoC4/cyfitter_cfg.c **** 	CY_SET_XTND_REG32((void CYFAR *)(CYREG_CLK_DIVIDER_B00), 0x8000000Bu);
 278              		.loc 1 209 0
 279 0044 0C4B     		ldr	r3, .L10+36
 280 0046 0D4A     		ldr	r2, .L10+40
 281 0048 1A60     		str	r2, [r3]
 210:.\Generated_Source\PSoC4/cyfitter_cfg.c **** 
 211:.\Generated_Source\PSoC4/cyfitter_cfg.c **** 	CY_SET_XTND_REG32((void CYFAR *)(CYREG_WDT_CONFIG), 0x00000000u);
 282              		.loc 1 211 0
 283 004a 0D4B     		ldr	r3, .L10+44
 284 004c 0022     		mov	r2, #0
 285 004e 1A60     		str	r2, [r3]
 212:.\Generated_Source\PSoC4/cyfitter_cfg.c **** }
 286              		.loc 1 212 0
 287 0050 BD46     		mov	sp, r7
 288              		@ sp needed
 289 0052 80BD     		pop	{r7, pc}
 290              	.L11:
 291              		.align	2
 292              	.L10:
 293 0054 00010B40 		.word	1074462976
 294 0058 FFFFFBFF 		.word	-262145
 295 005c 04010B40 		.word	1074462980
 296 0060 06000080 		.word	-2147483642
 297 0064 20020240 		.word	1073873440
 298 0068 24020240 		.word	1073873444
ARM GAS  C:\Users\TINYWI~1\AppData\Local\Temp\ccq3V1kb.s 			page 10


 299 006c 08010B40 		.word	1074462984
 300 0070 00000240 		.word	1073872896
 301 0074 01000080 		.word	-2147483647
 302 0078 40000240 		.word	1073872960
 303 007c 0B000080 		.word	-2147483637
 304 0080 0C020B40 		.word	1074463244
 305              		.cfi_endproc
 306              	.LFE4:
 307              		.size	ClockSetup, .-ClockSetup
 308              		.section	.text.AnalogSetDefault,"ax",%progbits
 309              		.align	2
 310              		.code	16
 311              		.thumb_func
 312              		.type	AnalogSetDefault, %function
 313              	AnalogSetDefault:
 314              	.LFB5:
 213:.\Generated_Source\PSoC4/cyfitter_cfg.c **** 
 214:.\Generated_Source\PSoC4/cyfitter_cfg.c **** 
 215:.\Generated_Source\PSoC4/cyfitter_cfg.c **** /* Analog API Functions */
 216:.\Generated_Source\PSoC4/cyfitter_cfg.c **** 
 217:.\Generated_Source\PSoC4/cyfitter_cfg.c **** 
 218:.\Generated_Source\PSoC4/cyfitter_cfg.c **** /*******************************************************************************
 219:.\Generated_Source\PSoC4/cyfitter_cfg.c **** * Function Name: AnalogSetDefault
 220:.\Generated_Source\PSoC4/cyfitter_cfg.c **** ********************************************************************************
 221:.\Generated_Source\PSoC4/cyfitter_cfg.c **** *
 222:.\Generated_Source\PSoC4/cyfitter_cfg.c **** * Summary:
 223:.\Generated_Source\PSoC4/cyfitter_cfg.c **** *  Sets up the analog portions of the chip to default values based on chip
 224:.\Generated_Source\PSoC4/cyfitter_cfg.c **** *  configuration options from the project.
 225:.\Generated_Source\PSoC4/cyfitter_cfg.c **** *
 226:.\Generated_Source\PSoC4/cyfitter_cfg.c **** * Parameters:
 227:.\Generated_Source\PSoC4/cyfitter_cfg.c **** *  void
 228:.\Generated_Source\PSoC4/cyfitter_cfg.c **** *
 229:.\Generated_Source\PSoC4/cyfitter_cfg.c **** * Return:
 230:.\Generated_Source\PSoC4/cyfitter_cfg.c **** *  void
 231:.\Generated_Source\PSoC4/cyfitter_cfg.c **** *
 232:.\Generated_Source\PSoC4/cyfitter_cfg.c **** *******************************************************************************/
 233:.\Generated_Source\PSoC4/cyfitter_cfg.c **** static void AnalogSetDefault(void);
 234:.\Generated_Source\PSoC4/cyfitter_cfg.c **** static void AnalogSetDefault(void)
 235:.\Generated_Source\PSoC4/cyfitter_cfg.c **** {
 315              		.loc 1 235 0
 316              		.cfi_startproc
 317 0000 80B5     		push	{r7, lr}
 318              		.cfi_def_cfa_offset 8
 319              		.cfi_offset 7, -8
 320              		.cfi_offset 14, -4
 321 0002 00AF     		add	r7, sp, #0
 322              		.cfi_def_cfa_register 7
 236:.\Generated_Source\PSoC4/cyfitter_cfg.c **** }
 323              		.loc 1 236 0
 324 0004 BD46     		mov	sp, r7
 325              		@ sp needed
 326 0006 80BD     		pop	{r7, pc}
 327              		.cfi_endproc
 328              	.LFE5:
 329              		.size	AnalogSetDefault, .-AnalogSetDefault
 330              		.section	.psocinit
 331              		.align	2
ARM GAS  C:\Users\TINYWI~1\AppData\Local\Temp\ccq3V1kb.s 			page 11


 332              		.global	cyfitter_cfg
 333              		.code	16
 334              		.thumb_func
 335              		.type	cyfitter_cfg, %function
 336              	cyfitter_cfg:
 337              	.LFB6:
 237:.\Generated_Source\PSoC4/cyfitter_cfg.c **** 
 238:.\Generated_Source\PSoC4/cyfitter_cfg.c **** #define CY_AMUX_UNUSED CYREG_CM0_ROM_DWT
 239:.\Generated_Source\PSoC4/cyfitter_cfg.c **** 
 240:.\Generated_Source\PSoC4/cyfitter_cfg.c **** 
 241:.\Generated_Source\PSoC4/cyfitter_cfg.c **** /*******************************************************************************
 242:.\Generated_Source\PSoC4/cyfitter_cfg.c **** * Function Name: cyfitter_cfg
 243:.\Generated_Source\PSoC4/cyfitter_cfg.c **** ********************************************************************************
 244:.\Generated_Source\PSoC4/cyfitter_cfg.c **** * Summary:
 245:.\Generated_Source\PSoC4/cyfitter_cfg.c **** *  This function is called by the start-up code for the selected device. It
 246:.\Generated_Source\PSoC4/cyfitter_cfg.c **** *  performs all of the necessary device configuration based on the design
 247:.\Generated_Source\PSoC4/cyfitter_cfg.c **** *  settings.  This includes settings from the Design Wide Resources (DWR) such
 248:.\Generated_Source\PSoC4/cyfitter_cfg.c **** *  as Clocks and Pins as well as any component configuration that is necessary.
 249:.\Generated_Source\PSoC4/cyfitter_cfg.c **** *
 250:.\Generated_Source\PSoC4/cyfitter_cfg.c **** * Parameters:  
 251:.\Generated_Source\PSoC4/cyfitter_cfg.c **** *   void
 252:.\Generated_Source\PSoC4/cyfitter_cfg.c **** *
 253:.\Generated_Source\PSoC4/cyfitter_cfg.c **** * Return:
 254:.\Generated_Source\PSoC4/cyfitter_cfg.c **** *   void
 255:.\Generated_Source\PSoC4/cyfitter_cfg.c **** *
 256:.\Generated_Source\PSoC4/cyfitter_cfg.c **** *******************************************************************************/
 257:.\Generated_Source\PSoC4/cyfitter_cfg.c **** CY_CFG_SECTION
 258:.\Generated_Source\PSoC4/cyfitter_cfg.c **** void cyfitter_cfg(void)
 259:.\Generated_Source\PSoC4/cyfitter_cfg.c **** {
 338              		.loc 1 259 0
 339              		.cfi_startproc
 340 0084 80B5     		push	{r7, lr}
 341              		.cfi_def_cfa_offset 8
 342              		.cfi_offset 7, -8
 343              		.cfi_offset 14, -4
 344 0086 82B0     		sub	sp, sp, #8
 345              		.cfi_def_cfa_offset 16
 346 0088 00AF     		add	r7, sp, #0
 347              		.cfi_def_cfa_register 7
 260:.\Generated_Source\PSoC4/cyfitter_cfg.c **** 	/* Disable interrupts by default. Let user enable if/when they want. */
 261:.\Generated_Source\PSoC4/cyfitter_cfg.c **** 	CyGlobalIntDisable;
 348              		.loc 1 261 0
 349              	@ 261 ".\Generated_Source\PSoC4\cyfitter_cfg.c" 1
 350 008a 72B6     		CPSID   i
 351              	@ 0 "" 2
 352              		.code	16
 353              	.LBB3:
 262:.\Generated_Source\PSoC4/cyfitter_cfg.c **** 
 263:.\Generated_Source\PSoC4/cyfitter_cfg.c **** 	{
 264:.\Generated_Source\PSoC4/cyfitter_cfg.c **** 		static const uint32 CYCODE cy_cfg_addr_table[] = {
 265:.\Generated_Source\PSoC4/cyfitter_cfg.c **** 			0x400F3301u, /* Base address: 0x400F3300 Count: 1 */
 266:.\Generated_Source\PSoC4/cyfitter_cfg.c **** 			0x400F4004u, /* Base address: 0x400F4000 Count: 4 */
 267:.\Generated_Source\PSoC4/cyfitter_cfg.c **** 			0x400F4105u, /* Base address: 0x400F4100 Count: 5 */
 268:.\Generated_Source\PSoC4/cyfitter_cfg.c **** 			0x400F4304u, /* Base address: 0x400F4300 Count: 4 */
 269:.\Generated_Source\PSoC4/cyfitter_cfg.c **** 			0x400F6002u, /* Base address: 0x400F6000 Count: 2 */
 270:.\Generated_Source\PSoC4/cyfitter_cfg.c **** 		};
 271:.\Generated_Source\PSoC4/cyfitter_cfg.c **** 
ARM GAS  C:\Users\TINYWI~1\AppData\Local\Temp\ccq3V1kb.s 			page 12


 272:.\Generated_Source\PSoC4/cyfitter_cfg.c **** 		static const cy_cfg_addrvalue_t CYCODE cy_cfg_data_table[] = {
 273:.\Generated_Source\PSoC4/cyfitter_cfg.c **** 			{0xE6u, 0x20u},
 274:.\Generated_Source\PSoC4/cyfitter_cfg.c **** 			{0x02u, 0x40u},
 275:.\Generated_Source\PSoC4/cyfitter_cfg.c **** 			{0x5Bu, 0x01u},
 276:.\Generated_Source\PSoC4/cyfitter_cfg.c **** 			{0xC0u, 0x10u},
 277:.\Generated_Source\PSoC4/cyfitter_cfg.c **** 			{0xD6u, 0x40u},
 278:.\Generated_Source\PSoC4/cyfitter_cfg.c **** 			{0x46u, 0x40u},
 279:.\Generated_Source\PSoC4/cyfitter_cfg.c **** 			{0x8Bu, 0x01u},
 280:.\Generated_Source\PSoC4/cyfitter_cfg.c **** 			{0x9Au, 0x40u},
 281:.\Generated_Source\PSoC4/cyfitter_cfg.c **** 			{0x9Fu, 0x01u},
 282:.\Generated_Source\PSoC4/cyfitter_cfg.c **** 			{0xD0u, 0x80u},
 283:.\Generated_Source\PSoC4/cyfitter_cfg.c **** 			{0x1Cu, 0x80u},
 284:.\Generated_Source\PSoC4/cyfitter_cfg.c **** 			{0x88u, 0x40u},
 285:.\Generated_Source\PSoC4/cyfitter_cfg.c **** 			{0xC6u, 0x04u},
 286:.\Generated_Source\PSoC4/cyfitter_cfg.c **** 			{0xE6u, 0x04u},
 287:.\Generated_Source\PSoC4/cyfitter_cfg.c **** 			{0x02u, 0x01u},
 288:.\Generated_Source\PSoC4/cyfitter_cfg.c **** 			{0x11u, 0x01u},
 289:.\Generated_Source\PSoC4/cyfitter_cfg.c **** 		};
 290:.\Generated_Source\PSoC4/cyfitter_cfg.c **** 
 291:.\Generated_Source\PSoC4/cyfitter_cfg.c **** 
 292:.\Generated_Source\PSoC4/cyfitter_cfg.c **** 
 293:.\Generated_Source\PSoC4/cyfitter_cfg.c **** 		CYPACKED typedef struct {
 294:.\Generated_Source\PSoC4/cyfitter_cfg.c **** 			void CYFAR *address;
 295:.\Generated_Source\PSoC4/cyfitter_cfg.c **** 			uint16 size;
 296:.\Generated_Source\PSoC4/cyfitter_cfg.c **** 		} CYPACKED_ATTR cfg_memset_t;
 297:.\Generated_Source\PSoC4/cyfitter_cfg.c **** 
 298:.\Generated_Source\PSoC4/cyfitter_cfg.c **** 		static const cfg_memset_t CYCODE cfg_memset_list [] = {
 299:.\Generated_Source\PSoC4/cyfitter_cfg.c **** 			/* address, size */
 300:.\Generated_Source\PSoC4/cyfitter_cfg.c **** 			{(void CYFAR *)(CYDEV_UDB_P0_U0_BASE), 1024u},
 301:.\Generated_Source\PSoC4/cyfitter_cfg.c **** 			{(void CYFAR *)(CYDEV_UDB_DSI0_BASE), 1024u},
 302:.\Generated_Source\PSoC4/cyfitter_cfg.c **** 		};
 303:.\Generated_Source\PSoC4/cyfitter_cfg.c **** 
 304:.\Generated_Source\PSoC4/cyfitter_cfg.c **** 		uint8 CYDATA i;
 305:.\Generated_Source\PSoC4/cyfitter_cfg.c **** 
 306:.\Generated_Source\PSoC4/cyfitter_cfg.c **** 		/* Zero out critical memory blocks before beginning configuration */
 307:.\Generated_Source\PSoC4/cyfitter_cfg.c **** 		for (i = 0u; i < (sizeof(cfg_memset_list)/sizeof(cfg_memset_list[0])); i++)
 354              		.loc 1 307 0
 355 008c FB1D     		add	r3, r7, #7
 356 008e 0022     		mov	r2, #0
 357 0090 1A70     		strb	r2, [r3]
 358 0092 23E0     		b	.L14
 359              	.L15:
 360              	.LBB4:
 308:.\Generated_Source\PSoC4/cyfitter_cfg.c **** 		{
 309:.\Generated_Source\PSoC4/cyfitter_cfg.c **** 			const cfg_memset_t CYCODE * CYDATA ms = &cfg_memset_list[i];
 361              		.loc 1 309 0 discriminator 2
 362 0094 FB1D     		add	r3, r7, #7
 363 0096 1A78     		ldrb	r2, [r3]
 364 0098 131C     		mov	r3, r2
 365 009a 5B00     		lsl	r3, r3, #1
 366 009c 9B18     		add	r3, r3, r2
 367 009e 5B00     		lsl	r3, r3, #1
 368 00a0 344A     		ldr	r2, .L16
 369 00a2 9B18     		add	r3, r3, r2
 370 00a4 3B60     		str	r3, [r7]
 310:.\Generated_Source\PSoC4/cyfitter_cfg.c **** 			CYMEMZERO(ms->address, (size_t)(uint32)(ms->size));
 371              		.loc 1 310 0 discriminator 2
ARM GAS  C:\Users\TINYWI~1\AppData\Local\Temp\ccq3V1kb.s 			page 13


 372 00a6 3B68     		ldr	r3, [r7]
 373 00a8 1A78     		ldrb	r2, [r3]
 374 00aa 5978     		ldrb	r1, [r3, #1]
 375 00ac 0902     		lsl	r1, r1, #8
 376 00ae 0A43     		orr	r2, r1
 377 00b0 9978     		ldrb	r1, [r3, #2]
 378 00b2 0904     		lsl	r1, r1, #16
 379 00b4 0A43     		orr	r2, r1
 380 00b6 DB78     		ldrb	r3, [r3, #3]
 381 00b8 1B06     		lsl	r3, r3, #24
 382 00ba 1343     		orr	r3, r2
 383 00bc 1A1C     		mov	r2, r3
 384 00be 3B68     		ldr	r3, [r7]
 385 00c0 1979     		ldrb	r1, [r3, #4]
 386 00c2 5B79     		ldrb	r3, [r3, #5]
 387 00c4 1B02     		lsl	r3, r3, #8
 388 00c6 0B43     		orr	r3, r1
 389 00c8 9BB2     		uxth	r3, r3
 390 00ca 101C     		mov	r0, r2
 391 00cc 191C     		mov	r1, r3
 392 00ce FFF7FEFF 		bl	CYMEMZERO
 393              	.LBE4:
 307:.\Generated_Source\PSoC4/cyfitter_cfg.c **** 		for (i = 0u; i < (sizeof(cfg_memset_list)/sizeof(cfg_memset_list[0])); i++)
 394              		.loc 1 307 0 discriminator 2
 395 00d2 FB1D     		add	r3, r7, #7
 396 00d4 1A78     		ldrb	r2, [r3]
 397 00d6 FB1D     		add	r3, r7, #7
 398 00d8 0132     		add	r2, r2, #1
 399 00da 1A70     		strb	r2, [r3]
 400              	.L14:
 307:.\Generated_Source\PSoC4/cyfitter_cfg.c **** 		for (i = 0u; i < (sizeof(cfg_memset_list)/sizeof(cfg_memset_list[0])); i++)
 401              		.loc 1 307 0 is_stmt 0 discriminator 1
 402 00dc FB1D     		add	r3, r7, #7
 403 00de 1B78     		ldrb	r3, [r3]
 404 00e0 012B     		cmp	r3, #1
 405 00e2 D7D9     		bls	.L15
 311:.\Generated_Source\PSoC4/cyfitter_cfg.c **** 		}
 312:.\Generated_Source\PSoC4/cyfitter_cfg.c **** 
 313:.\Generated_Source\PSoC4/cyfitter_cfg.c **** 		cfg_write_bytes32(cy_cfg_addr_table, cy_cfg_data_table);
 406              		.loc 1 313 0 is_stmt 1
 407 00e4 244A     		ldr	r2, .L16+4
 408 00e6 254B     		ldr	r3, .L16+8
 409 00e8 101C     		mov	r0, r2
 410 00ea 191C     		mov	r1, r3
 411 00ec FFF7FEFF 		bl	cfg_write_bytes32
 314:.\Generated_Source\PSoC4/cyfitter_cfg.c **** 
 315:.\Generated_Source\PSoC4/cyfitter_cfg.c **** 		/* HSIOM Starting address: CYDEV_HSIOM_BASE */
 316:.\Generated_Source\PSoC4/cyfitter_cfg.c **** 		CY_SET_XTND_REG32((void CYFAR *)(CYDEV_HSIOM_BASE), 0x00030000u);
 412              		.loc 1 316 0
 413 00f0 234B     		ldr	r3, .L16+12
 414 00f2 C022     		mov	r2, #192
 415 00f4 9202     		lsl	r2, r2, #10
 416 00f6 1A60     		str	r2, [r3]
 317:.\Generated_Source\PSoC4/cyfitter_cfg.c **** 		CY_SET_XTND_REG32((void CYFAR *)(CYREG_HSIOM_PORT_SEL3), 0x0000EE00u);
 417              		.loc 1 317 0
 418 00f8 224B     		ldr	r3, .L16+16
 419 00fa EE22     		mov	r2, #238
ARM GAS  C:\Users\TINYWI~1\AppData\Local\Temp\ccq3V1kb.s 			page 14


 420 00fc 1202     		lsl	r2, r2, #8
 421 00fe 1A60     		str	r2, [r3]
 318:.\Generated_Source\PSoC4/cyfitter_cfg.c **** 
 319:.\Generated_Source\PSoC4/cyfitter_cfg.c **** 		/* UDB_PA_0 Starting address: CYDEV_UDB_PA0_BASE */
 320:.\Generated_Source\PSoC4/cyfitter_cfg.c **** 		CY_SET_XTND_REG32((void CYFAR *)(CYDEV_UDB_PA0_BASE), 0x00990004u);
 422              		.loc 1 320 0
 423 0100 214B     		ldr	r3, .L16+20
 424 0102 224A     		ldr	r2, .L16+24
 425 0104 1A60     		str	r2, [r3]
 321:.\Generated_Source\PSoC4/cyfitter_cfg.c **** 		CY_SET_XTND_REG32((void CYFAR *)(CYREG_UDB_PA0_CFG4), 0x00020000u);
 426              		.loc 1 321 0
 427 0106 224B     		ldr	r3, .L16+28
 428 0108 8022     		mov	r2, #128
 429 010a 9202     		lsl	r2, r2, #10
 430 010c 1A60     		str	r2, [r3]
 322:.\Generated_Source\PSoC4/cyfitter_cfg.c **** 
 323:.\Generated_Source\PSoC4/cyfitter_cfg.c **** 		/* UDB_PA_3 Starting address: CYDEV_UDB_PA3_BASE */
 324:.\Generated_Source\PSoC4/cyfitter_cfg.c **** 		CY_SET_XTND_REG32((void CYFAR *)(CYDEV_UDB_PA3_BASE), 0x00990000u);
 431              		.loc 1 324 0
 432 010e 214B     		ldr	r3, .L16+32
 433 0110 9922     		mov	r2, #153
 434 0112 1204     		lsl	r2, r2, #16
 435 0114 1A60     		str	r2, [r3]
 325:.\Generated_Source\PSoC4/cyfitter_cfg.c **** 
 326:.\Generated_Source\PSoC4/cyfitter_cfg.c **** 		/* TCPWM_CNT0 Starting address: CYDEV_TCPWM_CNT0_TR_CTRL0 */
 327:.\Generated_Source\PSoC4/cyfitter_cfg.c **** 		CY_SET_XTND_REG32((void CYFAR *)(CYREG_TCPWM_CNT0_TR_CTRL0), 0x00000D1Du);
 436              		.loc 1 327 0
 437 0116 204B     		ldr	r3, .L16+36
 438 0118 204A     		ldr	r2, .L16+40
 439 011a 1A60     		str	r2, [r3]
 328:.\Generated_Source\PSoC4/cyfitter_cfg.c **** 
 329:.\Generated_Source\PSoC4/cyfitter_cfg.c **** 		/* Enable digital routing */
 330:.\Generated_Source\PSoC4/cyfitter_cfg.c **** 		CY_SET_XTND_REG8((void *)CYREG_UDB_UDBIF_BANK_CTL, CY_GET_XTND_REG8((void *)CYREG_UDB_UDBIF_BANK_
 440              		.loc 1 330 0
 441 011c 204B     		ldr	r3, .L16+44
 442 011e 204A     		ldr	r2, .L16+44
 443 0120 1278     		ldrb	r2, [r2]
 444 0122 D2B2     		uxtb	r2, r2
 445 0124 0221     		mov	r1, #2
 446 0126 0A43     		orr	r2, r1
 447 0128 D2B2     		uxtb	r2, r2
 448 012a 1A70     		strb	r2, [r3]
 331:.\Generated_Source\PSoC4/cyfitter_cfg.c **** 
 332:.\Generated_Source\PSoC4/cyfitter_cfg.c **** 		/* Enable UDB array */
 333:.\Generated_Source\PSoC4/cyfitter_cfg.c **** 		CY_SET_XTND_REG8((void *)CYREG_UDB_UDBIF_WAIT_CFG, (uint8)((CY_GET_XTND_REG8((void *)CYREG_UDB_UD
 449              		.loc 1 333 0
 450 012c 1D4B     		ldr	r3, .L16+48
 451 012e 1D4A     		ldr	r2, .L16+48
 452 0130 1278     		ldrb	r2, [r2]
 453 0132 D2B2     		uxtb	r2, r2
 454 0134 3C21     		mov	r1, #60
 455 0136 8A43     		bic	r2, r1
 456 0138 D2B2     		uxtb	r2, r2
 457 013a 1421     		mov	r1, #20
 458 013c 0A43     		orr	r2, r1
 459 013e D2B2     		uxtb	r2, r2
 460 0140 1A70     		strb	r2, [r3]
ARM GAS  C:\Users\TINYWI~1\AppData\Local\Temp\ccq3V1kb.s 			page 15


 334:.\Generated_Source\PSoC4/cyfitter_cfg.c **** 		CY_SET_XTND_REG8((void *)CYREG_UDB_UDBIF_BANK_CTL, (uint8)(CY_GET_XTND_REG8((void *)CYREG_UDB_UDB
 461              		.loc 1 334 0
 462 0142 174B     		ldr	r3, .L16+44
 463 0144 164A     		ldr	r2, .L16+44
 464 0146 1278     		ldrb	r2, [r2]
 465 0148 D2B2     		uxtb	r2, r2
 466 014a 1621     		mov	r1, #22
 467 014c 0A43     		orr	r2, r1
 468 014e D2B2     		uxtb	r2, r2
 469 0150 1A70     		strb	r2, [r3]
 470              	.LBE3:
 335:.\Generated_Source\PSoC4/cyfitter_cfg.c **** 	}
 336:.\Generated_Source\PSoC4/cyfitter_cfg.c **** 
 337:.\Generated_Source\PSoC4/cyfitter_cfg.c **** 	/* Perform second pass device configuration. These items must be configured in specific order afte
 338:.\Generated_Source\PSoC4/cyfitter_cfg.c **** 	/* IOPINS0_0 Starting address: CYDEV_PRT0_DR */
 339:.\Generated_Source\PSoC4/cyfitter_cfg.c **** 	CY_SET_XTND_REG32((void CYFAR *)(CYREG_PRT0_DR), 0x00000011u);
 471              		.loc 1 339 0
 472 0152 154B     		ldr	r3, .L16+52
 473 0154 1122     		mov	r2, #17
 474 0156 1A60     		str	r2, [r3]
 340:.\Generated_Source\PSoC4/cyfitter_cfg.c **** 	CY_SET_XTND_REG32((void CYFAR *)(CYREG_PRT0_PC), 0x00006002u);
 475              		.loc 1 340 0
 476 0158 144B     		ldr	r3, .L16+56
 477 015a 154A     		ldr	r2, .L16+60
 478 015c 1A60     		str	r2, [r3]
 341:.\Generated_Source\PSoC4/cyfitter_cfg.c **** 
 342:.\Generated_Source\PSoC4/cyfitter_cfg.c **** 	/* IOPINS0_3 Starting address: CYDEV_PRT3_DR */
 343:.\Generated_Source\PSoC4/cyfitter_cfg.c **** 	CY_SET_XTND_REG32((void CYFAR *)(CYREG_PRT3_PC), 0x00000D80u);
 479              		.loc 1 343 0
 480 015e 154B     		ldr	r3, .L16+64
 481 0160 D822     		mov	r2, #216
 482 0162 1201     		lsl	r2, r2, #4
 483 0164 1A60     		str	r2, [r3]
 344:.\Generated_Source\PSoC4/cyfitter_cfg.c **** 
 345:.\Generated_Source\PSoC4/cyfitter_cfg.c **** 	/* Setup clocks based on selections from Clock DWR */
 346:.\Generated_Source\PSoC4/cyfitter_cfg.c **** 	ClockSetup();
 484              		.loc 1 346 0
 485 0166 FFF74BFF 		bl	ClockSetup
 347:.\Generated_Source\PSoC4/cyfitter_cfg.c **** 
 348:.\Generated_Source\PSoC4/cyfitter_cfg.c **** 	/* Perform basic analog initialization to defaults */
 349:.\Generated_Source\PSoC4/cyfitter_cfg.c **** 	AnalogSetDefault();
 486              		.loc 1 349 0
 487 016a FFF7FEFF 		bl	AnalogSetDefault
 350:.\Generated_Source\PSoC4/cyfitter_cfg.c **** 
 351:.\Generated_Source\PSoC4/cyfitter_cfg.c **** }
 488              		.loc 1 351 0
 489 016e BD46     		mov	sp, r7
 490 0170 02B0     		add	sp, sp, #8
 491              		@ sp needed
 492 0172 80BD     		pop	{r7, pc}
 493              	.L17:
 494              		.align	2
 495              	.L16:
 496 0174 00000000 		.word	cfg_memset_list.4740
 497 0178 0C000000 		.word	cy_cfg_addr_table.4734
 498 017c 20000000 		.word	cy_cfg_data_table.4735
 499 0180 00000140 		.word	1073807360
ARM GAS  C:\Users\TINYWI~1\AppData\Local\Temp\ccq3V1kb.s 			page 16


 500 0184 0C000140 		.word	1073807372
 501 0188 00500F40 		.word	1074745344
 502 018c 04009900 		.word	10027012
 503 0190 04500F40 		.word	1074745348
 504 0194 30500F40 		.word	1074745392
 505 0198 20010540 		.word	1074069792
 506 019c 1D0D0000 		.word	3357
 507 01a0 00700F40 		.word	1074753536
 508 01a4 01700F40 		.word	1074753537
 509 01a8 00000440 		.word	1074003968
 510 01ac 08000440 		.word	1074003976
 511 01b0 02600000 		.word	24578
 512 01b4 08030440 		.word	1074004744
 513              		.cfi_endproc
 514              	.LFE6:
 515              		.size	cyfitter_cfg, .-cyfitter_cfg
 516              		.section	.rodata
 517              		.align	2
 518              		.type	cfg_memset_list.4740, %object
 519              		.size	cfg_memset_list.4740, 12
 520              	cfg_memset_list.4740:
 521 0000 00300F40 		.word	1074737152
 522 0004 0004     		.short	1024
 523 0006 00400F40 		.4byte	1074741248
 524 000a 0004     		.short	1024
 525              		.align	2
 526              		.type	cy_cfg_addr_table.4734, %object
 527              		.size	cy_cfg_addr_table.4734, 20
 528              	cy_cfg_addr_table.4734:
 529 000c 01330F40 		.word	1074737921
 530 0010 04400F40 		.word	1074741252
 531 0014 05410F40 		.word	1074741509
 532 0018 04430F40 		.word	1074742020
 533 001c 02600F40 		.word	1074749442
 534              		.align	2
 535              		.type	cy_cfg_data_table.4735, %object
 536              		.size	cy_cfg_data_table.4735, 32
 537              	cy_cfg_data_table.4735:
 538 0020 E6       		.byte	-26
 539 0021 20       		.byte	32
 540 0022 02       		.byte	2
 541 0023 40       		.byte	64
 542 0024 5B       		.byte	91
 543 0025 01       		.byte	1
 544 0026 C0       		.byte	-64
 545 0027 10       		.byte	16
 546 0028 D6       		.byte	-42
 547 0029 40       		.byte	64
 548 002a 46       		.byte	70
 549 002b 40       		.byte	64
 550 002c 8B       		.byte	-117
 551 002d 01       		.byte	1
 552 002e 9A       		.byte	-102
 553 002f 40       		.byte	64
 554 0030 9F       		.byte	-97
 555 0031 01       		.byte	1
 556 0032 D0       		.byte	-48
ARM GAS  C:\Users\TINYWI~1\AppData\Local\Temp\ccq3V1kb.s 			page 17


 557 0033 80       		.byte	-128
 558 0034 1C       		.byte	28
 559 0035 80       		.byte	-128
 560 0036 88       		.byte	-120
 561 0037 40       		.byte	64
 562 0038 C6       		.byte	-58
 563 0039 04       		.byte	4
 564 003a E6       		.byte	-26
 565 003b 04       		.byte	4
 566 003c 02       		.byte	2
 567 003d 01       		.byte	1
 568 003e 11       		.byte	17
 569 003f 01       		.byte	1
 570              		.text
 571              	.Letext0:
 572              		.file 2 "c:\\program files (x86)\\cypress\\psoc creator\\3.2\\psoc creator\\import\\gnu\\arm\\4.8.
 573              		.file 3 ".\\Generated_Source\\PSoC4\\cytypes.h"
 574              		.section	.debug_info,"",%progbits
 575              	.Ldebug_info0:
 576 0000 4F030000 		.4byte	0x34f
 577 0004 0400     		.2byte	0x4
 578 0006 00000000 		.4byte	.Ldebug_abbrev0
 579 000a 04       		.byte	0x4
 580 000b 01       		.uleb128 0x1
 581 000c 5F000000 		.4byte	.LASF39
 582 0010 01       		.byte	0x1
 583 0011 0F020000 		.4byte	.LASF40
 584 0015 A0010000 		.4byte	.LASF41
 585 0019 00000000 		.4byte	.Ldebug_ranges0+0
 586 001d 00000000 		.4byte	0
 587 0021 00000000 		.4byte	.Ldebug_line0
 588 0025 02       		.uleb128 0x2
 589 0026 04       		.byte	0x4
 590 0027 05       		.byte	0x5
 591 0028 696E7400 		.ascii	"int\000"
 592 002c 03       		.uleb128 0x3
 593 002d 06000000 		.4byte	.LASF11
 594 0031 02       		.byte	0x2
 595 0032 D4       		.byte	0xd4
 596 0033 37000000 		.4byte	0x37
 597 0037 04       		.uleb128 0x4
 598 0038 04       		.byte	0x4
 599 0039 07       		.byte	0x7
 600 003a 74010000 		.4byte	.LASF0
 601 003e 04       		.uleb128 0x4
 602 003f 01       		.byte	0x1
 603 0040 06       		.byte	0x6
 604 0041 77020000 		.4byte	.LASF1
 605 0045 04       		.uleb128 0x4
 606 0046 01       		.byte	0x1
 607 0047 08       		.byte	0x8
 608 0048 1C010000 		.4byte	.LASF2
 609 004c 04       		.uleb128 0x4
 610 004d 02       		.byte	0x2
 611 004e 05       		.byte	0x5
 612 004f 64020000 		.4byte	.LASF3
 613 0053 04       		.uleb128 0x4
ARM GAS  C:\Users\TINYWI~1\AppData\Local\Temp\ccq3V1kb.s 			page 18


 614 0054 02       		.byte	0x2
 615 0055 07       		.byte	0x7
 616 0056 83020000 		.4byte	.LASF4
 617 005a 04       		.uleb128 0x4
 618 005b 04       		.byte	0x4
 619 005c 05       		.byte	0x5
 620 005d 6E020000 		.4byte	.LASF5
 621 0061 04       		.uleb128 0x4
 622 0062 04       		.byte	0x4
 623 0063 07       		.byte	0x7
 624 0064 FA000000 		.4byte	.LASF6
 625 0068 04       		.uleb128 0x4
 626 0069 08       		.byte	0x8
 627 006a 05       		.byte	0x5
 628 006b 37020000 		.4byte	.LASF7
 629 006f 04       		.uleb128 0x4
 630 0070 08       		.byte	0x8
 631 0071 07       		.byte	0x7
 632 0072 89010000 		.4byte	.LASF8
 633 0076 04       		.uleb128 0x4
 634 0077 04       		.byte	0x4
 635 0078 07       		.byte	0x7
 636 0079 06020000 		.4byte	.LASF9
 637 007d 05       		.uleb128 0x5
 638 007e 04       		.byte	0x4
 639 007f 04       		.uleb128 0x4
 640 0080 01       		.byte	0x1
 641 0081 08       		.byte	0x8
 642 0082 45020000 		.4byte	.LASF10
 643 0086 03       		.uleb128 0x3
 644 0087 0C010000 		.4byte	.LASF12
 645 008b 03       		.byte	0x3
 646 008c B3       		.byte	0xb3
 647 008d 45000000 		.4byte	0x45
 648 0091 03       		.uleb128 0x3
 649 0092 5B010000 		.4byte	.LASF13
 650 0096 03       		.byte	0x3
 651 0097 B4       		.byte	0xb4
 652 0098 53000000 		.4byte	0x53
 653 009c 03       		.uleb128 0x3
 654 009d 6D010000 		.4byte	.LASF14
 655 00a1 03       		.byte	0x3
 656 00a2 B5       		.byte	0xb5
 657 00a3 61000000 		.4byte	0x61
 658 00a7 04       		.uleb128 0x4
 659 00a8 04       		.byte	0x4
 660 00a9 04       		.byte	0x4
 661 00aa 59000000 		.4byte	.LASF15
 662 00ae 04       		.uleb128 0x4
 663 00af 08       		.byte	0x8
 664 00b0 04       		.byte	0x4
 665 00b1 2A010000 		.4byte	.LASF16
 666 00b5 06       		.uleb128 0x6
 667 00b6 F5000000 		.4byte	.LASF17
 668 00ba 03       		.byte	0x3
 669 00bb 5D01     		.2byte	0x15d
 670 00bd C1000000 		.4byte	0xc1
ARM GAS  C:\Users\TINYWI~1\AppData\Local\Temp\ccq3V1kb.s 			page 19


 671 00c1 07       		.uleb128 0x7
 672 00c2 86000000 		.4byte	0x86
 673 00c6 06       		.uleb128 0x6
 674 00c7 00000000 		.4byte	.LASF18
 675 00cb 03       		.byte	0x3
 676 00cc 5F01     		.2byte	0x15f
 677 00ce D2000000 		.4byte	0xd2
 678 00d2 07       		.uleb128 0x7
 679 00d3 9C000000 		.4byte	0x9c
 680 00d7 08       		.uleb128 0x8
 681 00d8 02       		.byte	0x2
 682 00d9 01       		.byte	0x1
 683 00da 7C       		.byte	0x7c
 684 00db F8000000 		.4byte	0xf8
 685 00df 09       		.uleb128 0x9
 686 00e0 5D020000 		.4byte	.LASF19
 687 00e4 01       		.byte	0x1
 688 00e5 7E       		.byte	0x7e
 689 00e6 86000000 		.4byte	0x86
 690 00ea 00       		.byte	0
 691 00eb 09       		.uleb128 0x9
 692 00ec 1E000000 		.4byte	.LASF20
 693 00f0 01       		.byte	0x1
 694 00f1 7F       		.byte	0x7f
 695 00f2 86000000 		.4byte	0x86
 696 00f6 01       		.byte	0x1
 697 00f7 00       		.byte	0
 698 00f8 03       		.uleb128 0x3
 699 00f9 4A020000 		.4byte	.LASF21
 700 00fd 01       		.byte	0x1
 701 00fe 80       		.byte	0x80
 702 00ff D7000000 		.4byte	0xd7
 703 0103 0A       		.uleb128 0xa
 704 0104 12010000 		.4byte	.LASF22
 705 0108 01       		.byte	0x1
 706 0109 3A       		.byte	0x3a
 707 010a 00000000 		.4byte	.LFB0
 708 010e 1E000000 		.4byte	.LFE0-.LFB0
 709 0112 01       		.uleb128 0x1
 710 0113 9C       		.byte	0x9c
 711 0114 31010000 		.4byte	0x131
 712 0118 0B       		.uleb128 0xb
 713 0119 7300     		.ascii	"s\000"
 714 011b 01       		.byte	0x1
 715 011c 3A       		.byte	0x3a
 716 011d 7D000000 		.4byte	0x7d
 717 0121 02       		.uleb128 0x2
 718 0122 91       		.byte	0x91
 719 0123 74       		.sleb128 -12
 720 0124 0B       		.uleb128 0xb
 721 0125 6E00     		.ascii	"n\000"
 722 0127 01       		.byte	0x1
 723 0128 3A       		.byte	0x3a
 724 0129 2C000000 		.4byte	0x2c
 725 012d 02       		.uleb128 0x2
 726 012e 91       		.byte	0x91
 727 012f 70       		.sleb128 -16
ARM GAS  C:\Users\TINYWI~1\AppData\Local\Temp\ccq3V1kb.s 			page 20


 728 0130 00       		.byte	0
 729 0131 0A       		.uleb128 0xa
 730 0132 A6020000 		.4byte	.LASF23
 731 0136 01       		.byte	0x1
 732 0137 41       		.byte	0x41
 733 0138 00000000 		.4byte	.LFB1
 734 013c 22000000 		.4byte	.LFE1-.LFB1
 735 0140 01       		.uleb128 0x1
 736 0141 9C       		.byte	0x9c
 737 0142 6F010000 		.4byte	0x16f
 738 0146 0C       		.uleb128 0xc
 739 0147 DB000000 		.4byte	.LASF24
 740 014b 01       		.byte	0x1
 741 014c 41       		.byte	0x41
 742 014d 7D000000 		.4byte	0x7d
 743 0151 02       		.uleb128 0x2
 744 0152 91       		.byte	0x91
 745 0153 74       		.sleb128 -12
 746 0154 0B       		.uleb128 0xb
 747 0155 73726300 		.ascii	"src\000"
 748 0159 01       		.byte	0x1
 749 015a 41       		.byte	0x41
 750 015b 6F010000 		.4byte	0x16f
 751 015f 02       		.uleb128 0x2
 752 0160 91       		.byte	0x91
 753 0161 70       		.sleb128 -16
 754 0162 0B       		.uleb128 0xb
 755 0163 6E00     		.ascii	"n\000"
 756 0165 01       		.byte	0x1
 757 0166 41       		.byte	0x41
 758 0167 2C000000 		.4byte	0x2c
 759 016b 02       		.uleb128 0x2
 760 016c 91       		.byte	0x91
 761 016d 6C       		.sleb128 -20
 762 016e 00       		.byte	0
 763 016f 0D       		.uleb128 0xd
 764 0170 04       		.byte	0x4
 765 0171 75010000 		.4byte	0x175
 766 0175 0E       		.uleb128 0xe
 767 0176 0A       		.uleb128 0xa
 768 0177 96020000 		.4byte	.LASF25
 769 017b 01       		.byte	0x1
 770 017c 48       		.byte	0x48
 771 017d 00000000 		.4byte	.LFB2
 772 0181 22000000 		.4byte	.LFE2-.LFB2
 773 0185 01       		.uleb128 0x1
 774 0186 9C       		.byte	0x9c
 775 0187 B4010000 		.4byte	0x1b4
 776 018b 0C       		.uleb128 0xc
 777 018c DB000000 		.4byte	.LASF24
 778 0190 01       		.byte	0x1
 779 0191 48       		.byte	0x48
 780 0192 7D000000 		.4byte	0x7d
 781 0196 02       		.uleb128 0x2
 782 0197 91       		.byte	0x91
 783 0198 74       		.sleb128 -12
 784 0199 0B       		.uleb128 0xb
ARM GAS  C:\Users\TINYWI~1\AppData\Local\Temp\ccq3V1kb.s 			page 21


 785 019a 73726300 		.ascii	"src\000"
 786 019e 01       		.byte	0x1
 787 019f 48       		.byte	0x48
 788 01a0 6F010000 		.4byte	0x16f
 789 01a4 02       		.uleb128 0x2
 790 01a5 91       		.byte	0x91
 791 01a6 70       		.sleb128 -16
 792 01a7 0B       		.uleb128 0xb
 793 01a8 6E00     		.ascii	"n\000"
 794 01aa 01       		.byte	0x1
 795 01ab 48       		.byte	0x48
 796 01ac 2C000000 		.4byte	0x2c
 797 01b0 02       		.uleb128 0x2
 798 01b1 91       		.byte	0x91
 799 01b2 6C       		.sleb128 -20
 800 01b3 00       		.byte	0
 801 01b4 0F       		.uleb128 0xf
 802 01b5 31010000 		.4byte	.LASF26
 803 01b9 01       		.byte	0x1
 804 01ba 93       		.byte	0x93
 805 01bb 00000000 		.4byte	.LFB3
 806 01bf 7E000000 		.4byte	.LFE3-.LFB3
 807 01c3 01       		.uleb128 0x1
 808 01c4 9C       		.byte	0x9c
 809 01c5 24020000 		.4byte	0x224
 810 01c9 0C       		.uleb128 0xc
 811 01ca 50010000 		.4byte	.LASF27
 812 01ce 01       		.byte	0x1
 813 01cf 93       		.byte	0x93
 814 01d0 24020000 		.4byte	0x224
 815 01d4 02       		.uleb128 0x2
 816 01d5 91       		.byte	0x91
 817 01d6 64       		.sleb128 -28
 818 01d7 0C       		.uleb128 0xc
 819 01d8 62010000 		.4byte	.LASF28
 820 01dc 01       		.byte	0x1
 821 01dd 93       		.byte	0x93
 822 01de 2F020000 		.4byte	0x22f
 823 01e2 02       		.uleb128 0x2
 824 01e3 91       		.byte	0x91
 825 01e4 60       		.sleb128 -32
 826 01e5 10       		.uleb128 0x10
 827 01e6 6900     		.ascii	"i\000"
 828 01e8 01       		.byte	0x1
 829 01e9 96       		.byte	0x96
 830 01ea 9C000000 		.4byte	0x9c
 831 01ee 02       		.uleb128 0x2
 832 01ef 91       		.byte	0x91
 833 01f0 74       		.sleb128 -12
 834 01f1 10       		.uleb128 0x10
 835 01f2 6A00     		.ascii	"j\000"
 836 01f4 01       		.byte	0x1
 837 01f5 96       		.byte	0x96
 838 01f6 9C000000 		.4byte	0x9c
 839 01fa 02       		.uleb128 0x2
 840 01fb 91       		.byte	0x91
 841 01fc 70       		.sleb128 -16
ARM GAS  C:\Users\TINYWI~1\AppData\Local\Temp\ccq3V1kb.s 			page 22


 842 01fd 11       		.uleb128 0x11
 843 01fe 14000000 		.4byte	.LBB2
 844 0202 58000000 		.4byte	.LBE2-.LBB2
 845 0206 12       		.uleb128 0x12
 846 0207 FD010000 		.4byte	.LASF29
 847 020b 01       		.byte	0x1
 848 020c 99       		.byte	0x99
 849 020d 9C000000 		.4byte	0x9c
 850 0211 02       		.uleb128 0x2
 851 0212 91       		.byte	0x91
 852 0213 68       		.sleb128 -24
 853 0214 12       		.uleb128 0x12
 854 0215 24000000 		.4byte	.LASF30
 855 0219 01       		.byte	0x1
 856 021a 9A       		.byte	0x9a
 857 021b 86000000 		.4byte	0x86
 858 021f 02       		.uleb128 0x2
 859 0220 91       		.byte	0x91
 860 0221 6F       		.sleb128 -17
 861 0222 00       		.byte	0
 862 0223 00       		.byte	0
 863 0224 0D       		.uleb128 0xd
 864 0225 04       		.byte	0x4
 865 0226 2A020000 		.4byte	0x22a
 866 022a 13       		.uleb128 0x13
 867 022b 9C000000 		.4byte	0x9c
 868 022f 0D       		.uleb128 0xd
 869 0230 04       		.byte	0x4
 870 0231 35020000 		.4byte	0x235
 871 0235 13       		.uleb128 0x13
 872 0236 F8000000 		.4byte	0xf8
 873 023a 14       		.uleb128 0x14
 874 023b 2A000000 		.4byte	.LASF31
 875 023f 01       		.byte	0x1
 876 0240 B8       		.byte	0xb8
 877 0241 00000000 		.4byte	.LFB4
 878 0245 84000000 		.4byte	.LFE4-.LFB4
 879 0249 01       		.uleb128 0x1
 880 024a 9C       		.byte	0x9c
 881 024b 15       		.uleb128 0x15
 882 024c 0D000000 		.4byte	.LASF32
 883 0250 01       		.byte	0x1
 884 0251 EA       		.byte	0xea
 885 0252 00000000 		.4byte	.LFB5
 886 0256 08000000 		.4byte	.LFE5-.LFB5
 887 025a 01       		.uleb128 0x1
 888 025b 9C       		.byte	0x9c
 889 025c 16       		.uleb128 0x16
 890 025d 43010000 		.4byte	.LASF42
 891 0261 01       		.byte	0x1
 892 0262 0201     		.2byte	0x102
 893 0264 84000000 		.4byte	.LFB6
 894 0268 34010000 		.4byte	.LFE6-.LFB6
 895 026c 01       		.uleb128 0x1
 896 026d 9C       		.byte	0x9c
 897 026e 28030000 		.4byte	0x328
 898 0272 11       		.uleb128 0x11
ARM GAS  C:\Users\TINYWI~1\AppData\Local\Temp\ccq3V1kb.s 			page 23


 899 0273 8C000000 		.4byte	.LBB3
 900 0277 C6000000 		.4byte	.LBE3-.LBB3
 901 027b 17       		.uleb128 0x17
 902 027c 35000000 		.4byte	.LASF33
 903 0280 01       		.byte	0x1
 904 0281 0801     		.2byte	0x108
 905 0283 38030000 		.4byte	0x338
 906 0287 05       		.uleb128 0x5
 907 0288 03       		.byte	0x3
 908 0289 0C000000 		.4byte	cy_cfg_addr_table.4734
 909 028d 17       		.uleb128 0x17
 910 028e 47000000 		.4byte	.LASF34
 911 0292 01       		.byte	0x1
 912 0293 1001     		.2byte	0x110
 913 0295 4D030000 		.4byte	0x34d
 914 0299 05       		.uleb128 0x5
 915 029a 03       		.byte	0x3
 916 029b 20000000 		.4byte	cy_cfg_data_table.4735
 917 029f 18       		.uleb128 0x18
 918 02a0 06       		.byte	0x6
 919 02a1 01       		.byte	0x1
 920 02a2 2501     		.2byte	0x125
 921 02a4 C3020000 		.4byte	0x2c3
 922 02a8 19       		.uleb128 0x19
 923 02a9 81010000 		.4byte	.LASF35
 924 02ad 01       		.byte	0x1
 925 02ae 2601     		.2byte	0x126
 926 02b0 7D000000 		.4byte	0x7d
 927 02b4 00       		.byte	0
 928 02b5 19       		.uleb128 0x19
 929 02b6 F0000000 		.4byte	.LASF36
 930 02ba 01       		.byte	0x1
 931 02bb 2701     		.2byte	0x127
 932 02bd 91000000 		.4byte	0x91
 933 02c1 04       		.byte	0x4
 934 02c2 00       		.byte	0
 935 02c3 06       		.uleb128 0x6
 936 02c4 F0010000 		.4byte	.LASF37
 937 02c8 01       		.byte	0x1
 938 02c9 2801     		.2byte	0x128
 939 02cb 9F020000 		.4byte	0x29f
 940 02cf 1A       		.uleb128 0x1a
 941 02d0 C3020000 		.4byte	0x2c3
 942 02d4 DF020000 		.4byte	0x2df
 943 02d8 1B       		.uleb128 0x1b
 944 02d9 76000000 		.4byte	0x76
 945 02dd 01       		.byte	0x1
 946 02de 00       		.byte	0
 947 02df 17       		.uleb128 0x17
 948 02e0 E0000000 		.4byte	.LASF38
 949 02e4 01       		.byte	0x1
 950 02e5 2A01     		.2byte	0x12a
 951 02e7 F1020000 		.4byte	0x2f1
 952 02eb 05       		.uleb128 0x5
 953 02ec 03       		.byte	0x3
 954 02ed 00000000 		.4byte	cfg_memset_list.4740
 955 02f1 13       		.uleb128 0x13
ARM GAS  C:\Users\TINYWI~1\AppData\Local\Temp\ccq3V1kb.s 			page 24


 956 02f2 CF020000 		.4byte	0x2cf
 957 02f6 1C       		.uleb128 0x1c
 958 02f7 6900     		.ascii	"i\000"
 959 02f9 01       		.byte	0x1
 960 02fa 3001     		.2byte	0x130
 961 02fc 86000000 		.4byte	0x86
 962 0300 02       		.uleb128 0x2
 963 0301 91       		.byte	0x91
 964 0302 77       		.sleb128 -9
 965 0303 11       		.uleb128 0x11
 966 0304 94000000 		.4byte	.LBB4
 967 0308 3E000000 		.4byte	.LBE4-.LBB4
 968 030c 1C       		.uleb128 0x1c
 969 030d 6D7300   		.ascii	"ms\000"
 970 0310 01       		.byte	0x1
 971 0311 3501     		.2byte	0x135
 972 0313 1A030000 		.4byte	0x31a
 973 0317 02       		.uleb128 0x2
 974 0318 91       		.byte	0x91
 975 0319 70       		.sleb128 -16
 976 031a 0D       		.uleb128 0xd
 977 031b 04       		.byte	0x4
 978 031c 20030000 		.4byte	0x320
 979 0320 13       		.uleb128 0x13
 980 0321 C3020000 		.4byte	0x2c3
 981 0325 00       		.byte	0
 982 0326 00       		.byte	0
 983 0327 00       		.byte	0
 984 0328 1A       		.uleb128 0x1a
 985 0329 9C000000 		.4byte	0x9c
 986 032d 38030000 		.4byte	0x338
 987 0331 1B       		.uleb128 0x1b
 988 0332 76000000 		.4byte	0x76
 989 0336 04       		.byte	0x4
 990 0337 00       		.byte	0
 991 0338 13       		.uleb128 0x13
 992 0339 28030000 		.4byte	0x328
 993 033d 1A       		.uleb128 0x1a
 994 033e F8000000 		.4byte	0xf8
 995 0342 4D030000 		.4byte	0x34d
 996 0346 1B       		.uleb128 0x1b
 997 0347 76000000 		.4byte	0x76
 998 034b 0F       		.byte	0xf
 999 034c 00       		.byte	0
 1000 034d 13       		.uleb128 0x13
 1001 034e 3D030000 		.4byte	0x33d
 1002 0352 00       		.byte	0
 1003              		.section	.debug_abbrev,"",%progbits
 1004              	.Ldebug_abbrev0:
 1005 0000 01       		.uleb128 0x1
 1006 0001 11       		.uleb128 0x11
 1007 0002 01       		.byte	0x1
 1008 0003 25       		.uleb128 0x25
 1009 0004 0E       		.uleb128 0xe
 1010 0005 13       		.uleb128 0x13
 1011 0006 0B       		.uleb128 0xb
 1012 0007 03       		.uleb128 0x3
ARM GAS  C:\Users\TINYWI~1\AppData\Local\Temp\ccq3V1kb.s 			page 25


 1013 0008 0E       		.uleb128 0xe
 1014 0009 1B       		.uleb128 0x1b
 1015 000a 0E       		.uleb128 0xe
 1016 000b 55       		.uleb128 0x55
 1017 000c 17       		.uleb128 0x17
 1018 000d 11       		.uleb128 0x11
 1019 000e 01       		.uleb128 0x1
 1020 000f 10       		.uleb128 0x10
 1021 0010 17       		.uleb128 0x17
 1022 0011 00       		.byte	0
 1023 0012 00       		.byte	0
 1024 0013 02       		.uleb128 0x2
 1025 0014 24       		.uleb128 0x24
 1026 0015 00       		.byte	0
 1027 0016 0B       		.uleb128 0xb
 1028 0017 0B       		.uleb128 0xb
 1029 0018 3E       		.uleb128 0x3e
 1030 0019 0B       		.uleb128 0xb
 1031 001a 03       		.uleb128 0x3
 1032 001b 08       		.uleb128 0x8
 1033 001c 00       		.byte	0
 1034 001d 00       		.byte	0
 1035 001e 03       		.uleb128 0x3
 1036 001f 16       		.uleb128 0x16
 1037 0020 00       		.byte	0
 1038 0021 03       		.uleb128 0x3
 1039 0022 0E       		.uleb128 0xe
 1040 0023 3A       		.uleb128 0x3a
 1041 0024 0B       		.uleb128 0xb
 1042 0025 3B       		.uleb128 0x3b
 1043 0026 0B       		.uleb128 0xb
 1044 0027 49       		.uleb128 0x49
 1045 0028 13       		.uleb128 0x13
 1046 0029 00       		.byte	0
 1047 002a 00       		.byte	0
 1048 002b 04       		.uleb128 0x4
 1049 002c 24       		.uleb128 0x24
 1050 002d 00       		.byte	0
 1051 002e 0B       		.uleb128 0xb
 1052 002f 0B       		.uleb128 0xb
 1053 0030 3E       		.uleb128 0x3e
 1054 0031 0B       		.uleb128 0xb
 1055 0032 03       		.uleb128 0x3
 1056 0033 0E       		.uleb128 0xe
 1057 0034 00       		.byte	0
 1058 0035 00       		.byte	0
 1059 0036 05       		.uleb128 0x5
 1060 0037 0F       		.uleb128 0xf
 1061 0038 00       		.byte	0
 1062 0039 0B       		.uleb128 0xb
 1063 003a 0B       		.uleb128 0xb
 1064 003b 00       		.byte	0
 1065 003c 00       		.byte	0
 1066 003d 06       		.uleb128 0x6
 1067 003e 16       		.uleb128 0x16
 1068 003f 00       		.byte	0
 1069 0040 03       		.uleb128 0x3
ARM GAS  C:\Users\TINYWI~1\AppData\Local\Temp\ccq3V1kb.s 			page 26


 1070 0041 0E       		.uleb128 0xe
 1071 0042 3A       		.uleb128 0x3a
 1072 0043 0B       		.uleb128 0xb
 1073 0044 3B       		.uleb128 0x3b
 1074 0045 05       		.uleb128 0x5
 1075 0046 49       		.uleb128 0x49
 1076 0047 13       		.uleb128 0x13
 1077 0048 00       		.byte	0
 1078 0049 00       		.byte	0
 1079 004a 07       		.uleb128 0x7
 1080 004b 35       		.uleb128 0x35
 1081 004c 00       		.byte	0
 1082 004d 49       		.uleb128 0x49
 1083 004e 13       		.uleb128 0x13
 1084 004f 00       		.byte	0
 1085 0050 00       		.byte	0
 1086 0051 08       		.uleb128 0x8
 1087 0052 13       		.uleb128 0x13
 1088 0053 01       		.byte	0x1
 1089 0054 0B       		.uleb128 0xb
 1090 0055 0B       		.uleb128 0xb
 1091 0056 3A       		.uleb128 0x3a
 1092 0057 0B       		.uleb128 0xb
 1093 0058 3B       		.uleb128 0x3b
 1094 0059 0B       		.uleb128 0xb
 1095 005a 01       		.uleb128 0x1
 1096 005b 13       		.uleb128 0x13
 1097 005c 00       		.byte	0
 1098 005d 00       		.byte	0
 1099 005e 09       		.uleb128 0x9
 1100 005f 0D       		.uleb128 0xd
 1101 0060 00       		.byte	0
 1102 0061 03       		.uleb128 0x3
 1103 0062 0E       		.uleb128 0xe
 1104 0063 3A       		.uleb128 0x3a
 1105 0064 0B       		.uleb128 0xb
 1106 0065 3B       		.uleb128 0x3b
 1107 0066 0B       		.uleb128 0xb
 1108 0067 49       		.uleb128 0x49
 1109 0068 13       		.uleb128 0x13
 1110 0069 38       		.uleb128 0x38
 1111 006a 0B       		.uleb128 0xb
 1112 006b 00       		.byte	0
 1113 006c 00       		.byte	0
 1114 006d 0A       		.uleb128 0xa
 1115 006e 2E       		.uleb128 0x2e
 1116 006f 01       		.byte	0x1
 1117 0070 03       		.uleb128 0x3
 1118 0071 0E       		.uleb128 0xe
 1119 0072 3A       		.uleb128 0x3a
 1120 0073 0B       		.uleb128 0xb
 1121 0074 3B       		.uleb128 0x3b
 1122 0075 0B       		.uleb128 0xb
 1123 0076 27       		.uleb128 0x27
 1124 0077 19       		.uleb128 0x19
 1125 0078 11       		.uleb128 0x11
 1126 0079 01       		.uleb128 0x1
ARM GAS  C:\Users\TINYWI~1\AppData\Local\Temp\ccq3V1kb.s 			page 27


 1127 007a 12       		.uleb128 0x12
 1128 007b 06       		.uleb128 0x6
 1129 007c 40       		.uleb128 0x40
 1130 007d 18       		.uleb128 0x18
 1131 007e 9642     		.uleb128 0x2116
 1132 0080 19       		.uleb128 0x19
 1133 0081 01       		.uleb128 0x1
 1134 0082 13       		.uleb128 0x13
 1135 0083 00       		.byte	0
 1136 0084 00       		.byte	0
 1137 0085 0B       		.uleb128 0xb
 1138 0086 05       		.uleb128 0x5
 1139 0087 00       		.byte	0
 1140 0088 03       		.uleb128 0x3
 1141 0089 08       		.uleb128 0x8
 1142 008a 3A       		.uleb128 0x3a
 1143 008b 0B       		.uleb128 0xb
 1144 008c 3B       		.uleb128 0x3b
 1145 008d 0B       		.uleb128 0xb
 1146 008e 49       		.uleb128 0x49
 1147 008f 13       		.uleb128 0x13
 1148 0090 02       		.uleb128 0x2
 1149 0091 18       		.uleb128 0x18
 1150 0092 00       		.byte	0
 1151 0093 00       		.byte	0
 1152 0094 0C       		.uleb128 0xc
 1153 0095 05       		.uleb128 0x5
 1154 0096 00       		.byte	0
 1155 0097 03       		.uleb128 0x3
 1156 0098 0E       		.uleb128 0xe
 1157 0099 3A       		.uleb128 0x3a
 1158 009a 0B       		.uleb128 0xb
 1159 009b 3B       		.uleb128 0x3b
 1160 009c 0B       		.uleb128 0xb
 1161 009d 49       		.uleb128 0x49
 1162 009e 13       		.uleb128 0x13
 1163 009f 02       		.uleb128 0x2
 1164 00a0 18       		.uleb128 0x18
 1165 00a1 00       		.byte	0
 1166 00a2 00       		.byte	0
 1167 00a3 0D       		.uleb128 0xd
 1168 00a4 0F       		.uleb128 0xf
 1169 00a5 00       		.byte	0
 1170 00a6 0B       		.uleb128 0xb
 1171 00a7 0B       		.uleb128 0xb
 1172 00a8 49       		.uleb128 0x49
 1173 00a9 13       		.uleb128 0x13
 1174 00aa 00       		.byte	0
 1175 00ab 00       		.byte	0
 1176 00ac 0E       		.uleb128 0xe
 1177 00ad 26       		.uleb128 0x26
 1178 00ae 00       		.byte	0
 1179 00af 00       		.byte	0
 1180 00b0 00       		.byte	0
 1181 00b1 0F       		.uleb128 0xf
 1182 00b2 2E       		.uleb128 0x2e
 1183 00b3 01       		.byte	0x1
ARM GAS  C:\Users\TINYWI~1\AppData\Local\Temp\ccq3V1kb.s 			page 28


 1184 00b4 03       		.uleb128 0x3
 1185 00b5 0E       		.uleb128 0xe
 1186 00b6 3A       		.uleb128 0x3a
 1187 00b7 0B       		.uleb128 0xb
 1188 00b8 3B       		.uleb128 0x3b
 1189 00b9 0B       		.uleb128 0xb
 1190 00ba 27       		.uleb128 0x27
 1191 00bb 19       		.uleb128 0x19
 1192 00bc 11       		.uleb128 0x11
 1193 00bd 01       		.uleb128 0x1
 1194 00be 12       		.uleb128 0x12
 1195 00bf 06       		.uleb128 0x6
 1196 00c0 40       		.uleb128 0x40
 1197 00c1 18       		.uleb128 0x18
 1198 00c2 9742     		.uleb128 0x2117
 1199 00c4 19       		.uleb128 0x19
 1200 00c5 01       		.uleb128 0x1
 1201 00c6 13       		.uleb128 0x13
 1202 00c7 00       		.byte	0
 1203 00c8 00       		.byte	0
 1204 00c9 10       		.uleb128 0x10
 1205 00ca 34       		.uleb128 0x34
 1206 00cb 00       		.byte	0
 1207 00cc 03       		.uleb128 0x3
 1208 00cd 08       		.uleb128 0x8
 1209 00ce 3A       		.uleb128 0x3a
 1210 00cf 0B       		.uleb128 0xb
 1211 00d0 3B       		.uleb128 0x3b
 1212 00d1 0B       		.uleb128 0xb
 1213 00d2 49       		.uleb128 0x49
 1214 00d3 13       		.uleb128 0x13
 1215 00d4 02       		.uleb128 0x2
 1216 00d5 18       		.uleb128 0x18
 1217 00d6 00       		.byte	0
 1218 00d7 00       		.byte	0
 1219 00d8 11       		.uleb128 0x11
 1220 00d9 0B       		.uleb128 0xb
 1221 00da 01       		.byte	0x1
 1222 00db 11       		.uleb128 0x11
 1223 00dc 01       		.uleb128 0x1
 1224 00dd 12       		.uleb128 0x12
 1225 00de 06       		.uleb128 0x6
 1226 00df 00       		.byte	0
 1227 00e0 00       		.byte	0
 1228 00e1 12       		.uleb128 0x12
 1229 00e2 34       		.uleb128 0x34
 1230 00e3 00       		.byte	0
 1231 00e4 03       		.uleb128 0x3
 1232 00e5 0E       		.uleb128 0xe
 1233 00e6 3A       		.uleb128 0x3a
 1234 00e7 0B       		.uleb128 0xb
 1235 00e8 3B       		.uleb128 0x3b
 1236 00e9 0B       		.uleb128 0xb
 1237 00ea 49       		.uleb128 0x49
 1238 00eb 13       		.uleb128 0x13
 1239 00ec 02       		.uleb128 0x2
 1240 00ed 18       		.uleb128 0x18
ARM GAS  C:\Users\TINYWI~1\AppData\Local\Temp\ccq3V1kb.s 			page 29


 1241 00ee 00       		.byte	0
 1242 00ef 00       		.byte	0
 1243 00f0 13       		.uleb128 0x13
 1244 00f1 26       		.uleb128 0x26
 1245 00f2 00       		.byte	0
 1246 00f3 49       		.uleb128 0x49
 1247 00f4 13       		.uleb128 0x13
 1248 00f5 00       		.byte	0
 1249 00f6 00       		.byte	0
 1250 00f7 14       		.uleb128 0x14
 1251 00f8 2E       		.uleb128 0x2e
 1252 00f9 00       		.byte	0
 1253 00fa 03       		.uleb128 0x3
 1254 00fb 0E       		.uleb128 0xe
 1255 00fc 3A       		.uleb128 0x3a
 1256 00fd 0B       		.uleb128 0xb
 1257 00fe 3B       		.uleb128 0x3b
 1258 00ff 0B       		.uleb128 0xb
 1259 0100 27       		.uleb128 0x27
 1260 0101 19       		.uleb128 0x19
 1261 0102 11       		.uleb128 0x11
 1262 0103 01       		.uleb128 0x1
 1263 0104 12       		.uleb128 0x12
 1264 0105 06       		.uleb128 0x6
 1265 0106 40       		.uleb128 0x40
 1266 0107 18       		.uleb128 0x18
 1267 0108 9642     		.uleb128 0x2116
 1268 010a 19       		.uleb128 0x19
 1269 010b 00       		.byte	0
 1270 010c 00       		.byte	0
 1271 010d 15       		.uleb128 0x15
 1272 010e 2E       		.uleb128 0x2e
 1273 010f 00       		.byte	0
 1274 0110 03       		.uleb128 0x3
 1275 0111 0E       		.uleb128 0xe
 1276 0112 3A       		.uleb128 0x3a
 1277 0113 0B       		.uleb128 0xb
 1278 0114 3B       		.uleb128 0x3b
 1279 0115 0B       		.uleb128 0xb
 1280 0116 27       		.uleb128 0x27
 1281 0117 19       		.uleb128 0x19
 1282 0118 11       		.uleb128 0x11
 1283 0119 01       		.uleb128 0x1
 1284 011a 12       		.uleb128 0x12
 1285 011b 06       		.uleb128 0x6
 1286 011c 40       		.uleb128 0x40
 1287 011d 18       		.uleb128 0x18
 1288 011e 9742     		.uleb128 0x2117
 1289 0120 19       		.uleb128 0x19
 1290 0121 00       		.byte	0
 1291 0122 00       		.byte	0
 1292 0123 16       		.uleb128 0x16
 1293 0124 2E       		.uleb128 0x2e
 1294 0125 01       		.byte	0x1
 1295 0126 3F       		.uleb128 0x3f
 1296 0127 19       		.uleb128 0x19
 1297 0128 03       		.uleb128 0x3
ARM GAS  C:\Users\TINYWI~1\AppData\Local\Temp\ccq3V1kb.s 			page 30


 1298 0129 0E       		.uleb128 0xe
 1299 012a 3A       		.uleb128 0x3a
 1300 012b 0B       		.uleb128 0xb
 1301 012c 3B       		.uleb128 0x3b
 1302 012d 05       		.uleb128 0x5
 1303 012e 27       		.uleb128 0x27
 1304 012f 19       		.uleb128 0x19
 1305 0130 11       		.uleb128 0x11
 1306 0131 01       		.uleb128 0x1
 1307 0132 12       		.uleb128 0x12
 1308 0133 06       		.uleb128 0x6
 1309 0134 40       		.uleb128 0x40
 1310 0135 18       		.uleb128 0x18
 1311 0136 9642     		.uleb128 0x2116
 1312 0138 19       		.uleb128 0x19
 1313 0139 01       		.uleb128 0x1
 1314 013a 13       		.uleb128 0x13
 1315 013b 00       		.byte	0
 1316 013c 00       		.byte	0
 1317 013d 17       		.uleb128 0x17
 1318 013e 34       		.uleb128 0x34
 1319 013f 00       		.byte	0
 1320 0140 03       		.uleb128 0x3
 1321 0141 0E       		.uleb128 0xe
 1322 0142 3A       		.uleb128 0x3a
 1323 0143 0B       		.uleb128 0xb
 1324 0144 3B       		.uleb128 0x3b
 1325 0145 05       		.uleb128 0x5
 1326 0146 49       		.uleb128 0x49
 1327 0147 13       		.uleb128 0x13
 1328 0148 02       		.uleb128 0x2
 1329 0149 18       		.uleb128 0x18
 1330 014a 00       		.byte	0
 1331 014b 00       		.byte	0
 1332 014c 18       		.uleb128 0x18
 1333 014d 13       		.uleb128 0x13
 1334 014e 01       		.byte	0x1
 1335 014f 0B       		.uleb128 0xb
 1336 0150 0B       		.uleb128 0xb
 1337 0151 3A       		.uleb128 0x3a
 1338 0152 0B       		.uleb128 0xb
 1339 0153 3B       		.uleb128 0x3b
 1340 0154 05       		.uleb128 0x5
 1341 0155 01       		.uleb128 0x1
 1342 0156 13       		.uleb128 0x13
 1343 0157 00       		.byte	0
 1344 0158 00       		.byte	0
 1345 0159 19       		.uleb128 0x19
 1346 015a 0D       		.uleb128 0xd
 1347 015b 00       		.byte	0
 1348 015c 03       		.uleb128 0x3
 1349 015d 0E       		.uleb128 0xe
 1350 015e 3A       		.uleb128 0x3a
 1351 015f 0B       		.uleb128 0xb
 1352 0160 3B       		.uleb128 0x3b
 1353 0161 05       		.uleb128 0x5
 1354 0162 49       		.uleb128 0x49
ARM GAS  C:\Users\TINYWI~1\AppData\Local\Temp\ccq3V1kb.s 			page 31


 1355 0163 13       		.uleb128 0x13
 1356 0164 38       		.uleb128 0x38
 1357 0165 0B       		.uleb128 0xb
 1358 0166 00       		.byte	0
 1359 0167 00       		.byte	0
 1360 0168 1A       		.uleb128 0x1a
 1361 0169 01       		.uleb128 0x1
 1362 016a 01       		.byte	0x1
 1363 016b 49       		.uleb128 0x49
 1364 016c 13       		.uleb128 0x13
 1365 016d 01       		.uleb128 0x1
 1366 016e 13       		.uleb128 0x13
 1367 016f 00       		.byte	0
 1368 0170 00       		.byte	0
 1369 0171 1B       		.uleb128 0x1b
 1370 0172 21       		.uleb128 0x21
 1371 0173 00       		.byte	0
 1372 0174 49       		.uleb128 0x49
 1373 0175 13       		.uleb128 0x13
 1374 0176 2F       		.uleb128 0x2f
 1375 0177 0B       		.uleb128 0xb
 1376 0178 00       		.byte	0
 1377 0179 00       		.byte	0
 1378 017a 1C       		.uleb128 0x1c
 1379 017b 34       		.uleb128 0x34
 1380 017c 00       		.byte	0
 1381 017d 03       		.uleb128 0x3
 1382 017e 08       		.uleb128 0x8
 1383 017f 3A       		.uleb128 0x3a
 1384 0180 0B       		.uleb128 0xb
 1385 0181 3B       		.uleb128 0x3b
 1386 0182 05       		.uleb128 0x5
 1387 0183 49       		.uleb128 0x49
 1388 0184 13       		.uleb128 0x13
 1389 0185 02       		.uleb128 0x2
 1390 0186 18       		.uleb128 0x18
 1391 0187 00       		.byte	0
 1392 0188 00       		.byte	0
 1393 0189 00       		.byte	0
 1394              		.section	.debug_aranges,"",%progbits
 1395 0000 4C000000 		.4byte	0x4c
 1396 0004 0200     		.2byte	0x2
 1397 0006 00000000 		.4byte	.Ldebug_info0
 1398 000a 04       		.byte	0x4
 1399 000b 00       		.byte	0
 1400 000c 0000     		.2byte	0
 1401 000e 0000     		.2byte	0
 1402 0010 00000000 		.4byte	.LFB0
 1403 0014 1E000000 		.4byte	.LFE0-.LFB0
 1404 0018 00000000 		.4byte	.LFB1
 1405 001c 22000000 		.4byte	.LFE1-.LFB1
 1406 0020 00000000 		.4byte	.LFB2
 1407 0024 22000000 		.4byte	.LFE2-.LFB2
 1408 0028 00000000 		.4byte	.LFB3
 1409 002c 7E000000 		.4byte	.LFE3-.LFB3
 1410 0030 00000000 		.4byte	.LFB4
 1411 0034 84000000 		.4byte	.LFE4-.LFB4
ARM GAS  C:\Users\TINYWI~1\AppData\Local\Temp\ccq3V1kb.s 			page 32


 1412 0038 00000000 		.4byte	.LFB5
 1413 003c 08000000 		.4byte	.LFE5-.LFB5
 1414 0040 84000000 		.4byte	.LFB6
 1415 0044 34010000 		.4byte	.LFE6-.LFB6
 1416 0048 00000000 		.4byte	0
 1417 004c 00000000 		.4byte	0
 1418              		.section	.debug_ranges,"",%progbits
 1419              	.Ldebug_ranges0:
 1420 0000 00000000 		.4byte	.LFB0
 1421 0004 1E000000 		.4byte	.LFE0
 1422 0008 00000000 		.4byte	.LFB1
 1423 000c 22000000 		.4byte	.LFE1
 1424 0010 00000000 		.4byte	.LFB2
 1425 0014 22000000 		.4byte	.LFE2
 1426 0018 00000000 		.4byte	.LFB3
 1427 001c 7E000000 		.4byte	.LFE3
 1428 0020 00000000 		.4byte	.LFB4
 1429 0024 84000000 		.4byte	.LFE4
 1430 0028 00000000 		.4byte	.LFB5
 1431 002c 08000000 		.4byte	.LFE5
 1432 0030 84000000 		.4byte	.LFB6
 1433 0034 B8010000 		.4byte	.LFE6
 1434 0038 00000000 		.4byte	0
 1435 003c 00000000 		.4byte	0
 1436              		.section	.debug_line,"",%progbits
 1437              	.Ldebug_line0:
 1438 0000 8C010000 		.section	.debug_str,"MS",%progbits,1
 1438      0200CD00 
 1438      00000201 
 1438      FB0E0D00 
 1438      01010101 
 1439              	.LASF18:
 1440 0000 72656733 		.ascii	"reg32\000"
 1440      3200
 1441              	.LASF11:
 1442 0006 73697A65 		.ascii	"size_t\000"
 1442      5F7400
 1443              	.LASF32:
 1444 000d 416E616C 		.ascii	"AnalogSetDefault\000"
 1444      6F675365 
 1444      74446566 
 1444      61756C74 
 1444      00
 1445              	.LASF20:
 1446 001e 76616C75 		.ascii	"value\000"
 1446      6500
 1447              	.LASF30:
 1448 0024 636F756E 		.ascii	"count\000"
 1448      7400
 1449              	.LASF31:
 1450 002a 436C6F63 		.ascii	"ClockSetup\000"
 1450      6B536574 
 1450      757000
 1451              	.LASF33:
 1452 0035 63795F63 		.ascii	"cy_cfg_addr_table\000"
 1452      66675F61 
 1452      6464725F 
ARM GAS  C:\Users\TINYWI~1\AppData\Local\Temp\ccq3V1kb.s 			page 33


 1452      7461626C 
 1452      6500
 1453              	.LASF34:
 1454 0047 63795F63 		.ascii	"cy_cfg_data_table\000"
 1454      66675F64 
 1454      6174615F 
 1454      7461626C 
 1454      6500
 1455              	.LASF15:
 1456 0059 666C6F61 		.ascii	"float\000"
 1456      7400
 1457              	.LASF39:
 1458 005f 474E5520 		.ascii	"GNU C 4.8.4 20140526 (release) [ARM/embedded-4_8-br"
 1458      4320342E 
 1458      382E3420 
 1458      32303134 
 1458      30353236 
 1459 0092 616E6368 		.ascii	"anch revision 211358] -mcpu=cortex-m0 -mthumb -g -O"
 1459      20726576 
 1459      6973696F 
 1459      6E203231 
 1459      31333538 
 1460 00c5 30202D66 		.ascii	"0 -ffunction-sections\000"
 1460      66756E63 
 1460      74696F6E 
 1460      2D736563 
 1460      74696F6E 
 1461              	.LASF24:
 1462 00db 64657374 		.ascii	"dest\000"
 1462      00
 1463              	.LASF38:
 1464 00e0 6366675F 		.ascii	"cfg_memset_list\000"
 1464      6D656D73 
 1464      65745F6C 
 1464      69737400 
 1465              	.LASF36:
 1466 00f0 73697A65 		.ascii	"size\000"
 1466      00
 1467              	.LASF17:
 1468 00f5 72656738 		.ascii	"reg8\000"
 1468      00
 1469              	.LASF6:
 1470 00fa 6C6F6E67 		.ascii	"long unsigned int\000"
 1470      20756E73 
 1470      69676E65 
 1470      6420696E 
 1470      7400
 1471              	.LASF12:
 1472 010c 75696E74 		.ascii	"uint8\000"
 1472      3800
 1473              	.LASF22:
 1474 0112 43594D45 		.ascii	"CYMEMZERO\000"
 1474      4D5A4552 
 1474      4F00
 1475              	.LASF2:
 1476 011c 756E7369 		.ascii	"unsigned char\000"
 1476      676E6564 
ARM GAS  C:\Users\TINYWI~1\AppData\Local\Temp\ccq3V1kb.s 			page 34


 1476      20636861 
 1476      7200
 1477              	.LASF16:
 1478 012a 646F7562 		.ascii	"double\000"
 1478      6C6500
 1479              	.LASF26:
 1480 0131 6366675F 		.ascii	"cfg_write_bytes32\000"
 1480      77726974 
 1480      655F6279 
 1480      74657333 
 1480      3200
 1481              	.LASF42:
 1482 0143 63796669 		.ascii	"cyfitter_cfg\000"
 1482      74746572 
 1482      5F636667 
 1482      00
 1483              	.LASF27:
 1484 0150 61646472 		.ascii	"addr_table\000"
 1484      5F746162 
 1484      6C6500
 1485              	.LASF13:
 1486 015b 75696E74 		.ascii	"uint16\000"
 1486      313600
 1487              	.LASF28:
 1488 0162 64617461 		.ascii	"data_table\000"
 1488      5F746162 
 1488      6C6500
 1489              	.LASF14:
 1490 016d 75696E74 		.ascii	"uint32\000"
 1490      333200
 1491              	.LASF0:
 1492 0174 756E7369 		.ascii	"unsigned int\000"
 1492      676E6564 
 1492      20696E74 
 1492      00
 1493              	.LASF35:
 1494 0181 61646472 		.ascii	"address\000"
 1494      65737300 
 1495              	.LASF8:
 1496 0189 6C6F6E67 		.ascii	"long long unsigned int\000"
 1496      206C6F6E 
 1496      6720756E 
 1496      7369676E 
 1496      65642069 
 1497              	.LASF41:
 1498 01a0 433A5C55 		.ascii	"C:\\Users\\TinyWindows\\Documents\\PSoC Creator\\pi"
 1498      73657273 
 1498      5C54696E 
 1498      7957696E 
 1498      646F7773 
 1499 01ce 657A6F2D 		.ascii	"ezo-sensor\\My First Project.cydsn\000"
 1499      73656E73 
 1499      6F725C4D 
 1499      79204669 
 1499      72737420 
 1500              	.LASF37:
 1501 01f0 6366675F 		.ascii	"cfg_memset_t\000"
ARM GAS  C:\Users\TINYWI~1\AppData\Local\Temp\ccq3V1kb.s 			page 35


 1501      6D656D73 
 1501      65745F74 
 1501      00
 1502              	.LASF29:
 1503 01fd 62617365 		.ascii	"baseAddr\000"
 1503      41646472 
 1503      00
 1504              	.LASF9:
 1505 0206 73697A65 		.ascii	"sizetype\000"
 1505      74797065 
 1505      00
 1506              	.LASF40:
 1507 020f 2E5C4765 		.ascii	".\\Generated_Source\\PSoC4\\cyfitter_cfg.c\000"
 1507      6E657261 
 1507      7465645F 
 1507      536F7572 
 1507      63655C50 
 1508              	.LASF7:
 1509 0237 6C6F6E67 		.ascii	"long long int\000"
 1509      206C6F6E 
 1509      6720696E 
 1509      7400
 1510              	.LASF10:
 1511 0245 63686172 		.ascii	"char\000"
 1511      00
 1512              	.LASF21:
 1513 024a 63795F63 		.ascii	"cy_cfg_addrvalue_t\000"
 1513      66675F61 
 1513      64647276 
 1513      616C7565 
 1513      5F7400
 1514              	.LASF19:
 1515 025d 6F666673 		.ascii	"offset\000"
 1515      657400
 1516              	.LASF3:
 1517 0264 73686F72 		.ascii	"short int\000"
 1517      7420696E 
 1517      7400
 1518              	.LASF5:
 1519 026e 6C6F6E67 		.ascii	"long int\000"
 1519      20696E74 
 1519      00
 1520              	.LASF1:
 1521 0277 7369676E 		.ascii	"signed char\000"
 1521      65642063 
 1521      68617200 
 1522              	.LASF4:
 1523 0283 73686F72 		.ascii	"short unsigned int\000"
 1523      7420756E 
 1523      7369676E 
 1523      65642069 
 1523      6E7400
 1524              	.LASF25:
 1525 0296 4359434F 		.ascii	"CYCONFIGCPYCODE\000"
 1525      4E464947 
 1525      43505943 
 1525      4F444500 
ARM GAS  C:\Users\TINYWI~1\AppData\Local\Temp\ccq3V1kb.s 			page 36


 1526              	.LASF23:
 1527 02a6 4359434F 		.ascii	"CYCONFIGCPY\000"
 1527      4E464947 
 1527      43505900 
 1528              		.ident	"GCC: (GNU Tools for ARM Embedded Processors) 4.8.4 20140526 (release) [ARM/embedded-4_8-br
