ARM GAS  C:\Users\TINYWI~1\AppData\Local\Temp\ccHgJHYX.s 			page 1


   1              		.cpu cortex-m0
   2              		.fpu softvfp
   3              		.eabi_attribute 20, 1
   4              		.eabi_attribute 21, 1
   5              		.eabi_attribute 23, 3
   6              		.eabi_attribute 24, 1
   7              		.eabi_attribute 25, 1
   8              		.eabi_attribute 26, 1
   9              		.eabi_attribute 30, 6
  10              		.eabi_attribute 34, 0
  11              		.eabi_attribute 18, 4
  12              		.code	16
  13              		.file	"piezoelectric.c"
  14              		.text
  15              	.Ltext0:
  16              		.cfi_sections	.debug_frame
  17              		.global	volume
  18              		.data
  19              		.type	volume, %object
  20              		.size	volume, 1
  21              	volume:
  22 0000 01       		.byte	1
  23              		.global	tempo
  24              		.type	tempo, %object
  25              		.size	tempo, 1
  26              	tempo:
  27 0001 78       		.byte	120
  28              		.global	f_clock
  29              		.section	.rodata
  30              		.align	2
  31              		.type	f_clock, %object
  32              		.size	f_clock, 4
  33              	f_clock:
  34 0000 80841E00 		.word	2000000
  35              		.global	freq_mod
  36              		.align	2
  37              		.type	freq_mod, %object
  38              		.size	freq_mod, 4
  39              	freq_mod:
  40 0004 0A000000 		.word	10
  41              		.global	current_frequency
  42              		.bss
  43              		.align	1
  44              		.type	current_frequency, %object
  45              		.size	current_frequency, 2
  46              	current_frequency:
  47 0000 0000     		.space	2
  48              		.global	__aeabi_idiv
  49              		.section	.text.piezo_tone,"ax",%progbits
  50              		.align	2
  51              		.global	piezo_tone
  52              		.code	16
  53              		.thumb_func
  54              		.type	piezo_tone, %function
  55              	piezo_tone:
  56              	.LFB33:
  57              		.file 1 ".\\piezoelectric.c"
ARM GAS  C:\Users\TINYWI~1\AppData\Local\Temp\ccHgJHYX.s 			page 2


   1:.\piezoelectric.c **** /* ========================================
   2:.\piezoelectric.c ****  *
   3:.\piezoelectric.c ****  * Copyright YOUR COMPANY, THE YEAR
   4:.\piezoelectric.c ****  * All Rights Reserved
   5:.\piezoelectric.c ****  * UNPUBLISHED, LICENSED SOFTWARE.
   6:.\piezoelectric.c ****  *
   7:.\piezoelectric.c ****  * CONFIDENTIAL AND PROPRIETARY INFORMATION
   8:.\piezoelectric.c ****  * WHICH IS THE PROPERTY OF your company.
   9:.\piezoelectric.c ****  *
  10:.\piezoelectric.c ****  * ========================================
  11:.\piezoelectric.c **** */
  12:.\piezoelectric.c **** #include <project.h>
  13:.\piezoelectric.c **** #include "cytypes.h"
  14:.\piezoelectric.c **** #include "Timer_1.h"
  15:.\piezoelectric.c **** #include "TRIGGER_TIMER.h"
  16:.\piezoelectric.c **** #include "PWM_1.h"
  17:.\piezoelectric.c **** #include "piezoelectric.h"
  18:.\piezoelectric.c **** 
  19:.\piezoelectric.c **** uint8 volume = 1;
  20:.\piezoelectric.c **** uint8 tempo = 120;
  21:.\piezoelectric.c **** int const f_clock = 2000000;
  22:.\piezoelectric.c **** int const freq_mod = 10;
  23:.\piezoelectric.c **** uint16 current_frequency = 0;
  24:.\piezoelectric.c **** 
  25:.\piezoelectric.c **** 
  26:.\piezoelectric.c **** void piezo_tone(uint16 frequency_value) 
  27:.\piezoelectric.c **** {
  58              		.loc 1 27 0
  59              		.cfi_startproc
  60 0000 80B5     		push	{r7, lr}
  61              		.cfi_def_cfa_offset 8
  62              		.cfi_offset 7, -8
  63              		.cfi_offset 14, -4
  64 0002 84B0     		sub	sp, sp, #16
  65              		.cfi_def_cfa_offset 24
  66 0004 00AF     		add	r7, sp, #0
  67              		.cfi_def_cfa_register 7
  68 0006 021C     		mov	r2, r0
  69 0008 BB1D     		add	r3, r7, #6
  70 000a 1A80     		strh	r2, [r3]
  28:.\piezoelectric.c ****     current_frequency = frequency_value;
  71              		.loc 1 28 0
  72 000c 1A4B     		ldr	r3, .L3
  73 000e BA1D     		add	r2, r7, #6
  74 0010 1288     		ldrh	r2, [r2]
  75 0012 1A80     		strh	r2, [r3]
  29:.\piezoelectric.c ****     // duty cycle ticks is a percentage of frequency based on volume
  30:.\piezoelectric.c ****     int period_ticks = f_clock * freq_mod / frequency_value;
  76              		.loc 1 30 0
  77 0014 194B     		ldr	r3, .L3+4
  78 0016 0A22     		mov	r2, #10
  79 0018 5A43     		mul	r2, r3
  80 001a BB1D     		add	r3, r7, #6
  81 001c 1B88     		ldrh	r3, [r3]
  82 001e 101C     		mov	r0, r2
  83 0020 191C     		mov	r1, r3
  84 0022 FFF7FEFF 		bl	__aeabi_idiv
ARM GAS  C:\Users\TINYWI~1\AppData\Local\Temp\ccHgJHYX.s 			page 3


  85 0026 031C     		mov	r3, r0
  86 0028 BB60     		str	r3, [r7, #8]
  31:.\piezoelectric.c ****     uint16 compare_ticks = period_ticks * volume / 100;
  87              		.loc 1 31 0
  88 002a 154B     		ldr	r3, .L3+8
  89 002c 1B78     		ldrb	r3, [r3]
  90 002e BA68     		ldr	r2, [r7, #8]
  91 0030 5343     		mul	r3, r2
  92 0032 181C     		mov	r0, r3
  93 0034 6421     		mov	r1, #100
  94 0036 FFF7FEFF 		bl	__aeabi_idiv
  95 003a 031C     		mov	r3, r0
  96 003c 1A1C     		mov	r2, r3
  97 003e 3B1C     		mov	r3, r7
  98 0040 0E33     		add	r3, r3, #14
  99 0042 1A80     		strh	r2, [r3]
  32:.\piezoelectric.c ****     
  33:.\piezoelectric.c ****     // maximum duty cycle ticks must be at least 1 lower than frequency
  34:.\piezoelectric.c ****     // to produce a vibration
  35:.\piezoelectric.c ****     if (compare_ticks == period_ticks) {
 100              		.loc 1 35 0
 101 0044 3B1C     		mov	r3, r7
 102 0046 0E33     		add	r3, r3, #14
 103 0048 1A88     		ldrh	r2, [r3]
 104 004a BB68     		ldr	r3, [r7, #8]
 105 004c 9A42     		cmp	r2, r3
 106 004e 06D1     		bne	.L2
  36:.\piezoelectric.c ****         compare_ticks--;
 107              		.loc 1 36 0
 108 0050 3B1C     		mov	r3, r7
 109 0052 0E33     		add	r3, r3, #14
 110 0054 1A88     		ldrh	r2, [r3]
 111 0056 3B1C     		mov	r3, r7
 112 0058 0E33     		add	r3, r3, #14
 113 005a 013A     		sub	r2, r2, #1
 114 005c 1A80     		strh	r2, [r3]
 115              	.L2:
  37:.\piezoelectric.c ****     }
  38:.\piezoelectric.c ****     
  39:.\piezoelectric.c ****     // Set period to frequency value
  40:.\piezoelectric.c ****     PWM_1_WritePeriod(period_ticks);
 116              		.loc 1 40 0
 117 005e BB68     		ldr	r3, [r7, #8]
 118 0060 181C     		mov	r0, r3
 119 0062 FFF7FEFF 		bl	PWM_1_WritePeriod
  41:.\piezoelectric.c ****     
  42:.\piezoelectric.c ****     // Set compare to toggle on duty cycle ticks
  43:.\piezoelectric.c ****     PWM_1_WriteCompare(compare_ticks);
 120              		.loc 1 43 0
 121 0066 3B1C     		mov	r3, r7
 122 0068 0E33     		add	r3, r3, #14
 123 006a 1B88     		ldrh	r3, [r3]
 124 006c 181C     		mov	r0, r3
 125 006e FFF7FEFF 		bl	PWM_1_WriteCompare
  44:.\piezoelectric.c **** }
 126              		.loc 1 44 0
 127 0072 BD46     		mov	sp, r7
ARM GAS  C:\Users\TINYWI~1\AppData\Local\Temp\ccHgJHYX.s 			page 4


 128 0074 04B0     		add	sp, sp, #16
 129              		@ sp needed
 130 0076 80BD     		pop	{r7, pc}
 131              	.L4:
 132              		.align	2
 133              	.L3:
 134 0078 00000000 		.word	current_frequency
 135 007c 80841E00 		.word	2000000
 136 0080 00000000 		.word	volume
 137              		.cfi_endproc
 138              	.LFE33:
 139              		.size	piezo_tone, .-piezo_tone
 140              		.section	.text.piezo_volume,"ax",%progbits
 141              		.align	2
 142              		.global	piezo_volume
 143              		.code	16
 144              		.thumb_func
 145              		.type	piezo_volume, %function
 146              	piezo_volume:
 147              	.LFB34:
  45:.\piezoelectric.c **** 
  46:.\piezoelectric.c **** void piezo_volume(uint8 value)
  47:.\piezoelectric.c **** {
 148              		.loc 1 47 0
 149              		.cfi_startproc
 150 0000 80B5     		push	{r7, lr}
 151              		.cfi_def_cfa_offset 8
 152              		.cfi_offset 7, -8
 153              		.cfi_offset 14, -4
 154 0002 82B0     		sub	sp, sp, #8
 155              		.cfi_def_cfa_offset 16
 156 0004 00AF     		add	r7, sp, #0
 157              		.cfi_def_cfa_register 7
 158 0006 021C     		mov	r2, r0
 159 0008 FB1D     		add	r3, r7, #7
 160 000a 1A70     		strb	r2, [r3]
  48:.\piezoelectric.c ****     volume = value;
 161              		.loc 1 48 0
 162 000c 054B     		ldr	r3, .L6
 163 000e FA1D     		add	r2, r7, #7
 164 0010 1278     		ldrb	r2, [r2]
 165 0012 1A70     		strb	r2, [r3]
  49:.\piezoelectric.c ****     piezo_tone(current_frequency);
 166              		.loc 1 49 0
 167 0014 044B     		ldr	r3, .L6+4
 168 0016 1B88     		ldrh	r3, [r3]
 169 0018 181C     		mov	r0, r3
 170 001a FFF7FEFF 		bl	piezo_tone
  50:.\piezoelectric.c **** }
 171              		.loc 1 50 0
 172 001e BD46     		mov	sp, r7
 173 0020 02B0     		add	sp, sp, #8
 174              		@ sp needed
 175 0022 80BD     		pop	{r7, pc}
 176              	.L7:
 177              		.align	2
 178              	.L6:
ARM GAS  C:\Users\TINYWI~1\AppData\Local\Temp\ccHgJHYX.s 			page 5


 179 0024 00000000 		.word	volume
 180 0028 00000000 		.word	current_frequency
 181              		.cfi_endproc
 182              	.LFE34:
 183              		.size	piezo_volume, .-piezo_volume
 184              		.section	.text.piezo_tempo,"ax",%progbits
 185              		.align	2
 186              		.global	piezo_tempo
 187              		.code	16
 188              		.thumb_func
 189              		.type	piezo_tempo, %function
 190              	piezo_tempo:
 191              	.LFB35:
  51:.\piezoelectric.c ****     
  52:.\piezoelectric.c **** void piezo_tempo(uint8 bpm)
  53:.\piezoelectric.c **** {
 192              		.loc 1 53 0
 193              		.cfi_startproc
 194 0000 80B5     		push	{r7, lr}
 195              		.cfi_def_cfa_offset 8
 196              		.cfi_offset 7, -8
 197              		.cfi_offset 14, -4
 198 0002 82B0     		sub	sp, sp, #8
 199              		.cfi_def_cfa_offset 16
 200 0004 00AF     		add	r7, sp, #0
 201              		.cfi_def_cfa_register 7
 202 0006 021C     		mov	r2, r0
 203 0008 FB1D     		add	r3, r7, #7
 204 000a 1A70     		strb	r2, [r3]
  54:.\piezoelectric.c ****     tempo = bpm;
 205              		.loc 1 54 0
 206 000c 034B     		ldr	r3, .L9
 207 000e FA1D     		add	r2, r7, #7
 208 0010 1278     		ldrb	r2, [r2]
 209 0012 1A70     		strb	r2, [r3]
  55:.\piezoelectric.c **** }
 210              		.loc 1 55 0
 211 0014 BD46     		mov	sp, r7
 212 0016 02B0     		add	sp, sp, #8
 213              		@ sp needed
 214 0018 80BD     		pop	{r7, pc}
 215              	.L10:
 216 001a C046     		.align	2
 217              	.L9:
 218 001c 00000000 		.word	tempo
 219              		.cfi_endproc
 220              	.LFE35:
 221              		.size	piezo_tempo, .-piezo_tempo
 222              		.section	.text.piezo_stop,"ax",%progbits
 223              		.align	2
 224              		.global	piezo_stop
 225              		.code	16
 226              		.thumb_func
 227              		.type	piezo_stop, %function
 228              	piezo_stop:
 229              	.LFB36:
  56:.\piezoelectric.c **** 
ARM GAS  C:\Users\TINYWI~1\AppData\Local\Temp\ccHgJHYX.s 			page 6


  57:.\piezoelectric.c **** void piezo_stop()
  58:.\piezoelectric.c **** {
 230              		.loc 1 58 0
 231              		.cfi_startproc
 232 0000 80B5     		push	{r7, lr}
 233              		.cfi_def_cfa_offset 8
 234              		.cfi_offset 7, -8
 235              		.cfi_offset 14, -4
 236 0002 00AF     		add	r7, sp, #0
 237              		.cfi_def_cfa_register 7
  59:.\piezoelectric.c ****     PWM_1_WriteCompare(0);
 238              		.loc 1 59 0
 239 0004 0020     		mov	r0, #0
 240 0006 FFF7FEFF 		bl	PWM_1_WriteCompare
  60:.\piezoelectric.c **** }
 241              		.loc 1 60 0
 242 000a BD46     		mov	sp, r7
 243              		@ sp needed
 244 000c 80BD     		pop	{r7, pc}
 245              		.cfi_endproc
 246              	.LFE36:
 247              		.size	piezo_stop, .-piezo_stop
 248 000e C046     		.section	.text.piezo_play,"ax",%progbits
 249              		.align	2
 250              		.global	piezo_play
 251              		.code	16
 252              		.thumb_func
 253              		.type	piezo_play, %function
 254              	piezo_play:
 255              	.LFB37:
  61:.\piezoelectric.c **** 
  62:.\piezoelectric.c **** void piezo_play(uint16 frequency_value, uint8 note)
  63:.\piezoelectric.c **** {
 256              		.loc 1 63 0
 257              		.cfi_startproc
 258 0000 80B5     		push	{r7, lr}
 259              		.cfi_def_cfa_offset 8
 260              		.cfi_offset 7, -8
 261              		.cfi_offset 14, -4
 262 0002 84B0     		sub	sp, sp, #16
 263              		.cfi_def_cfa_offset 24
 264 0004 00AF     		add	r7, sp, #0
 265              		.cfi_def_cfa_register 7
 266 0006 0A1C     		mov	r2, r1
 267 0008 BB1D     		add	r3, r7, #6
 268 000a 011C     		add	r1, r0, #0
 269 000c 1980     		strh	r1, [r3]
 270 000e 7B1D     		add	r3, r7, #5
 271 0010 1A70     		strb	r2, [r3]
  64:.\piezoelectric.c ****     
  65:.\piezoelectric.c ****     // duty cycle ticks is a percentage of frequency based on volume
  66:.\piezoelectric.c ****     int period_ticks = f_clock * freq_mod / frequency_value;
 272              		.loc 1 66 0
 273 0012 204B     		ldr	r3, .L13
 274 0014 0A22     		mov	r2, #10
 275 0016 5A43     		mul	r2, r3
 276 0018 BB1D     		add	r3, r7, #6
ARM GAS  C:\Users\TINYWI~1\AppData\Local\Temp\ccHgJHYX.s 			page 7


 277 001a 1B88     		ldrh	r3, [r3]
 278 001c 101C     		mov	r0, r2
 279 001e 191C     		mov	r1, r3
 280 0020 FFF7FEFF 		bl	__aeabi_idiv
 281 0024 031C     		mov	r3, r0
 282 0026 FB60     		str	r3, [r7, #12]
  67:.\piezoelectric.c ****     uint16 compare_ticks = period_ticks * volume / 100;
 283              		.loc 1 67 0
 284 0028 1B4B     		ldr	r3, .L13+4
 285 002a 1B78     		ldrb	r3, [r3]
 286 002c FA68     		ldr	r2, [r7, #12]
 287 002e 5343     		mul	r3, r2
 288 0030 181C     		mov	r0, r3
 289 0032 6421     		mov	r1, #100
 290 0034 FFF7FEFF 		bl	__aeabi_idiv
 291 0038 031C     		mov	r3, r0
 292 003a 1A1C     		mov	r2, r3
 293 003c 3B1C     		mov	r3, r7
 294 003e 0A33     		add	r3, r3, #10
 295 0040 1A80     		strh	r2, [r3]
  68:.\piezoelectric.c ****     
  69:.\piezoelectric.c ****     
  70:.\piezoelectric.c ****     // Set period to frequency value
  71:.\piezoelectric.c ****     PWM_1_WritePeriod(period_ticks);
 296              		.loc 1 71 0
 297 0042 FB68     		ldr	r3, [r7, #12]
 298 0044 181C     		mov	r0, r3
 299 0046 FFF7FEFF 		bl	PWM_1_WritePeriod
  72:.\piezoelectric.c ****     
  73:.\piezoelectric.c ****     // Set compare to toggle on duty cycle ticks
  74:.\piezoelectric.c ****     PWM_1_WriteCompare(compare_ticks);
 300              		.loc 1 74 0
 301 004a 3B1C     		mov	r3, r7
 302 004c 0A33     		add	r3, r3, #10
 303 004e 1B88     		ldrh	r3, [r3]
 304 0050 181C     		mov	r0, r3
 305 0052 FFF7FEFF 		bl	PWM_1_WriteCompare
  75:.\piezoelectric.c ****     
  76:.\piezoelectric.c ****     // Figure out the duration of the note and set and trigger the interrupt timer
  77:.\piezoelectric.c ****     uint16 duration = 60000/tempo/note;
 306              		.loc 1 77 0
 307 0056 114B     		ldr	r3, .L13+8
 308 0058 1B78     		ldrb	r3, [r3]
 309 005a 1148     		ldr	r0, .L13+12
 310 005c 191C     		mov	r1, r3
 311 005e FFF7FEFF 		bl	__aeabi_idiv
 312 0062 031C     		mov	r3, r0
 313 0064 1A1C     		mov	r2, r3
 314 0066 7B1D     		add	r3, r7, #5
 315 0068 1B78     		ldrb	r3, [r3]
 316 006a 101C     		mov	r0, r2
 317 006c 191C     		mov	r1, r3
 318 006e FFF7FEFF 		bl	__aeabi_idiv
 319 0072 031C     		mov	r3, r0
 320 0074 1A1C     		mov	r2, r3
 321 0076 3B1C     		mov	r3, r7
 322 0078 0833     		add	r3, r3, #8
ARM GAS  C:\Users\TINYWI~1\AppData\Local\Temp\ccHgJHYX.s 			page 8


 323 007a 1A80     		strh	r2, [r3]
  78:.\piezoelectric.c ****     Timer_1_WriteCompare(duration);
 324              		.loc 1 78 0
 325 007c 3B1C     		mov	r3, r7
 326 007e 0833     		add	r3, r3, #8
 327 0080 1B88     		ldrh	r3, [r3]
 328 0082 181C     		mov	r0, r3
 329 0084 FFF7FEFF 		bl	Timer_1_WriteCompare
  79:.\piezoelectric.c ****     TRIGGER_TIMER_Write(1);
 330              		.loc 1 79 0
 331 0088 0120     		mov	r0, #1
 332 008a FFF7FEFF 		bl	TRIGGER_TIMER_Write
  80:.\piezoelectric.c ****     //TRIGGER_TIMER_Write(0);
  81:.\piezoelectric.c **** }
 333              		.loc 1 81 0
 334 008e BD46     		mov	sp, r7
 335 0090 04B0     		add	sp, sp, #16
 336              		@ sp needed
 337 0092 80BD     		pop	{r7, pc}
 338              	.L14:
 339              		.align	2
 340              	.L13:
 341 0094 80841E00 		.word	2000000
 342 0098 00000000 		.word	volume
 343 009c 00000000 		.word	tempo
 344 00a0 60EA0000 		.word	60000
 345              		.cfi_endproc
 346              	.LFE37:
 347              		.size	piezo_play, .-piezo_play
 348              		.section	.text.piezo_rest,"ax",%progbits
 349              		.align	2
 350              		.global	piezo_rest
 351              		.code	16
 352              		.thumb_func
 353              		.type	piezo_rest, %function
 354              	piezo_rest:
 355              	.LFB38:
  82:.\piezoelectric.c **** 
  83:.\piezoelectric.c **** void piezo_rest(uint8 note)
  84:.\piezoelectric.c **** {
 356              		.loc 1 84 0
 357              		.cfi_startproc
 358 0000 80B5     		push	{r7, lr}
 359              		.cfi_def_cfa_offset 8
 360              		.cfi_offset 7, -8
 361              		.cfi_offset 14, -4
 362 0002 84B0     		sub	sp, sp, #16
 363              		.cfi_def_cfa_offset 24
 364 0004 00AF     		add	r7, sp, #0
 365              		.cfi_def_cfa_register 7
 366 0006 021C     		mov	r2, r0
 367 0008 FB1D     		add	r3, r7, #7
 368 000a 1A70     		strb	r2, [r3]
  85:.\piezoelectric.c ****     // figure out the duration of this note (in ms), given the current tempo (which is in bps)
  86:.\piezoelectric.c ****     uint16 duration = 60000/tempo/note;
 369              		.loc 1 86 0
 370 000c 0E4B     		ldr	r3, .L16
ARM GAS  C:\Users\TINYWI~1\AppData\Local\Temp\ccHgJHYX.s 			page 9


 371 000e 1B78     		ldrb	r3, [r3]
 372 0010 0E48     		ldr	r0, .L16+4
 373 0012 191C     		mov	r1, r3
 374 0014 FFF7FEFF 		bl	__aeabi_idiv
 375 0018 031C     		mov	r3, r0
 376 001a 1A1C     		mov	r2, r3
 377 001c FB1D     		add	r3, r7, #7
 378 001e 1B78     		ldrb	r3, [r3]
 379 0020 101C     		mov	r0, r2
 380 0022 191C     		mov	r1, r3
 381 0024 FFF7FEFF 		bl	__aeabi_idiv
 382 0028 031C     		mov	r3, r0
 383 002a 1A1C     		mov	r2, r3
 384 002c 3B1C     		mov	r3, r7
 385 002e 0E33     		add	r3, r3, #14
 386 0030 1A80     		strh	r2, [r3]
  87:.\piezoelectric.c ****     piezo_stop();
 387              		.loc 1 87 0
 388 0032 FFF7FEFF 		bl	piezo_stop
  88:.\piezoelectric.c ****     CyDelay(duration);
 389              		.loc 1 88 0
 390 0036 3B1C     		mov	r3, r7
 391 0038 0E33     		add	r3, r3, #14
 392 003a 1B88     		ldrh	r3, [r3]
 393 003c 181C     		mov	r0, r3
 394 003e FFF7FEFF 		bl	CyDelay
  89:.\piezoelectric.c **** }
 395              		.loc 1 89 0
 396 0042 BD46     		mov	sp, r7
 397 0044 04B0     		add	sp, sp, #16
 398              		@ sp needed
 399 0046 80BD     		pop	{r7, pc}
 400              	.L17:
 401              		.align	2
 402              	.L16:
 403 0048 00000000 		.word	tempo
 404 004c 60EA0000 		.word	60000
 405              		.cfi_endproc
 406              	.LFE38:
 407              		.size	piezo_rest, .-piezo_rest
 408              		.section	.text.piezo_melody,"ax",%progbits
 409              		.align	2
 410              		.global	piezo_melody
 411              		.code	16
 412              		.thumb_func
 413              		.type	piezo_melody, %function
 414              	piezo_melody:
 415              	.LFB39:
  90:.\piezoelectric.c **** 
  91:.\piezoelectric.c **** void piezo_melody(uint16* frequencies, uint8 num)
  92:.\piezoelectric.c **** {
 416              		.loc 1 92 0
 417              		.cfi_startproc
 418 0000 80B5     		push	{r7, lr}
 419              		.cfi_def_cfa_offset 8
 420              		.cfi_offset 7, -8
 421              		.cfi_offset 14, -4
ARM GAS  C:\Users\TINYWI~1\AppData\Local\Temp\ccHgJHYX.s 			page 10


 422 0002 84B0     		sub	sp, sp, #16
 423              		.cfi_def_cfa_offset 24
 424 0004 00AF     		add	r7, sp, #0
 425              		.cfi_def_cfa_register 7
 426 0006 7860     		str	r0, [r7, #4]
 427 0008 0A1C     		mov	r2, r1
 428 000a FB1C     		add	r3, r7, #3
 429 000c 1A70     		strb	r2, [r3]
  93:.\piezoelectric.c ****     uint8 i, note;
  94:.\piezoelectric.c ****     uint16 tone;
  95:.\piezoelectric.c ****     for (i=0; i<num; i+=2)
 430              		.loc 1 95 0
 431 000e 3B1C     		mov	r3, r7
 432 0010 0F33     		add	r3, r3, #15
 433 0012 0022     		mov	r2, #0
 434 0014 1A70     		strb	r2, [r3]
 435 0016 31E0     		b	.L19
 436              	.L22:
  96:.\piezoelectric.c ****     {
  97:.\piezoelectric.c ****         tone = frequencies[i];
 437              		.loc 1 97 0
 438 0018 3B1C     		mov	r3, r7
 439 001a 0F33     		add	r3, r3, #15
 440 001c 1B78     		ldrb	r3, [r3]
 441 001e 5B00     		lsl	r3, r3, #1
 442 0020 7A68     		ldr	r2, [r7, #4]
 443 0022 D218     		add	r2, r2, r3
 444 0024 3B1C     		mov	r3, r7
 445 0026 0C33     		add	r3, r3, #12
 446 0028 1288     		ldrh	r2, [r2]
 447 002a 1A80     		strh	r2, [r3]
  98:.\piezoelectric.c ****         note = frequencies[i+1];
 448              		.loc 1 98 0
 449 002c 3B1C     		mov	r3, r7
 450 002e 0F33     		add	r3, r3, #15
 451 0030 1B78     		ldrb	r3, [r3]
 452 0032 0133     		add	r3, r3, #1
 453 0034 5B00     		lsl	r3, r3, #1
 454 0036 7A68     		ldr	r2, [r7, #4]
 455 0038 D318     		add	r3, r2, r3
 456 003a 1A88     		ldrh	r2, [r3]
 457 003c 3B1C     		mov	r3, r7
 458 003e 0B33     		add	r3, r3, #11
 459 0040 1A70     		strb	r2, [r3]
  99:.\piezoelectric.c ****         if (tone == 0)
 460              		.loc 1 99 0
 461 0042 3B1C     		mov	r3, r7
 462 0044 0C33     		add	r3, r3, #12
 463 0046 1B88     		ldrh	r3, [r3]
 464 0048 002B     		cmp	r3, #0
 465 004a 06D1     		bne	.L20
 100:.\piezoelectric.c ****         {
 101:.\piezoelectric.c ****             piezo_rest(note);
 466              		.loc 1 101 0
 467 004c 3B1C     		mov	r3, r7
 468 004e 0B33     		add	r3, r3, #11
 469 0050 1B78     		ldrb	r3, [r3]
ARM GAS  C:\Users\TINYWI~1\AppData\Local\Temp\ccHgJHYX.s 			page 11


 470 0052 181C     		mov	r0, r3
 471 0054 FFF7FEFF 		bl	piezo_rest
 472 0058 09E0     		b	.L21
 473              	.L20:
 102:.\piezoelectric.c ****         }
 103:.\piezoelectric.c ****         else 
 104:.\piezoelectric.c ****         {
 105:.\piezoelectric.c ****             piezo_play(tone, note);
 474              		.loc 1 105 0
 475 005a 3B1C     		mov	r3, r7
 476 005c 0C33     		add	r3, r3, #12
 477 005e 1A88     		ldrh	r2, [r3]
 478 0060 3B1C     		mov	r3, r7
 479 0062 0B33     		add	r3, r3, #11
 480 0064 1B78     		ldrb	r3, [r3]
 481 0066 101C     		mov	r0, r2
 482 0068 191C     		mov	r1, r3
 483 006a FFF7FEFF 		bl	piezo_play
 484              	.L21:
  95:.\piezoelectric.c ****     for (i=0; i<num; i+=2)
 485              		.loc 1 95 0
 486 006e 3B1C     		mov	r3, r7
 487 0070 0F33     		add	r3, r3, #15
 488 0072 3A1C     		mov	r2, r7
 489 0074 0F32     		add	r2, r2, #15
 490 0076 1278     		ldrb	r2, [r2]
 491 0078 0232     		add	r2, r2, #2
 492 007a 1A70     		strb	r2, [r3]
 493              	.L19:
  95:.\piezoelectric.c ****     for (i=0; i<num; i+=2)
 494              		.loc 1 95 0 is_stmt 0 discriminator 1
 495 007c 3A1C     		mov	r2, r7
 496 007e 0F32     		add	r2, r2, #15
 497 0080 FB1C     		add	r3, r7, #3
 498 0082 1278     		ldrb	r2, [r2]
 499 0084 1B78     		ldrb	r3, [r3]
 500 0086 9A42     		cmp	r2, r3
 501 0088 C6D3     		bcc	.L22
 106:.\piezoelectric.c ****         }
 107:.\piezoelectric.c ****     }
 108:.\piezoelectric.c **** }
 502              		.loc 1 108 0 is_stmt 1
 503 008a BD46     		mov	sp, r7
 504 008c 04B0     		add	sp, sp, #16
 505              		@ sp needed
 506 008e 80BD     		pop	{r7, pc}
 507              		.cfi_endproc
 508              	.LFE39:
 509              		.size	piezo_melody, .-piezo_melody
 510              		.text
 511              	.Letext0:
 512              		.file 2 "Generated_Source\\PSoC4/cytypes.h"
 513              		.section	.debug_info,"",%progbits
 514              	.Ldebug_info0:
 515 0000 7B020000 		.4byte	0x27b
 516 0004 0400     		.2byte	0x4
 517 0006 00000000 		.4byte	.Ldebug_abbrev0
ARM GAS  C:\Users\TINYWI~1\AppData\Local\Temp\ccHgJHYX.s 			page 12


 518 000a 04       		.byte	0x4
 519 000b 01       		.uleb128 0x1
 520 000c CE010000 		.4byte	.LASF34
 521 0010 01       		.byte	0x1
 522 0011 91010000 		.4byte	.LASF35
 523 0015 10010000 		.4byte	.LASF36
 524 0019 00000000 		.4byte	.Ldebug_ranges0+0
 525 001d 00000000 		.4byte	0
 526 0021 00000000 		.4byte	.Ldebug_line0
 527 0025 02       		.uleb128 0x2
 528 0026 01       		.byte	0x1
 529 0027 06       		.byte	0x6
 530 0028 B4010000 		.4byte	.LASF0
 531 002c 02       		.uleb128 0x2
 532 002d 01       		.byte	0x1
 533 002e 08       		.byte	0x8
 534 002f 71000000 		.4byte	.LASF1
 535 0033 02       		.uleb128 0x2
 536 0034 02       		.byte	0x2
 537 0035 05       		.byte	0x5
 538 0036 7C010000 		.4byte	.LASF2
 539 003a 02       		.uleb128 0x2
 540 003b 02       		.byte	0x2
 541 003c 07       		.byte	0x7
 542 003d 28000000 		.4byte	.LASF3
 543 0041 02       		.uleb128 0x2
 544 0042 04       		.byte	0x4
 545 0043 05       		.byte	0x5
 546 0044 AB010000 		.4byte	.LASF4
 547 0048 02       		.uleb128 0x2
 548 0049 04       		.byte	0x4
 549 004a 07       		.byte	0x7
 550 004b 7F000000 		.4byte	.LASF5
 551 004f 02       		.uleb128 0x2
 552 0050 08       		.byte	0x8
 553 0051 05       		.byte	0x5
 554 0052 69010000 		.4byte	.LASF6
 555 0056 02       		.uleb128 0x2
 556 0057 08       		.byte	0x8
 557 0058 07       		.byte	0x7
 558 0059 F9000000 		.4byte	.LASF7
 559 005d 03       		.uleb128 0x3
 560 005e 04       		.byte	0x4
 561 005f 05       		.byte	0x5
 562 0060 696E7400 		.ascii	"int\000"
 563 0064 02       		.uleb128 0x2
 564 0065 04       		.byte	0x4
 565 0066 07       		.byte	0x7
 566 0067 E0000000 		.4byte	.LASF8
 567 006b 04       		.uleb128 0x4
 568 006c 91000000 		.4byte	.LASF9
 569 0070 02       		.byte	0x2
 570 0071 B3       		.byte	0xb3
 571 0072 2C000000 		.4byte	0x2c
 572 0076 04       		.uleb128 0x4
 573 0077 CE000000 		.4byte	.LASF10
 574 007b 02       		.byte	0x2
ARM GAS  C:\Users\TINYWI~1\AppData\Local\Temp\ccHgJHYX.s 			page 13


 575 007c B4       		.byte	0xb4
 576 007d 3A000000 		.4byte	0x3a
 577 0081 02       		.uleb128 0x2
 578 0082 04       		.byte	0x4
 579 0083 04       		.byte	0x4
 580 0084 4E000000 		.4byte	.LASF11
 581 0088 02       		.uleb128 0x2
 582 0089 08       		.byte	0x8
 583 008a 04       		.byte	0x4
 584 008b B2000000 		.4byte	.LASF12
 585 008f 02       		.uleb128 0x2
 586 0090 01       		.byte	0x1
 587 0091 08       		.byte	0x8
 588 0092 77010000 		.4byte	.LASF13
 589 0096 02       		.uleb128 0x2
 590 0097 04       		.byte	0x4
 591 0098 07       		.byte	0x7
 592 0099 60010000 		.4byte	.LASF14
 593 009d 05       		.uleb128 0x5
 594 009e 97000000 		.4byte	.LASF17
 595 00a2 01       		.byte	0x1
 596 00a3 1A       		.byte	0x1a
 597 00a4 00000000 		.4byte	.LFB33
 598 00a8 84000000 		.4byte	.LFE33-.LFB33
 599 00ac 01       		.uleb128 0x1
 600 00ad 9C       		.byte	0x9c
 601 00ae DD000000 		.4byte	0xdd
 602 00b2 06       		.uleb128 0x6
 603 00b3 A2000000 		.4byte	.LASF19
 604 00b7 01       		.byte	0x1
 605 00b8 1A       		.byte	0x1a
 606 00b9 76000000 		.4byte	0x76
 607 00bd 02       		.uleb128 0x2
 608 00be 91       		.byte	0x91
 609 00bf 6E       		.sleb128 -18
 610 00c0 07       		.uleb128 0x7
 611 00c1 05000000 		.4byte	.LASF15
 612 00c5 01       		.byte	0x1
 613 00c6 1E       		.byte	0x1e
 614 00c7 5D000000 		.4byte	0x5d
 615 00cb 02       		.uleb128 0x2
 616 00cc 91       		.byte	0x91
 617 00cd 70       		.sleb128 -16
 618 00ce 07       		.uleb128 0x7
 619 00cf C0010000 		.4byte	.LASF16
 620 00d3 01       		.byte	0x1
 621 00d4 1F       		.byte	0x1f
 622 00d5 76000000 		.4byte	0x76
 623 00d9 02       		.uleb128 0x2
 624 00da 91       		.byte	0x91
 625 00db 76       		.sleb128 -10
 626 00dc 00       		.byte	0
 627 00dd 05       		.uleb128 0x5
 628 00de 64000000 		.4byte	.LASF18
 629 00e2 01       		.byte	0x1
 630 00e3 2E       		.byte	0x2e
 631 00e4 00000000 		.4byte	.LFB34
ARM GAS  C:\Users\TINYWI~1\AppData\Local\Temp\ccHgJHYX.s 			page 14


 632 00e8 2C000000 		.4byte	.LFE34-.LFB34
 633 00ec 01       		.uleb128 0x1
 634 00ed 9C       		.byte	0x9c
 635 00ee 01010000 		.4byte	0x101
 636 00f2 06       		.uleb128 0x6
 637 00f3 12000000 		.4byte	.LASF20
 638 00f7 01       		.byte	0x1
 639 00f8 2E       		.byte	0x2e
 640 00f9 6B000000 		.4byte	0x6b
 641 00fd 02       		.uleb128 0x2
 642 00fe 91       		.byte	0x91
 643 00ff 77       		.sleb128 -9
 644 0100 00       		.byte	0
 645 0101 08       		.uleb128 0x8
 646 0102 ED000000 		.4byte	.LASF21
 647 0106 01       		.byte	0x1
 648 0107 34       		.byte	0x34
 649 0108 00000000 		.4byte	.LFB35
 650 010c 20000000 		.4byte	.LFE35-.LFB35
 651 0110 01       		.uleb128 0x1
 652 0111 9C       		.byte	0x9c
 653 0112 25010000 		.4byte	0x125
 654 0116 09       		.uleb128 0x9
 655 0117 62706D00 		.ascii	"bpm\000"
 656 011b 01       		.byte	0x1
 657 011c 34       		.byte	0x34
 658 011d 6B000000 		.4byte	0x6b
 659 0121 02       		.uleb128 0x2
 660 0122 91       		.byte	0x91
 661 0123 77       		.sleb128 -9
 662 0124 00       		.byte	0
 663 0125 0A       		.uleb128 0xa
 664 0126 D5000000 		.4byte	.LASF37
 665 012a 01       		.byte	0x1
 666 012b 39       		.byte	0x39
 667 012c 00000000 		.4byte	.LFB36
 668 0130 0E000000 		.4byte	.LFE36-.LFB36
 669 0134 01       		.uleb128 0x1
 670 0135 9C       		.byte	0x9c
 671 0136 05       		.uleb128 0x5
 672 0137 86010000 		.4byte	.LASF22
 673 013b 01       		.byte	0x1
 674 013c 3E       		.byte	0x3e
 675 013d 00000000 		.4byte	.LFB37
 676 0141 A4000000 		.4byte	.LFE37-.LFB37
 677 0145 01       		.uleb128 0x1
 678 0146 9C       		.byte	0x9c
 679 0147 92010000 		.4byte	0x192
 680 014b 06       		.uleb128 0x6
 681 014c A2000000 		.4byte	.LASF19
 682 0150 01       		.byte	0x1
 683 0151 3E       		.byte	0x3e
 684 0152 76000000 		.4byte	0x76
 685 0156 02       		.uleb128 0x2
 686 0157 91       		.byte	0x91
 687 0158 6E       		.sleb128 -18
 688 0159 06       		.uleb128 0x6
ARM GAS  C:\Users\TINYWI~1\AppData\Local\Temp\ccHgJHYX.s 			page 15


 689 015a 5F000000 		.4byte	.LASF23
 690 015e 01       		.byte	0x1
 691 015f 3E       		.byte	0x3e
 692 0160 6B000000 		.4byte	0x6b
 693 0164 02       		.uleb128 0x2
 694 0165 91       		.byte	0x91
 695 0166 6D       		.sleb128 -19
 696 0167 07       		.uleb128 0x7
 697 0168 05000000 		.4byte	.LASF15
 698 016c 01       		.byte	0x1
 699 016d 42       		.byte	0x42
 700 016e 5D000000 		.4byte	0x5d
 701 0172 02       		.uleb128 0x2
 702 0173 91       		.byte	0x91
 703 0174 74       		.sleb128 -12
 704 0175 07       		.uleb128 0x7
 705 0176 C0010000 		.4byte	.LASF16
 706 017a 01       		.byte	0x1
 707 017b 43       		.byte	0x43
 708 017c 76000000 		.4byte	0x76
 709 0180 02       		.uleb128 0x2
 710 0181 91       		.byte	0x91
 711 0182 72       		.sleb128 -14
 712 0183 07       		.uleb128 0x7
 713 0184 18000000 		.4byte	.LASF24
 714 0188 01       		.byte	0x1
 715 0189 4D       		.byte	0x4d
 716 018a 76000000 		.4byte	0x76
 717 018e 02       		.uleb128 0x2
 718 018f 91       		.byte	0x91
 719 0190 70       		.sleb128 -16
 720 0191 00       		.byte	0
 721 0192 05       		.uleb128 0x5
 722 0193 54000000 		.4byte	.LASF25
 723 0197 01       		.byte	0x1
 724 0198 53       		.byte	0x53
 725 0199 00000000 		.4byte	.LFB38
 726 019d 50000000 		.4byte	.LFE38-.LFB38
 727 01a1 01       		.uleb128 0x1
 728 01a2 9C       		.byte	0x9c
 729 01a3 C4010000 		.4byte	0x1c4
 730 01a7 06       		.uleb128 0x6
 731 01a8 5F000000 		.4byte	.LASF23
 732 01ac 01       		.byte	0x1
 733 01ad 53       		.byte	0x53
 734 01ae 6B000000 		.4byte	0x6b
 735 01b2 02       		.uleb128 0x2
 736 01b3 91       		.byte	0x91
 737 01b4 6F       		.sleb128 -17
 738 01b5 07       		.uleb128 0x7
 739 01b6 18000000 		.4byte	.LASF24
 740 01ba 01       		.byte	0x1
 741 01bb 56       		.byte	0x56
 742 01bc 76000000 		.4byte	0x76
 743 01c0 02       		.uleb128 0x2
 744 01c1 91       		.byte	0x91
 745 01c2 76       		.sleb128 -10
ARM GAS  C:\Users\TINYWI~1\AppData\Local\Temp\ccHgJHYX.s 			page 16


 746 01c3 00       		.byte	0
 747 01c4 05       		.uleb128 0x5
 748 01c5 3B000000 		.4byte	.LASF26
 749 01c9 01       		.byte	0x1
 750 01ca 5B       		.byte	0x5b
 751 01cb 00000000 		.4byte	.LFB39
 752 01cf 90000000 		.4byte	.LFE39-.LFB39
 753 01d3 01       		.uleb128 0x1
 754 01d4 9C       		.byte	0x9c
 755 01d5 1E020000 		.4byte	0x21e
 756 01d9 06       		.uleb128 0x6
 757 01da C2000000 		.4byte	.LASF27
 758 01de 01       		.byte	0x1
 759 01df 5B       		.byte	0x5b
 760 01e0 1E020000 		.4byte	0x21e
 761 01e4 02       		.uleb128 0x2
 762 01e5 91       		.byte	0x91
 763 01e6 6C       		.sleb128 -20
 764 01e7 09       		.uleb128 0x9
 765 01e8 6E756D00 		.ascii	"num\000"
 766 01ec 01       		.byte	0x1
 767 01ed 5B       		.byte	0x5b
 768 01ee 6B000000 		.4byte	0x6b
 769 01f2 02       		.uleb128 0x2
 770 01f3 91       		.byte	0x91
 771 01f4 6B       		.sleb128 -21
 772 01f5 0B       		.uleb128 0xb
 773 01f6 6900     		.ascii	"i\000"
 774 01f8 01       		.byte	0x1
 775 01f9 5D       		.byte	0x5d
 776 01fa 6B000000 		.4byte	0x6b
 777 01fe 02       		.uleb128 0x2
 778 01ff 91       		.byte	0x91
 779 0200 77       		.sleb128 -9
 780 0201 07       		.uleb128 0x7
 781 0202 5F000000 		.4byte	.LASF23
 782 0206 01       		.byte	0x1
 783 0207 5D       		.byte	0x5d
 784 0208 6B000000 		.4byte	0x6b
 785 020c 02       		.uleb128 0x2
 786 020d 91       		.byte	0x91
 787 020e 73       		.sleb128 -13
 788 020f 07       		.uleb128 0x7
 789 0210 00000000 		.4byte	.LASF28
 790 0214 01       		.byte	0x1
 791 0215 5E       		.byte	0x5e
 792 0216 76000000 		.4byte	0x76
 793 021a 02       		.uleb128 0x2
 794 021b 91       		.byte	0x91
 795 021c 74       		.sleb128 -12
 796 021d 00       		.byte	0
 797 021e 0C       		.uleb128 0xc
 798 021f 04       		.byte	0x4
 799 0220 76000000 		.4byte	0x76
 800 0224 0D       		.uleb128 0xd
 801 0225 21000000 		.4byte	.LASF29
 802 0229 01       		.byte	0x1
ARM GAS  C:\Users\TINYWI~1\AppData\Local\Temp\ccHgJHYX.s 			page 17


 803 022a 13       		.byte	0x13
 804 022b 6B000000 		.4byte	0x6b
 805 022f 05       		.uleb128 0x5
 806 0230 03       		.byte	0x3
 807 0231 00000000 		.4byte	volume
 808 0235 0D       		.uleb128 0xd
 809 0236 48000000 		.4byte	.LASF30
 810 023a 01       		.byte	0x1
 811 023b 14       		.byte	0x14
 812 023c 6B000000 		.4byte	0x6b
 813 0240 05       		.uleb128 0x5
 814 0241 03       		.byte	0x3
 815 0242 00000000 		.4byte	tempo
 816 0246 0D       		.uleb128 0xd
 817 0247 A3010000 		.4byte	.LASF31
 818 024b 01       		.byte	0x1
 819 024c 15       		.byte	0x15
 820 024d 57020000 		.4byte	0x257
 821 0251 05       		.uleb128 0x5
 822 0252 03       		.byte	0x3
 823 0253 00000000 		.4byte	f_clock
 824 0257 0E       		.uleb128 0xe
 825 0258 5D000000 		.4byte	0x5d
 826 025c 0D       		.uleb128 0xd
 827 025d B9000000 		.4byte	.LASF32
 828 0261 01       		.byte	0x1
 829 0262 16       		.byte	0x16
 830 0263 57020000 		.4byte	0x257
 831 0267 05       		.uleb128 0x5
 832 0268 03       		.byte	0x3
 833 0269 00000000 		.4byte	freq_mod
 834 026d 0D       		.uleb128 0xd
 835 026e 4A020000 		.4byte	.LASF33
 836 0272 01       		.byte	0x1
 837 0273 17       		.byte	0x17
 838 0274 76000000 		.4byte	0x76
 839 0278 05       		.uleb128 0x5
 840 0279 03       		.byte	0x3
 841 027a 00000000 		.4byte	current_frequency
 842 027e 00       		.byte	0
 843              		.section	.debug_abbrev,"",%progbits
 844              	.Ldebug_abbrev0:
 845 0000 01       		.uleb128 0x1
 846 0001 11       		.uleb128 0x11
 847 0002 01       		.byte	0x1
 848 0003 25       		.uleb128 0x25
 849 0004 0E       		.uleb128 0xe
 850 0005 13       		.uleb128 0x13
 851 0006 0B       		.uleb128 0xb
 852 0007 03       		.uleb128 0x3
 853 0008 0E       		.uleb128 0xe
 854 0009 1B       		.uleb128 0x1b
 855 000a 0E       		.uleb128 0xe
 856 000b 55       		.uleb128 0x55
 857 000c 17       		.uleb128 0x17
 858 000d 11       		.uleb128 0x11
 859 000e 01       		.uleb128 0x1
ARM GAS  C:\Users\TINYWI~1\AppData\Local\Temp\ccHgJHYX.s 			page 18


 860 000f 10       		.uleb128 0x10
 861 0010 17       		.uleb128 0x17
 862 0011 00       		.byte	0
 863 0012 00       		.byte	0
 864 0013 02       		.uleb128 0x2
 865 0014 24       		.uleb128 0x24
 866 0015 00       		.byte	0
 867 0016 0B       		.uleb128 0xb
 868 0017 0B       		.uleb128 0xb
 869 0018 3E       		.uleb128 0x3e
 870 0019 0B       		.uleb128 0xb
 871 001a 03       		.uleb128 0x3
 872 001b 0E       		.uleb128 0xe
 873 001c 00       		.byte	0
 874 001d 00       		.byte	0
 875 001e 03       		.uleb128 0x3
 876 001f 24       		.uleb128 0x24
 877 0020 00       		.byte	0
 878 0021 0B       		.uleb128 0xb
 879 0022 0B       		.uleb128 0xb
 880 0023 3E       		.uleb128 0x3e
 881 0024 0B       		.uleb128 0xb
 882 0025 03       		.uleb128 0x3
 883 0026 08       		.uleb128 0x8
 884 0027 00       		.byte	0
 885 0028 00       		.byte	0
 886 0029 04       		.uleb128 0x4
 887 002a 16       		.uleb128 0x16
 888 002b 00       		.byte	0
 889 002c 03       		.uleb128 0x3
 890 002d 0E       		.uleb128 0xe
 891 002e 3A       		.uleb128 0x3a
 892 002f 0B       		.uleb128 0xb
 893 0030 3B       		.uleb128 0x3b
 894 0031 0B       		.uleb128 0xb
 895 0032 49       		.uleb128 0x49
 896 0033 13       		.uleb128 0x13
 897 0034 00       		.byte	0
 898 0035 00       		.byte	0
 899 0036 05       		.uleb128 0x5
 900 0037 2E       		.uleb128 0x2e
 901 0038 01       		.byte	0x1
 902 0039 3F       		.uleb128 0x3f
 903 003a 19       		.uleb128 0x19
 904 003b 03       		.uleb128 0x3
 905 003c 0E       		.uleb128 0xe
 906 003d 3A       		.uleb128 0x3a
 907 003e 0B       		.uleb128 0xb
 908 003f 3B       		.uleb128 0x3b
 909 0040 0B       		.uleb128 0xb
 910 0041 27       		.uleb128 0x27
 911 0042 19       		.uleb128 0x19
 912 0043 11       		.uleb128 0x11
 913 0044 01       		.uleb128 0x1
 914 0045 12       		.uleb128 0x12
 915 0046 06       		.uleb128 0x6
 916 0047 40       		.uleb128 0x40
ARM GAS  C:\Users\TINYWI~1\AppData\Local\Temp\ccHgJHYX.s 			page 19


 917 0048 18       		.uleb128 0x18
 918 0049 9642     		.uleb128 0x2116
 919 004b 19       		.uleb128 0x19
 920 004c 01       		.uleb128 0x1
 921 004d 13       		.uleb128 0x13
 922 004e 00       		.byte	0
 923 004f 00       		.byte	0
 924 0050 06       		.uleb128 0x6
 925 0051 05       		.uleb128 0x5
 926 0052 00       		.byte	0
 927 0053 03       		.uleb128 0x3
 928 0054 0E       		.uleb128 0xe
 929 0055 3A       		.uleb128 0x3a
 930 0056 0B       		.uleb128 0xb
 931 0057 3B       		.uleb128 0x3b
 932 0058 0B       		.uleb128 0xb
 933 0059 49       		.uleb128 0x49
 934 005a 13       		.uleb128 0x13
 935 005b 02       		.uleb128 0x2
 936 005c 18       		.uleb128 0x18
 937 005d 00       		.byte	0
 938 005e 00       		.byte	0
 939 005f 07       		.uleb128 0x7
 940 0060 34       		.uleb128 0x34
 941 0061 00       		.byte	0
 942 0062 03       		.uleb128 0x3
 943 0063 0E       		.uleb128 0xe
 944 0064 3A       		.uleb128 0x3a
 945 0065 0B       		.uleb128 0xb
 946 0066 3B       		.uleb128 0x3b
 947 0067 0B       		.uleb128 0xb
 948 0068 49       		.uleb128 0x49
 949 0069 13       		.uleb128 0x13
 950 006a 02       		.uleb128 0x2
 951 006b 18       		.uleb128 0x18
 952 006c 00       		.byte	0
 953 006d 00       		.byte	0
 954 006e 08       		.uleb128 0x8
 955 006f 2E       		.uleb128 0x2e
 956 0070 01       		.byte	0x1
 957 0071 3F       		.uleb128 0x3f
 958 0072 19       		.uleb128 0x19
 959 0073 03       		.uleb128 0x3
 960 0074 0E       		.uleb128 0xe
 961 0075 3A       		.uleb128 0x3a
 962 0076 0B       		.uleb128 0xb
 963 0077 3B       		.uleb128 0x3b
 964 0078 0B       		.uleb128 0xb
 965 0079 27       		.uleb128 0x27
 966 007a 19       		.uleb128 0x19
 967 007b 11       		.uleb128 0x11
 968 007c 01       		.uleb128 0x1
 969 007d 12       		.uleb128 0x12
 970 007e 06       		.uleb128 0x6
 971 007f 40       		.uleb128 0x40
 972 0080 18       		.uleb128 0x18
 973 0081 9742     		.uleb128 0x2117
ARM GAS  C:\Users\TINYWI~1\AppData\Local\Temp\ccHgJHYX.s 			page 20


 974 0083 19       		.uleb128 0x19
 975 0084 01       		.uleb128 0x1
 976 0085 13       		.uleb128 0x13
 977 0086 00       		.byte	0
 978 0087 00       		.byte	0
 979 0088 09       		.uleb128 0x9
 980 0089 05       		.uleb128 0x5
 981 008a 00       		.byte	0
 982 008b 03       		.uleb128 0x3
 983 008c 08       		.uleb128 0x8
 984 008d 3A       		.uleb128 0x3a
 985 008e 0B       		.uleb128 0xb
 986 008f 3B       		.uleb128 0x3b
 987 0090 0B       		.uleb128 0xb
 988 0091 49       		.uleb128 0x49
 989 0092 13       		.uleb128 0x13
 990 0093 02       		.uleb128 0x2
 991 0094 18       		.uleb128 0x18
 992 0095 00       		.byte	0
 993 0096 00       		.byte	0
 994 0097 0A       		.uleb128 0xa
 995 0098 2E       		.uleb128 0x2e
 996 0099 00       		.byte	0
 997 009a 3F       		.uleb128 0x3f
 998 009b 19       		.uleb128 0x19
 999 009c 03       		.uleb128 0x3
 1000 009d 0E       		.uleb128 0xe
 1001 009e 3A       		.uleb128 0x3a
 1002 009f 0B       		.uleb128 0xb
 1003 00a0 3B       		.uleb128 0x3b
 1004 00a1 0B       		.uleb128 0xb
 1005 00a2 11       		.uleb128 0x11
 1006 00a3 01       		.uleb128 0x1
 1007 00a4 12       		.uleb128 0x12
 1008 00a5 06       		.uleb128 0x6
 1009 00a6 40       		.uleb128 0x40
 1010 00a7 18       		.uleb128 0x18
 1011 00a8 9642     		.uleb128 0x2116
 1012 00aa 19       		.uleb128 0x19
 1013 00ab 00       		.byte	0
 1014 00ac 00       		.byte	0
 1015 00ad 0B       		.uleb128 0xb
 1016 00ae 34       		.uleb128 0x34
 1017 00af 00       		.byte	0
 1018 00b0 03       		.uleb128 0x3
 1019 00b1 08       		.uleb128 0x8
 1020 00b2 3A       		.uleb128 0x3a
 1021 00b3 0B       		.uleb128 0xb
 1022 00b4 3B       		.uleb128 0x3b
 1023 00b5 0B       		.uleb128 0xb
 1024 00b6 49       		.uleb128 0x49
 1025 00b7 13       		.uleb128 0x13
 1026 00b8 02       		.uleb128 0x2
 1027 00b9 18       		.uleb128 0x18
 1028 00ba 00       		.byte	0
 1029 00bb 00       		.byte	0
 1030 00bc 0C       		.uleb128 0xc
ARM GAS  C:\Users\TINYWI~1\AppData\Local\Temp\ccHgJHYX.s 			page 21


 1031 00bd 0F       		.uleb128 0xf
 1032 00be 00       		.byte	0
 1033 00bf 0B       		.uleb128 0xb
 1034 00c0 0B       		.uleb128 0xb
 1035 00c1 49       		.uleb128 0x49
 1036 00c2 13       		.uleb128 0x13
 1037 00c3 00       		.byte	0
 1038 00c4 00       		.byte	0
 1039 00c5 0D       		.uleb128 0xd
 1040 00c6 34       		.uleb128 0x34
 1041 00c7 00       		.byte	0
 1042 00c8 03       		.uleb128 0x3
 1043 00c9 0E       		.uleb128 0xe
 1044 00ca 3A       		.uleb128 0x3a
 1045 00cb 0B       		.uleb128 0xb
 1046 00cc 3B       		.uleb128 0x3b
 1047 00cd 0B       		.uleb128 0xb
 1048 00ce 49       		.uleb128 0x49
 1049 00cf 13       		.uleb128 0x13
 1050 00d0 3F       		.uleb128 0x3f
 1051 00d1 19       		.uleb128 0x19
 1052 00d2 02       		.uleb128 0x2
 1053 00d3 18       		.uleb128 0x18
 1054 00d4 00       		.byte	0
 1055 00d5 00       		.byte	0
 1056 00d6 0E       		.uleb128 0xe
 1057 00d7 26       		.uleb128 0x26
 1058 00d8 00       		.byte	0
 1059 00d9 49       		.uleb128 0x49
 1060 00da 13       		.uleb128 0x13
 1061 00db 00       		.byte	0
 1062 00dc 00       		.byte	0
 1063 00dd 00       		.byte	0
 1064              		.section	.debug_aranges,"",%progbits
 1065 0000 4C000000 		.4byte	0x4c
 1066 0004 0200     		.2byte	0x2
 1067 0006 00000000 		.4byte	.Ldebug_info0
 1068 000a 04       		.byte	0x4
 1069 000b 00       		.byte	0
 1070 000c 0000     		.2byte	0
 1071 000e 0000     		.2byte	0
 1072 0010 00000000 		.4byte	.LFB33
 1073 0014 84000000 		.4byte	.LFE33-.LFB33
 1074 0018 00000000 		.4byte	.LFB34
 1075 001c 2C000000 		.4byte	.LFE34-.LFB34
 1076 0020 00000000 		.4byte	.LFB35
 1077 0024 20000000 		.4byte	.LFE35-.LFB35
 1078 0028 00000000 		.4byte	.LFB36
 1079 002c 0E000000 		.4byte	.LFE36-.LFB36
 1080 0030 00000000 		.4byte	.LFB37
 1081 0034 A4000000 		.4byte	.LFE37-.LFB37
 1082 0038 00000000 		.4byte	.LFB38
 1083 003c 50000000 		.4byte	.LFE38-.LFB38
 1084 0040 00000000 		.4byte	.LFB39
 1085 0044 90000000 		.4byte	.LFE39-.LFB39
 1086 0048 00000000 		.4byte	0
 1087 004c 00000000 		.4byte	0
ARM GAS  C:\Users\TINYWI~1\AppData\Local\Temp\ccHgJHYX.s 			page 22


 1088              		.section	.debug_ranges,"",%progbits
 1089              	.Ldebug_ranges0:
 1090 0000 00000000 		.4byte	.LFB33
 1091 0004 84000000 		.4byte	.LFE33
 1092 0008 00000000 		.4byte	.LFB34
 1093 000c 2C000000 		.4byte	.LFE34
 1094 0010 00000000 		.4byte	.LFB35
 1095 0014 20000000 		.4byte	.LFE35
 1096 0018 00000000 		.4byte	.LFB36
 1097 001c 0E000000 		.4byte	.LFE36
 1098 0020 00000000 		.4byte	.LFB37
 1099 0024 A4000000 		.4byte	.LFE37
 1100 0028 00000000 		.4byte	.LFB38
 1101 002c 50000000 		.4byte	.LFE38
 1102 0030 00000000 		.4byte	.LFB39
 1103 0034 90000000 		.4byte	.LFE39
 1104 0038 00000000 		.4byte	0
 1105 003c 00000000 		.4byte	0
 1106              		.section	.debug_line,"",%progbits
 1107              	.Ldebug_line0:
 1108 0000 ED000000 		.section	.debug_str,"MS",%progbits,1
 1108      02004C00 
 1108      00000201 
 1108      FB0E0D00 
 1108      01010101 
 1109              	.LASF28:
 1110 0000 746F6E65 		.ascii	"tone\000"
 1110      00
 1111              	.LASF15:
 1112 0005 70657269 		.ascii	"period_ticks\000"
 1112      6F645F74 
 1112      69636B73 
 1112      00
 1113              	.LASF20:
 1114 0012 76616C75 		.ascii	"value\000"
 1114      6500
 1115              	.LASF24:
 1116 0018 64757261 		.ascii	"duration\000"
 1116      74696F6E 
 1116      00
 1117              	.LASF29:
 1118 0021 766F6C75 		.ascii	"volume\000"
 1118      6D6500
 1119              	.LASF3:
 1120 0028 73686F72 		.ascii	"short unsigned int\000"
 1120      7420756E 
 1120      7369676E 
 1120      65642069 
 1120      6E7400
 1121              	.LASF26:
 1122 003b 7069657A 		.ascii	"piezo_melody\000"
 1122      6F5F6D65 
 1122      6C6F6479 
 1122      00
 1123              	.LASF30:
 1124 0048 74656D70 		.ascii	"tempo\000"
 1124      6F00
ARM GAS  C:\Users\TINYWI~1\AppData\Local\Temp\ccHgJHYX.s 			page 23


 1125              	.LASF11:
 1126 004e 666C6F61 		.ascii	"float\000"
 1126      7400
 1127              	.LASF25:
 1128 0054 7069657A 		.ascii	"piezo_rest\000"
 1128      6F5F7265 
 1128      737400
 1129              	.LASF23:
 1130 005f 6E6F7465 		.ascii	"note\000"
 1130      00
 1131              	.LASF18:
 1132 0064 7069657A 		.ascii	"piezo_volume\000"
 1132      6F5F766F 
 1132      6C756D65 
 1132      00
 1133              	.LASF1:
 1134 0071 756E7369 		.ascii	"unsigned char\000"
 1134      676E6564 
 1134      20636861 
 1134      7200
 1135              	.LASF5:
 1136 007f 6C6F6E67 		.ascii	"long unsigned int\000"
 1136      20756E73 
 1136      69676E65 
 1136      6420696E 
 1136      7400
 1137              	.LASF9:
 1138 0091 75696E74 		.ascii	"uint8\000"
 1138      3800
 1139              	.LASF17:
 1140 0097 7069657A 		.ascii	"piezo_tone\000"
 1140      6F5F746F 
 1140      6E6500
 1141              	.LASF19:
 1142 00a2 66726571 		.ascii	"frequency_value\000"
 1142      75656E63 
 1142      795F7661 
 1142      6C756500 
 1143              	.LASF12:
 1144 00b2 646F7562 		.ascii	"double\000"
 1144      6C6500
 1145              	.LASF32:
 1146 00b9 66726571 		.ascii	"freq_mod\000"
 1146      5F6D6F64 
 1146      00
 1147              	.LASF27:
 1148 00c2 66726571 		.ascii	"frequencies\000"
 1148      75656E63 
 1148      69657300 
 1149              	.LASF10:
 1150 00ce 75696E74 		.ascii	"uint16\000"
 1150      313600
 1151              	.LASF37:
 1152 00d5 7069657A 		.ascii	"piezo_stop\000"
 1152      6F5F7374 
 1152      6F7000
 1153              	.LASF8:
ARM GAS  C:\Users\TINYWI~1\AppData\Local\Temp\ccHgJHYX.s 			page 24


 1154 00e0 756E7369 		.ascii	"unsigned int\000"
 1154      676E6564 
 1154      20696E74 
 1154      00
 1155              	.LASF21:
 1156 00ed 7069657A 		.ascii	"piezo_tempo\000"
 1156      6F5F7465 
 1156      6D706F00 
 1157              	.LASF7:
 1158 00f9 6C6F6E67 		.ascii	"long long unsigned int\000"
 1158      206C6F6E 
 1158      6720756E 
 1158      7369676E 
 1158      65642069 
 1159              	.LASF36:
 1160 0110 433A5C55 		.ascii	"C:\\Users\\TinyWindows\\Documents\\PSoC Creator\\pi"
 1160      73657273 
 1160      5C54696E 
 1160      7957696E 
 1160      646F7773 
 1161 013e 657A6F2D 		.ascii	"ezo-sensor\\My First Project.cydsn\000"
 1161      73656E73 
 1161      6F725C4D 
 1161      79204669 
 1161      72737420 
 1162              	.LASF14:
 1163 0160 73697A65 		.ascii	"sizetype\000"
 1163      74797065 
 1163      00
 1164              	.LASF6:
 1165 0169 6C6F6E67 		.ascii	"long long int\000"
 1165      206C6F6E 
 1165      6720696E 
 1165      7400
 1166              	.LASF13:
 1167 0177 63686172 		.ascii	"char\000"
 1167      00
 1168              	.LASF2:
 1169 017c 73686F72 		.ascii	"short int\000"
 1169      7420696E 
 1169      7400
 1170              	.LASF22:
 1171 0186 7069657A 		.ascii	"piezo_play\000"
 1171      6F5F706C 
 1171      617900
 1172              	.LASF35:
 1173 0191 2E5C7069 		.ascii	".\\piezoelectric.c\000"
 1173      657A6F65 
 1173      6C656374 
 1173      7269632E 
 1173      6300
 1174              	.LASF31:
 1175 01a3 665F636C 		.ascii	"f_clock\000"
 1175      6F636B00 
 1176              	.LASF4:
 1177 01ab 6C6F6E67 		.ascii	"long int\000"
 1177      20696E74 
ARM GAS  C:\Users\TINYWI~1\AppData\Local\Temp\ccHgJHYX.s 			page 25


 1177      00
 1178              	.LASF0:
 1179 01b4 7369676E 		.ascii	"signed char\000"
 1179      65642063 
 1179      68617200 
 1180              	.LASF16:
 1181 01c0 636F6D70 		.ascii	"compare_ticks\000"
 1181      6172655F 
 1181      7469636B 
 1181      7300
 1182              	.LASF34:
 1183 01ce 474E5520 		.ascii	"GNU C 4.8.4 20140526 (release) [ARM/embedded-4_8-br"
 1183      4320342E 
 1183      382E3420 
 1183      32303134 
 1183      30353236 
 1184 0201 616E6368 		.ascii	"anch revision 211358] -mcpu=cortex-m0 -mthumb -g -O"
 1184      20726576 
 1184      6973696F 
 1184      6E203231 
 1184      31333538 
 1185 0234 30202D66 		.ascii	"0 -ffunction-sections\000"
 1185      66756E63 
 1185      74696F6E 
 1185      2D736563 
 1185      74696F6E 
 1186              	.LASF33:
 1187 024a 63757272 		.ascii	"current_frequency\000"
 1187      656E745F 
 1187      66726571 
 1187      75656E63 
 1187      7900
 1188              		.ident	"GCC: (GNU Tools for ARM Embedded Processors) 4.8.4 20140526 (release) [ARM/embedded-4_8-br
